Log file open, 11/09/22 20:45:01
LogWindows: Failed to load 'aqProf.dll' (GetLastError=126)
LogWindows: File 'aqProf.dll' does not exist
LogWindows: Failed to load 'VtuneApi.dll' (GetLastError=126)
LogWindows: File 'VtuneApi.dll' does not exist
LogWindows: Failed to load 'VtuneApi32e.dll' (GetLastError=126)
LogWindows: File 'VtuneApi32e.dll' does not exist
LogConsoleResponse: Display: Failed to find resolution value strings in scalability ini. Falling back to default.
LogConsoleResponse: Display: Failed to find resolution value strings in scalability ini. Falling back to default.
LogInit: Display: Running engine for game: Zombie_project_inp
LogPlatformFile: Not using cached read wrapper
LogTaskGraph: Started task graph with 5 named threads and 23 total threads with 3 sets of task threads.
LogStats: Stats thread started at 0.225047
LogICUInternationalization: ICU TimeZone Detection - Raw Offset: +1:00, Platform Override: ''
LogInit: Display: Loading text-based GConfig....
LogPluginManager: Mounting plugin MeshPainting
LogPluginManager: Mounting plugin XGEController
LogPluginManager: Mounting plugin Paper2D
LogPluginManager: Mounting plugin EnvironmentQueryEditor
LogPluginManager: Mounting plugin AISupport
LogPluginManager: Mounting plugin LiveLink
LogPluginManager: Mounting plugin GameplayCameras
LogPluginManager: Mounting plugin AnimationSharing
LogPluginManager: Mounting plugin CLionSourceCodeAccess
LogPluginManager: Mounting plugin CodeLiteSourceCodeAccess
LogPluginManager: Mounting plugin GitSourceControl
LogPluginManager: Mounting plugin KDevelopSourceCodeAccess
LogPluginManager: Mounting plugin NullSourceCodeAccess
LogPluginManager: Mounting plugin PerforceSourceControl
LogPluginManager: Mounting plugin PlasticSourceControl
LogPluginManager: Mounting plugin PixWinPlugin
LogPluginManager: Mounting plugin PropertyAccessNode
LogPluginManager: Mounting plugin PluginUtils
LogPluginManager: Mounting plugin SubversionSourceControl
LogPluginManager: Mounting plugin TextureFormatOodle
LogPluginManager: Mounting plugin CameraShakePreviewer
LogPluginManager: Mounting plugin RiderSourceCodeAccess
LogPluginManager: Mounting plugin UObjectPlugin
LogPluginManager: Mounting plugin VisualStudioCodeSourceCodeAccess
LogPluginManager: Mounting plugin LightPropagationVolume
LogPluginManager: Mounting plugin VisualStudioSourceCodeAccess
LogPluginManager: Mounting plugin XCodeSourceCodeAccess
LogPluginManager: Mounting plugin AssetManagerEditor
LogPluginManager: Mounting plugin CryptoKeys
LogPluginManager: Mounting plugin CurveEditorTools
LogPluginManager: Mounting plugin DataValidation
LogPluginManager: Mounting plugin FacialAnimation
LogPluginManager: Mounting plugin GameplayTagsEditor
LogPluginManager: Mounting plugin GeometryMode
LogPluginManager: Mounting plugin MacGraphicsSwitching
LogPluginManager: Mounting plugin MaterialAnalyzer
LogPluginManager: Mounting plugin MobileLauncherProfileWizard
LogPluginManager: Mounting plugin PluginBrowser
LogPluginManager: Mounting plugin SpeedTreeImporter
LogPluginManager: Mounting plugin Niagara
LogPluginManager: Mounting plugin DatasmithContent
LogPluginManager: Mounting plugin VariantManagerContent
LogPluginManager: Mounting plugin AlembicImporter
LogPluginManager: Mounting plugin AutomationUtils
LogPluginManager: Mounting plugin BackChannel
LogPluginManager: Mounting plugin AndroidMedia
LogPluginManager: Mounting plugin ChaosCloth
LogPluginManager: Mounting plugin ChaosClothEditor
LogPluginManager: Mounting plugin ChaosEditor
LogPluginManager: Mounting plugin AvfMedia
LogPluginManager: Mounting plugin ChaosNiagara
LogPluginManager: Mounting plugin ChaosSolverPlugin
LogPluginManager: Mounting plugin CharacterAI
LogPluginManager: Mounting plugin ImgMedia
LogPluginManager: Mounting plugin MediaCompositing
LogPluginManager: Mounting plugin MediaPlayerEditor
LogPluginManager: Mounting plugin WebMMedia
LogPluginManager: Mounting plugin WmfMedia
LogPluginManager: Mounting plugin GeometryCache
LogPluginManager: Mounting plugin GeometryCollectionPlugin
LogPluginManager: Mounting plugin GeometryProcessing
LogPluginManager: Mounting plugin MotoSynth
LogPluginManager: Mounting plugin OpenImageDenoise
LogPluginManager: Mounting plugin PlanarCut
LogPluginManager: Mounting plugin TcpMessaging
LogPluginManager: Mounting plugin PlatformCrypto
LogPluginManager: Mounting plugin UdpMessaging
LogPluginManager: Mounting plugin ProxyLODPlugin
LogPluginManager: Mounting plugin PythonScriptPlugin
LogPluginManager: Mounting plugin ActorSequence
LogPluginManager: Mounting plugin LevelSequenceEditor
LogPluginManager: Mounting plugin MatineeToLevelSequence
LogPluginManager: Mounting plugin TemplateSequence
LogPluginManager: Mounting plugin SkeletalReduction
LogPluginManager: Mounting plugin OnlineSubsystem
LogPluginManager: Mounting plugin OnlineSubsystemNull
LogPluginManager: Mounting plugin LauncherChunkInstaller
LogPluginManager: Mounting plugin OnlineSubsystemUtils
LogPluginManager: Mounting plugin LuminPlatformFeatures
LogPluginManager: Mounting plugin MagicLeap
LogPluginManager: Mounting plugin MagicLeapLightEstimation
LogPluginManager: Mounting plugin MagicLeapMedia
LogPluginManager: Mounting plugin MagicLeapPassableWorld
LogPluginManager: Mounting plugin MLSDK
LogPluginManager: Mounting plugin AndroidMoviePlayer
LogPluginManager: Mounting plugin AndroidDeviceProfileSelector
LogPluginManager: Mounting plugin AndroidPermission
LogPluginManager: Mounting plugin ActorLayerUtilities
LogPluginManager: Mounting plugin AppleImageUtils
LogPluginManager: Mounting plugin AppleMoviePlayer
LogPluginManager: Mounting plugin ArchVisCharacter
LogPluginManager: Mounting plugin AssetTags
LogPluginManager: Mounting plugin AudioSynesthesia
LogPluginManager: Mounting plugin AudioCapture
LogPluginManager: Mounting plugin CableComponent
LogPluginManager: Mounting plugin ChunkDownloader
LogPluginManager: Mounting plugin CustomMeshComponent
LogPluginManager: Mounting plugin EditableMesh
LogPluginManager: Mounting plugin ExampleDeviceProfileSelector
LogPluginManager: Mounting plugin ScreenshotTools
LogPluginManager: Mounting plugin GoogleCloudMessaging
LogPluginManager: Mounting plugin GooglePAD
LogPluginManager: Mounting plugin IOSDeviceProfileSelector
LogPluginManager: Mounting plugin LinuxDeviceProfileSelector
LogPluginManager: Mounting plugin LocationServicesBPLibrary
LogPluginManager: Mounting plugin MobilePatchingUtils
LogPluginManager: Mounting plugin OpenXR
LogPluginManager: Mounting plugin OpenXREyeTracker
LogPluginManager: Mounting plugin OodleData
LogPluginManager: Mounting plugin OodleNetwork
LogPluginManager: Mounting plugin OpenXRHandTracking
LogPluginManager: Mounting plugin PhysXVehicles
LogPluginManager: Mounting plugin PostSplashScreen
LogPluginManager: Mounting plugin Takes
LogPluginManager: Mounting plugin ProceduralMeshComponent
LogPluginManager: Mounting plugin PropertyAccessEditor
LogPluginManager: Mounting plugin SignificanceManager
LogPluginManager: Mounting plugin RuntimePhysXCooking
LogPluginManager: Mounting plugin SoundFields
LogPluginManager: Mounting plugin Synthesis
LogPluginManager: Mounting plugin WebMMoviePlayer
LogPluginManager: Mounting plugin WindowsMoviePlayer
LogPluginManager: Mounting plugin ContentBrowserAssetDataSource
LogPluginManager: Mounting plugin ContentBrowserClassDataSource
LogPluginManager: Mounting plugin ContentBrowserFileDataSource
LogPluginManager: Mounting plugin OnlineSubsystemGooglePlay
LogPluginManager: Mounting plugin OnlineSubsystemIOS
LogPluginManager: Mounting plugin OculusVR
LogPluginManager: Mounting plugin SteamVR
PixWinPlugin: PIX capture plugin failed to initialize! Check that the process is launched from PIX.
LogInit: Using libcurl 7.55.1-DEV
LogInit:  - built for x86_64-pc-win32
LogInit:  - supports SSL with OpenSSL/1.1.1
LogInit:  - supports HTTP deflate (compression) using libz 1.2.8
LogInit:  - other features:
LogInit:      CURL_VERSION_SSL
LogInit:      CURL_VERSION_LIBZ
LogInit:      CURL_VERSION_IPV6
LogInit:      CURL_VERSION_ASYNCHDNS
LogInit:      CURL_VERSION_LARGEFILE
LogInit:      CURL_VERSION_IDN
LogInit:  CurlRequestOptions (configurable via config and command line):
LogInit:  - bVerifyPeer = true  - Libcurl will verify peer certificate
LogInit:  - bUseHttpProxy = false  - Libcurl will NOT use HTTP proxy
LogInit:  - bDontReuseConnections = false  - Libcurl will reuse connections
LogInit:  - MaxHostConnections = 16  - Libcurl will limit the number of connections to a host
LogInit:  - LocalHostAddr = Default
LogInit:  - BufferSize = 65536
LogOnline: OSS: Creating online subsystem instance for: NULL
LogInit: WinSock: version 1.1 (2.2), MaxSocks=32767, MaxUdp=65467
LogOnline: OSS: TryLoadSubsystemAndSetDefault: Loaded subsystem for module [NULL]
LogOculusPluginWrapper: OculusPlugin initialized successfully
LogHMD: Failed initializing OVRPlugin 1.59.0
LogInit: Build: ++UE4+Release-4.27-CL-18319896
LogInit: Engine Version: 4.27.2-18319896+++UE4+Release-4.27
LogInit: Compatible Engine Version: 4.27.0-17155196+++UE4+Release-4.27
LogInit: Net CL: 17155196
LogInit: OS: Windows 10 (Release 2009) (), CPU: 11th Gen Intel(R) Core(TM) i7-1165G7 @ 2.80GHz, GPU: Intel(R) Iris(R) Xe Graphics
LogInit: Compiled (64-bit): Nov 30 2021 07:12:08
LogInit: Compiled with Visual C++: 19.24.28315.00
LogInit: Build Configuration: Development
LogInit: Branch Name: ++UE4+Release-4.27
LogInit: Command Line: 
LogInit: Base Directory: C:/Program Files/Epic Games/UE_4.27/Engine/Binaries/Win64/
LogInit: Allocator: TBB
LogInit: Installed Engine Build: 1
LogDevObjectVersion: Number of dev versions registered: 29
LogDevObjectVersion:   Dev-Blueprints (B0D832E4-1F89-4F0D-ACCF-7EB736FD4AA2): 10
LogDevObjectVersion:   Dev-Build (E1C64328-A22C-4D53-A36C-8E866417BD8C): 0
LogDevObjectVersion:   Dev-Core (375EC13C-06E4-48FB-B500-84F0262A717E): 4
LogDevObjectVersion:   Dev-Editor (E4B068ED-F494-42E9-A231-DA0B2E46BB41): 40
LogDevObjectVersion:   Dev-Framework (CFFC743F-43B0-4480-9391-14DF171D2073): 37
LogDevObjectVersion:   Dev-Mobile (B02B49B5-BB20-44E9-A304-32B752E40360): 3
LogDevObjectVersion:   Dev-Networking (A4E4105C-59A1-49B5-A7C5-40C4547EDFEE): 0
LogDevObjectVersion:   Dev-Online (39C831C9-5AE6-47DC-9A44-9C173E1C8E7C): 0
LogDevObjectVersion:   Dev-Physics (78F01B33-EBEA-4F98-B9B4-84EACCB95AA2): 14
LogDevObjectVersion:   Dev-Platform (6631380F-2D4D-43E0-8009-CF276956A95A): 0
LogDevObjectVersion:   Dev-Rendering (12F88B9F-8875-4AFC-A67C-D90C383ABD29): 45
LogDevObjectVersion:   Dev-Sequencer (7B5AE74C-D270-4C10-A958-57980B212A5A): 13
LogDevObjectVersion:   Dev-VR (D7296918-1DD6-4BDD-9DE2-64A83CC13884): 3
LogDevObjectVersion:   Dev-LoadTimes (C2A15278-BFE7-4AFE-6C17-90FF531DF755): 1
LogDevObjectVersion:   Private-Geometry (6EACA3D4-40EC-4CC1-B786-8BED09428FC5): 3
LogDevObjectVersion:   Dev-AnimPhys (29E575DD-E0A3-4627-9D10-D276232CDCEA): 17
LogDevObjectVersion:   Dev-Anim (AF43A65D-7FD3-4947-9873-3E8ED9C1BB05): 15
LogDevObjectVersion:   Dev-ReflectionCapture (6B266CEC-1EC7-4B8F-A30B-E4D90942FC07): 1
LogDevObjectVersion:   Dev-Automation (0DF73D61-A23F-47EA-B727-89E90C41499A): 1
LogDevObjectVersion:   FortniteMain (601D1886-AC64-4F84-AA16-D3DE0DEAC7D6): 47
LogDevObjectVersion:   FortniteRelease (E7086368-6B23-4C58-8439-1B7016265E91): 1
LogDevObjectVersion:   Dev-Enterprise (9DFFBCD6-494F-0158-E221-12823C92A888): 10
LogDevObjectVersion:   Dev-Niagara (F2AED0AC-9AFE-416F-8664-AA7FFA26D6FC): 1
LogDevObjectVersion:   Dev-Destruction (174F1F0B-B4C6-45A5-B13F-2EE8D0FB917D): 10
LogDevObjectVersion:   Dev-Physics-Ext (35F94A83-E258-406C-A318-09F59610247C): 41
LogDevObjectVersion:   Dev-PhysicsMaterial-Chaos (B68FC16E-8B1B-42E2-B453-215C058844FE): 1
LogDevObjectVersion:   Dev-CineCamera (B2E18506-4273-CFC2-A54E-F4BB758BBA07): 1
LogDevObjectVersion:   Dev-VirtualProduction (64F58936-FD1B-42BA-BA96-7289D5D0FA4E): 1
LogDevObjectVersion:   Dev-MediaFramework (6F0ED827-A609-4895-9C91-998D90180EA4): 2
LogInit: Presizing for max 25165824 objects, including 0 objects not considered by GC, pre-allocating 0 bytes for permanent pool.
LogConfig: Applying CVar settings from Section [/Script/Engine.StreamingSettings] File [C:/Users/maxim/Desktop/INP/Cours/Langues/Zombie project/Zombie-project-inp/Zombie_project_inp/Saved/Config/Windows/Engine.ini]
LogConfig: Setting CVar [[s.MinBulkDataSizeForAsyncLoading:131072]]
LogConfig: Setting CVar [[s.AsyncLoadingThreadEnabled:0]]
LogConfig: Setting CVar [[s.EventDrivenLoaderEnabled:1]]
LogConfig: Setting CVar [[s.WarnIfTimeLimitExceeded:0]]
LogConfig: Setting CVar [[s.TimeLimitExceededMultiplier:1.5]]
LogConfig: Setting CVar [[s.TimeLimitExceededMinTime:0.005]]
LogConfig: Setting CVar [[s.UseBackgroundLevelStreaming:1]]
LogConfig: Setting CVar [[s.PriorityAsyncLoadingExtraTime:15.0]]
LogConfig: Setting CVar [[s.LevelStreamingActorsUpdateTimeLimit:5.0]]
LogConfig: Setting CVar [[s.PriorityLevelStreamingActorsUpdateExtraTime:5.0]]
LogConfig: Setting CVar [[s.LevelStreamingComponentsRegistrationGranularity:10]]
LogConfig: Setting CVar [[s.UnregisterComponentsTimeLimit:1.0]]
LogConfig: Setting CVar [[s.LevelStreamingComponentsUnregistrationGranularity:5]]
LogConfig: Setting CVar [[s.FlushStreamingOnExit:1]]
LogInit: Object subsystem initialized
LogConfig: Setting CVar [[con.DebugEarlyDefault:1]]
LogConfig: Setting CVar [[r.setres:1280x720]]
[2022.11.09-19.45.02:449][  0]LogConfig: Setting CVar [[r.VSync:0]]
[2022.11.09-19.45.02:449][  0]LogConfig: Setting CVar [[r.RHICmdBypass:0]]
[2022.11.09-19.45.02:449][  0]LogConfig: Applying CVar settings from Section [/Script/Engine.RendererSettings] File [C:/Users/maxim/Desktop/INP/Cours/Langues/Zombie project/Zombie-project-inp/Zombie_project_inp/Saved/Config/Windows/Engine.ini]
[2022.11.09-19.45.02:449][  0]LogConfig: Setting CVar [[r.GPUCrashDebugging:0]]
[2022.11.09-19.45.02:449][  0]LogConfig: Applying CVar settings from Section [/Script/Engine.RendererOverrideSettings] File [C:/Users/maxim/Desktop/INP/Cours/Langues/Zombie project/Zombie-project-inp/Zombie_project_inp/Saved/Config/Windows/Engine.ini]
[2022.11.09-19.45.02:449][  0]LogConfig: Applying CVar settings from Section [/Script/Engine.StreamingSettings] File [C:/Users/maxim/Desktop/INP/Cours/Langues/Zombie project/Zombie-project-inp/Zombie_project_inp/Saved/Config/Windows/Engine.ini]
[2022.11.09-19.45.02:449][  0]LogConfig: Setting CVar [[s.MinBulkDataSizeForAsyncLoading:131072]]
[2022.11.09-19.45.02:449][  0]LogConfig: Setting CVar [[s.AsyncLoadingThreadEnabled:0]]
[2022.11.09-19.45.02:449][  0]LogConfig: Setting CVar [[s.EventDrivenLoaderEnabled:1]]
[2022.11.09-19.45.02:449][  0]LogConfig: Setting CVar [[s.WarnIfTimeLimitExceeded:0]]
[2022.11.09-19.45.02:449][  0]LogConfig: Setting CVar [[s.TimeLimitExceededMultiplier:1.5]]
[2022.11.09-19.45.02:449][  0]LogConfig: Setting CVar [[s.TimeLimitExceededMinTime:0.005]]
[2022.11.09-19.45.02:449][  0]LogConfig: Setting CVar [[s.UseBackgroundLevelStreaming:1]]
[2022.11.09-19.45.02:449][  0]LogConfig: Setting CVar [[s.PriorityAsyncLoadingExtraTime:15.0]]
[2022.11.09-19.45.02:449][  0]LogConfig: Setting CVar [[s.LevelStreamingActorsUpdateTimeLimit:5.0]]
[2022.11.09-19.45.02:449][  0]LogConfig: Setting CVar [[s.PriorityLevelStreamingActorsUpdateExtraTime:5.0]]
[2022.11.09-19.45.02:449][  0]LogConfig: Setting CVar [[s.LevelStreamingComponentsRegistrationGranularity:10]]
[2022.11.09-19.45.02:449][  0]LogConfig: Setting CVar [[s.UnregisterComponentsTimeLimit:1.0]]
[2022.11.09-19.45.02:449][  0]LogConfig: Setting CVar [[s.LevelStreamingComponentsUnregistrationGranularity:5]]
[2022.11.09-19.45.02:449][  0]LogConfig: Setting CVar [[s.FlushStreamingOnExit:1]]
[2022.11.09-19.45.02:449][  0]LogConfig: Applying CVar settings from Section [/Script/Engine.GarbageCollectionSettings] File [C:/Users/maxim/Desktop/INP/Cours/Langues/Zombie project/Zombie-project-inp/Zombie_project_inp/Saved/Config/Windows/Engine.ini]
[2022.11.09-19.45.02:449][  0]LogConfig: Setting CVar [[gc.MaxObjectsNotConsideredByGC:1]]
[2022.11.09-19.45.02:449][  0]LogConfig: Setting CVar [[gc.SizeOfPermanentObjectPool:0]]
[2022.11.09-19.45.02:449][  0]LogConfig: Setting CVar [[gc.FlushStreamingOnGC:0]]
[2022.11.09-19.45.02:449][  0]LogConfig: Setting CVar [[gc.NumRetriesBeforeForcingGC:10]]
[2022.11.09-19.45.02:449][  0]LogConfig: Setting CVar [[gc.AllowParallelGC:1]]
[2022.11.09-19.45.02:449][  0]LogConfig: Setting CVar [[gc.TimeBetweenPurgingPendingKillObjects:61.1]]
[2022.11.09-19.45.02:449][  0]LogConfig: Setting CVar [[gc.MaxObjectsInEditor:25165824]]
[2022.11.09-19.45.02:449][  0]LogConfig: Setting CVar [[gc.IncrementalBeginDestroyEnabled:1]]
[2022.11.09-19.45.02:449][  0]LogConfig: Setting CVar [[gc.CreateGCClusters:1]]
[2022.11.09-19.45.02:449][  0]LogConfig: Setting CVar [[gc.MinGCClusterSize:5]]
[2022.11.09-19.45.02:449][  0]LogConfig: Setting CVar [[gc.ActorClusteringEnabled:0]]
[2022.11.09-19.45.02:449][  0]LogConfig: Setting CVar [[gc.BlueprintClusteringEnabled:0]]
[2022.11.09-19.45.02:449][  0]LogConfig: Setting CVar [[gc.UseDisregardForGCOnDedicatedServers:0]]
[2022.11.09-19.45.02:449][  0]LogConfig: Setting CVar [[gc.MultithreadedDestructionEnabled:1]]
[2022.11.09-19.45.02:449][  0]LogConfig: Applying CVar settings from Section [/Script/Engine.NetworkSettings] File [C:/Users/maxim/Desktop/INP/Cours/Langues/Zombie project/Zombie-project-inp/Zombie_project_inp/Saved/Config/Windows/Engine.ini]
[2022.11.09-19.45.02:449][  0]LogConfig: Applying CVar settings from Section [/Script/UnrealEd.CookerSettings] File [C:/Users/maxim/Desktop/INP/Cours/Langues/Zombie project/Zombie-project-inp/Zombie_project_inp/Saved/Config/Windows/Engine.ini]
[2022.11.09-19.45.02:452][  0]LogConfig: Applying CVar settings from Section [ViewDistanceQuality@3] File [C:/Users/maxim/Desktop/INP/Cours/Langues/Zombie project/Zombie-project-inp/Zombie_project_inp/Saved/Config/Windows/Scalability.ini]
[2022.11.09-19.45.02:453][  0]LogConfig: Setting CVar [[r.SkeletalMeshLODBias:0]]
[2022.11.09-19.45.02:453][  0]LogConfig: Setting CVar [[r.ViewDistanceScale:1.0]]
[2022.11.09-19.45.02:453][  0]LogConfig: Applying CVar settings from Section [AntiAliasingQuality@3] File [C:/Users/maxim/Desktop/INP/Cours/Langues/Zombie project/Zombie-project-inp/Zombie_project_inp/Saved/Config/Windows/Scalability.ini]
[2022.11.09-19.45.02:453][  0]LogConfig: Setting CVar [[r.PostProcessAAQuality:4]]
[2022.11.09-19.45.02:453][  0]LogConfig: Applying CVar settings from Section [ShadowQuality@3] File [C:/Users/maxim/Desktop/INP/Cours/Langues/Zombie project/Zombie-project-inp/Zombie_project_inp/Saved/Config/Windows/Scalability.ini]
[2022.11.09-19.45.02:453][  0]LogConfig: Setting CVar [[r.LightFunctionQuality:1]]
[2022.11.09-19.45.02:453][  0]LogConfig: Setting CVar [[r.ShadowQuality:5]]
[2022.11.09-19.45.02:453][  0]LogConfig: Setting CVar [[r.Shadow.CSM.MaxCascades:10]]
[2022.11.09-19.45.02:453][  0]LogConfig: Setting CVar [[r.Shadow.MaxResolution:2048]]
[2022.11.09-19.45.02:453][  0]LogConfig: Setting CVar [[r.Shadow.MaxCSMResolution:2048]]
[2022.11.09-19.45.02:453][  0]LogConfig: Setting CVar [[r.Shadow.RadiusThreshold:0.01]]
[2022.11.09-19.45.02:453][  0]LogConfig: Setting CVar [[r.Shadow.DistanceScale:1.0]]
[2022.11.09-19.45.02:453][  0]LogConfig: Setting CVar [[r.Shadow.CSM.TransitionScale:1.0]]
[2022.11.09-19.45.02:453][  0]LogConfig: Setting CVar [[r.Shadow.PreShadowResolutionFactor:1.0]]
[2022.11.09-19.45.02:453][  0]LogConfig: Setting CVar [[r.DistanceFieldShadowing:1]]
[2022.11.09-19.45.02:453][  0]LogConfig: Setting CVar [[r.DistanceFieldAO:1]]
[2022.11.09-19.45.02:453][  0]LogConfig: Setting CVar [[r.AOQuality:2]]
[2022.11.09-19.45.02:453][  0]LogConfig: Setting CVar [[r.VolumetricFog:1]]
[2022.11.09-19.45.02:453][  0]LogConfig: Setting CVar [[r.VolumetricFog.GridPixelSize:8]]
[2022.11.09-19.45.02:453][  0]LogConfig: Setting CVar [[r.VolumetricFog.GridSizeZ:128]]
[2022.11.09-19.45.02:453][  0]LogConfig: Setting CVar [[r.VolumetricFog.HistoryMissSupersampleCount:4]]
[2022.11.09-19.45.02:453][  0]LogConfig: Setting CVar [[r.LightMaxDrawDistanceScale:1]]
[2022.11.09-19.45.02:453][  0]LogConfig: Setting CVar [[r.CapsuleShadows:1]]
[2022.11.09-19.45.02:453][  0]LogConfig: Applying CVar settings from Section [PostProcessQuality@3] File [C:/Users/maxim/Desktop/INP/Cours/Langues/Zombie project/Zombie-project-inp/Zombie_project_inp/Saved/Config/Windows/Scalability.ini]
[2022.11.09-19.45.02:453][  0]LogConfig: Setting CVar [[r.MotionBlurQuality:4]]
[2022.11.09-19.45.02:453][  0]LogConfig: Setting CVar [[r.AmbientOcclusionMipLevelFactor:0.4]]
[2022.11.09-19.45.02:453][  0]LogConfig: Setting CVar [[r.AmbientOcclusionMaxQuality:100]]
[2022.11.09-19.45.02:453][  0]LogConfig: Setting CVar [[r.AmbientOcclusionLevels:-1]]
[2022.11.09-19.45.02:453][  0]LogConfig: Setting CVar [[r.AmbientOcclusionRadiusScale:1.0]]
[2022.11.09-19.45.02:453][  0]LogConfig: Setting CVar [[r.DepthOfFieldQuality:2]]
[2022.11.09-19.45.02:453][  0]LogConfig: Setting CVar [[r.RenderTargetPoolMin:400]]
[2022.11.09-19.45.02:453][  0]LogConfig: Setting CVar [[r.LensFlareQuality:2]]
[2022.11.09-19.45.02:453][  0]LogConfig: Setting CVar [[r.SceneColorFringeQuality:1]]
[2022.11.09-19.45.02:453][  0]LogConfig: Setting CVar [[r.EyeAdaptationQuality:2]]
[2022.11.09-19.45.02:453][  0]LogConfig: Setting CVar [[r.BloomQuality:5]]
[2022.11.09-19.45.02:453][  0]LogConfig: Setting CVar [[r.FastBlurThreshold:100]]
[2022.11.09-19.45.02:453][  0]LogConfig: Setting CVar [[r.Upscale.Quality:3]]
[2022.11.09-19.45.02:453][  0]LogConfig: Setting CVar [[r.Tonemapper.GrainQuantization:1]]
[2022.11.09-19.45.02:453][  0]LogConfig: Setting CVar [[r.LightShaftQuality:1]]
[2022.11.09-19.45.02:453][  0]LogConfig: Setting CVar [[r.Filter.SizeScale:1]]
[2022.11.09-19.45.02:453][  0]LogConfig: Setting CVar [[r.Tonemapper.Quality:5]]
[2022.11.09-19.45.02:453][  0]LogConfig: Setting CVar [[r.DOF.Gather.AccumulatorQuality:1        ; higher gathering accumulator quality]]
[2022.11.09-19.45.02:453][  0]LogConfig: Setting CVar [[r.DOF.Gather.PostfilterMethod:1          ; Median3x3 postfilering method]]
[2022.11.09-19.45.02:453][  0]LogConfig: Setting CVar [[r.DOF.Gather.EnableBokehSettings:0       ; no bokeh simulation when gathering]]
[2022.11.09-19.45.02:453][  0]LogConfig: Setting CVar [[r.DOF.Gather.RingCount:4                 ; medium number of samples when gathering]]
[2022.11.09-19.45.02:453][  0]LogConfig: Setting CVar [[r.DOF.Scatter.ForegroundCompositing:1    ; additive foreground scattering]]
[2022.11.09-19.45.02:453][  0]LogConfig: Setting CVar [[r.DOF.Scatter.BackgroundCompositing:2    ; additive background scattering]]
[2022.11.09-19.45.02:453][  0]LogConfig: Setting CVar [[r.DOF.Scatter.EnableBokehSettings:1      ; bokeh simulation when scattering]]
[2022.11.09-19.45.02:453][  0]LogConfig: Setting CVar [[r.DOF.Scatter.MaxSpriteRatio:0.1         ; only a maximum of 10% of scattered bokeh]]
[2022.11.09-19.45.02:453][  0]LogConfig: Setting CVar [[r.DOF.Recombine.Quality:1                ; cheap slight out of focus]]
[2022.11.09-19.45.02:453][  0]LogConfig: Setting CVar [[r.DOF.Recombine.EnableBokehSettings:0    ; no bokeh simulation on slight out of focus]]
[2022.11.09-19.45.02:453][  0]LogConfig: Setting CVar [[r.DOF.TemporalAAQuality:1                ; more stable temporal accumulation]]
[2022.11.09-19.45.02:453][  0]LogConfig: Setting CVar [[r.DOF.Kernel.MaxForegroundRadius:0.025]]
[2022.11.09-19.45.02:453][  0]LogConfig: Setting CVar [[r.DOF.Kernel.MaxBackgroundRadius:0.025]]
[2022.11.09-19.45.02:453][  0]LogConfig: Applying CVar settings from Section [TextureQuality@3] File [C:/Users/maxim/Desktop/INP/Cours/Langues/Zombie project/Zombie-project-inp/Zombie_project_inp/Saved/Config/Windows/Scalability.ini]
[2022.11.09-19.45.02:453][  0]LogConfig: Setting CVar [[r.Streaming.MipBias:0]]
[2022.11.09-19.45.02:453][  0]LogConfig: Setting CVar [[r.Streaming.AmortizeCPUToGPUCopy:0]]
[2022.11.09-19.45.02:453][  0]LogConfig: Setting CVar [[r.Streaming.MaxNumTexturesToStreamPerFrame:0]]
[2022.11.09-19.45.02:453][  0]LogConfig: Setting CVar [[r.Streaming.Boost:1]]
[2022.11.09-19.45.02:453][  0]LogConfig: Setting CVar [[r.MaxAnisotropy:8]]
[2022.11.09-19.45.02:453][  0]LogConfig: Setting CVar [[r.VT.MaxAnisotropy:8]]
[2022.11.09-19.45.02:453][  0]LogConfig: Setting CVar [[r.Streaming.LimitPoolSizeToVRAM:0]]
[2022.11.09-19.45.02:453][  0]LogConfig: Setting CVar [[r.Streaming.PoolSize:1000]]
[2022.11.09-19.45.02:453][  0]LogConfig: Setting CVar [[r.Streaming.MaxEffectiveScreenSize:0]]
[2022.11.09-19.45.02:453][  0]LogConfig: Applying CVar settings from Section [EffectsQuality@3] File [C:/Users/maxim/Desktop/INP/Cours/Langues/Zombie project/Zombie-project-inp/Zombie_project_inp/Saved/Config/Windows/Scalability.ini]
[2022.11.09-19.45.02:453][  0]LogConfig: Setting CVar [[r.TranslucencyLightingVolumeDim:64]]
[2022.11.09-19.45.02:453][  0]LogConfig: Setting CVar [[r.RefractionQuality:2]]
[2022.11.09-19.45.02:453][  0]LogConfig: Setting CVar [[r.SSR.Quality:3]]
[2022.11.09-19.45.02:453][  0]LogConfig: Setting CVar [[r.SSR.HalfResSceneColor:0]]
[2022.11.09-19.45.02:453][  0]LogConfig: Setting CVar [[r.SceneColorFormat:4]]
[2022.11.09-19.45.02:453][  0]LogConfig: Setting CVar [[r.DetailMode:2]]
[2022.11.09-19.45.02:453][  0]LogConfig: Setting CVar [[r.TranslucencyVolumeBlur:1]]
[2022.11.09-19.45.02:453][  0]LogConfig: Setting CVar [[r.MaterialQualityLevel:1 ; High quality]]
[2022.11.09-19.45.02:453][  0]LogConfig: Setting CVar [[r.AnisotropicMaterials:1]]
[2022.11.09-19.45.02:453][  0]LogConfig: Setting CVar [[r.SSS.Scale:1]]
[2022.11.09-19.45.02:453][  0]LogConfig: Setting CVar [[r.SSS.SampleSet:2]]
[2022.11.09-19.45.02:454][  0]LogConfig: Setting CVar [[r.SSS.Quality:1]]
[2022.11.09-19.45.02:454][  0]LogConfig: Setting CVar [[r.SSS.HalfRes:0]]
[2022.11.09-19.45.02:454][  0]LogConfig: Setting CVar [[r.SSGI.Quality:3]]
[2022.11.09-19.45.02:454][  0]LogConfig: Setting CVar [[r.EmitterSpawnRateScale:1.0]]
[2022.11.09-19.45.02:454][  0]LogConfig: Setting CVar [[r.ParticleLightQuality:2]]
[2022.11.09-19.45.02:454][  0]LogConfig: Setting CVar [[r.SkyAtmosphere.AerialPerspectiveLUT.FastApplyOnOpaque:1 ; Always have FastSkyLUT 1 in this case to avoid wrong sky]]
[2022.11.09-19.45.02:454][  0]LogConfig: Setting CVar [[r.SkyAtmosphere.AerialPerspectiveLUT.SampleCountMaxPerSlice:4]]
[2022.11.09-19.45.02:454][  0]LogConfig: Setting CVar [[r.SkyAtmosphere.AerialPerspectiveLUT.DepthResolution:16.0]]
[2022.11.09-19.45.02:454][  0]LogConfig: Setting CVar [[r.SkyAtmosphere.FastSkyLUT:1]]
[2022.11.09-19.45.02:454][  0]LogConfig: Setting CVar [[r.SkyAtmosphere.FastSkyLUT.SampleCountMin:4.0]]
[2022.11.09-19.45.02:454][  0]LogConfig: Setting CVar [[r.SkyAtmosphere.FastSkyLUT.SampleCountMax:128.0]]
[2022.11.09-19.45.02:454][  0]LogConfig: Setting CVar [[r.SkyAtmosphere.SampleCountMin:4.0]]
[2022.11.09-19.45.02:454][  0]LogConfig: Setting CVar [[r.SkyAtmosphere.SampleCountMax:128.0]]
[2022.11.09-19.45.02:454][  0]LogConfig: Setting CVar [[r.SkyAtmosphere.TransmittanceLUT.UseSmallFormat:0]]
[2022.11.09-19.45.02:454][  0]LogConfig: Setting CVar [[r.SkyAtmosphere.TransmittanceLUT.SampleCount:10.0]]
[2022.11.09-19.45.02:454][  0]LogConfig: Setting CVar [[r.SkyAtmosphere.MultiScatteringLUT.SampleCount:15.0]]
[2022.11.09-19.45.02:454][  0]LogConfig: Setting CVar [[r.SkyLight.RealTimeReflectionCapture:1]]
[2022.11.09-19.45.02:454][  0]LogConfig: Applying CVar settings from Section [FoliageQuality@3] File [C:/Users/maxim/Desktop/INP/Cours/Langues/Zombie project/Zombie-project-inp/Zombie_project_inp/Saved/Config/Windows/Scalability.ini]
[2022.11.09-19.45.02:454][  0]LogConfig: Setting CVar [[foliage.DensityScale:1.0]]
[2022.11.09-19.45.02:454][  0]LogConfig: Setting CVar [[grass.DensityScale:1.0]]
[2022.11.09-19.45.02:454][  0]LogConfig: Applying CVar settings from Section [ShadingQuality@3] File [C:/Users/maxim/Desktop/INP/Cours/Langues/Zombie project/Zombie-project-inp/Zombie_project_inp/Saved/Config/Windows/Scalability.ini]
[2022.11.09-19.45.02:454][  0]LogConfig: Setting CVar [[r.HairStrands.SkyLighting.IntegrationType:2]]
[2022.11.09-19.45.02:454][  0]LogConfig: Setting CVar [[r.HairStrands.SkyAO.SampleCount:4]]
[2022.11.09-19.45.02:454][  0]LogConfig: Setting CVar [[r.HairStrands.Visibility.MSAA.SamplePerPixel:4]]
[2022.11.09-19.45.02:454][  0]LogInit: Selected Device Profile: [Windows]
[2022.11.09-19.45.02:454][  0]LogInit: Applying CVar settings loaded from the selected device profile: [Windows]
[2022.11.09-19.45.02:454][  0]LogHAL: Display: Platform has ~ 8 GB [8362713088 / 8589934592 / 8], which maps to Default [LargestMinGB=32, LargerMinGB=12, DefaultMinGB=8, SmallerMinGB=6, SmallestMinGB=0)
[2022.11.09-19.45.02:454][  0]LogInit: Going up to parent DeviceProfile []
[2022.11.09-19.45.02:454][  0]LogConfig: Applying CVar settings from Section [ViewDistanceQuality@3] File [C:/Users/maxim/Desktop/INP/Cours/Langues/Zombie project/Zombie-project-inp/Zombie_project_inp/Saved/Config/Windows/Scalability.ini]
[2022.11.09-19.45.02:454][  0]LogConfig: Setting CVar [[r.SkeletalMeshLODBias:0]]
[2022.11.09-19.45.02:454][  0]LogConfig: Setting CVar [[r.ViewDistanceScale:1.0]]
[2022.11.09-19.45.02:454][  0]LogConfig: Applying CVar settings from Section [AntiAliasingQuality@3] File [C:/Users/maxim/Desktop/INP/Cours/Langues/Zombie project/Zombie-project-inp/Zombie_project_inp/Saved/Config/Windows/Scalability.ini]
[2022.11.09-19.45.02:454][  0]LogConfig: Setting CVar [[r.PostProcessAAQuality:4]]
[2022.11.09-19.45.02:454][  0]LogConfig: Applying CVar settings from Section [ShadowQuality@3] File [C:/Users/maxim/Desktop/INP/Cours/Langues/Zombie project/Zombie-project-inp/Zombie_project_inp/Saved/Config/Windows/Scalability.ini]
[2022.11.09-19.45.02:454][  0]LogConfig: Setting CVar [[r.LightFunctionQuality:1]]
[2022.11.09-19.45.02:454][  0]LogConfig: Setting CVar [[r.ShadowQuality:5]]
[2022.11.09-19.45.02:454][  0]LogConfig: Setting CVar [[r.Shadow.CSM.MaxCascades:10]]
[2022.11.09-19.45.02:454][  0]LogConfig: Setting CVar [[r.Shadow.MaxResolution:2048]]
[2022.11.09-19.45.02:454][  0]LogConfig: Setting CVar [[r.Shadow.MaxCSMResolution:2048]]
[2022.11.09-19.45.02:454][  0]LogConfig: Setting CVar [[r.Shadow.RadiusThreshold:0.01]]
[2022.11.09-19.45.02:454][  0]LogConfig: Setting CVar [[r.Shadow.DistanceScale:1.0]]
[2022.11.09-19.45.02:454][  0]LogConfig: Setting CVar [[r.Shadow.CSM.TransitionScale:1.0]]
[2022.11.09-19.45.02:454][  0]LogConfig: Setting CVar [[r.Shadow.PreShadowResolutionFactor:1.0]]
[2022.11.09-19.45.02:454][  0]LogConfig: Setting CVar [[r.DistanceFieldShadowing:1]]
[2022.11.09-19.45.02:454][  0]LogConfig: Setting CVar [[r.DistanceFieldAO:1]]
[2022.11.09-19.45.02:454][  0]LogConfig: Setting CVar [[r.AOQuality:2]]
[2022.11.09-19.45.02:454][  0]LogConfig: Setting CVar [[r.VolumetricFog:1]]
[2022.11.09-19.45.02:454][  0]LogConfig: Setting CVar [[r.VolumetricFog.GridPixelSize:8]]
[2022.11.09-19.45.02:454][  0]LogConfig: Setting CVar [[r.VolumetricFog.GridSizeZ:128]]
[2022.11.09-19.45.02:454][  0]LogConfig: Setting CVar [[r.VolumetricFog.HistoryMissSupersampleCount:4]]
[2022.11.09-19.45.02:454][  0]LogConfig: Setting CVar [[r.LightMaxDrawDistanceScale:1]]
[2022.11.09-19.45.02:454][  0]LogConfig: Setting CVar [[r.CapsuleShadows:1]]
[2022.11.09-19.45.02:454][  0]LogConfig: Applying CVar settings from Section [PostProcessQuality@3] File [C:/Users/maxim/Desktop/INP/Cours/Langues/Zombie project/Zombie-project-inp/Zombie_project_inp/Saved/Config/Windows/Scalability.ini]
[2022.11.09-19.45.02:454][  0]LogConfig: Setting CVar [[r.MotionBlurQuality:4]]
[2022.11.09-19.45.02:454][  0]LogConfig: Setting CVar [[r.AmbientOcclusionMipLevelFactor:0.4]]
[2022.11.09-19.45.02:454][  0]LogConfig: Setting CVar [[r.AmbientOcclusionMaxQuality:100]]
[2022.11.09-19.45.02:454][  0]LogConfig: Setting CVar [[r.AmbientOcclusionLevels:-1]]
[2022.11.09-19.45.02:454][  0]LogConfig: Setting CVar [[r.AmbientOcclusionRadiusScale:1.0]]
[2022.11.09-19.45.02:454][  0]LogConfig: Setting CVar [[r.DepthOfFieldQuality:2]]
[2022.11.09-19.45.02:454][  0]LogConfig: Setting CVar [[r.RenderTargetPoolMin:400]]
[2022.11.09-19.45.02:454][  0]LogConfig: Setting CVar [[r.LensFlareQuality:2]]
[2022.11.09-19.45.02:454][  0]LogConfig: Setting CVar [[r.SceneColorFringeQuality:1]]
[2022.11.09-19.45.02:454][  0]LogConfig: Setting CVar [[r.EyeAdaptationQuality:2]]
[2022.11.09-19.45.02:454][  0]LogConfig: Setting CVar [[r.BloomQuality:5]]
[2022.11.09-19.45.02:454][  0]LogConfig: Setting CVar [[r.FastBlurThreshold:100]]
[2022.11.09-19.45.02:454][  0]LogConfig: Setting CVar [[r.Upscale.Quality:3]]
[2022.11.09-19.45.02:454][  0]LogConfig: Setting CVar [[r.Tonemapper.GrainQuantization:1]]
[2022.11.09-19.45.02:454][  0]LogConfig: Setting CVar [[r.LightShaftQuality:1]]
[2022.11.09-19.45.02:454][  0]LogConfig: Setting CVar [[r.Filter.SizeScale:1]]
[2022.11.09-19.45.02:454][  0]LogConfig: Setting CVar [[r.Tonemapper.Quality:5]]
[2022.11.09-19.45.02:454][  0]LogConfig: Setting CVar [[r.DOF.Gather.AccumulatorQuality:1        ; higher gathering accumulator quality]]
[2022.11.09-19.45.02:455][  0]LogConfig: Setting CVar [[r.DOF.Gather.PostfilterMethod:1          ; Median3x3 postfilering method]]
[2022.11.09-19.45.02:455][  0]LogConfig: Setting CVar [[r.DOF.Gather.EnableBokehSettings:0       ; no bokeh simulation when gathering]]
[2022.11.09-19.45.02:455][  0]LogConfig: Setting CVar [[r.DOF.Gather.RingCount:4                 ; medium number of samples when gathering]]
[2022.11.09-19.45.02:455][  0]LogConfig: Setting CVar [[r.DOF.Scatter.ForegroundCompositing:1    ; additive foreground scattering]]
[2022.11.09-19.45.02:455][  0]LogConfig: Setting CVar [[r.DOF.Scatter.BackgroundCompositing:2    ; additive background scattering]]
[2022.11.09-19.45.02:455][  0]LogConfig: Setting CVar [[r.DOF.Scatter.EnableBokehSettings:1      ; bokeh simulation when scattering]]
[2022.11.09-19.45.02:455][  0]LogConfig: Setting CVar [[r.DOF.Scatter.MaxSpriteRatio:0.1         ; only a maximum of 10% of scattered bokeh]]
[2022.11.09-19.45.02:455][  0]LogConfig: Setting CVar [[r.DOF.Recombine.Quality:1                ; cheap slight out of focus]]
[2022.11.09-19.45.02:455][  0]LogConfig: Setting CVar [[r.DOF.Recombine.EnableBokehSettings:0    ; no bokeh simulation on slight out of focus]]
[2022.11.09-19.45.02:455][  0]LogConfig: Setting CVar [[r.DOF.TemporalAAQuality:1                ; more stable temporal accumulation]]
[2022.11.09-19.45.02:455][  0]LogConfig: Setting CVar [[r.DOF.Kernel.MaxForegroundRadius:0.025]]
[2022.11.09-19.45.02:455][  0]LogConfig: Setting CVar [[r.DOF.Kernel.MaxBackgroundRadius:0.025]]
[2022.11.09-19.45.02:455][  0]LogConfig: Applying CVar settings from Section [TextureQuality@3] File [C:/Users/maxim/Desktop/INP/Cours/Langues/Zombie project/Zombie-project-inp/Zombie_project_inp/Saved/Config/Windows/Scalability.ini]
[2022.11.09-19.45.02:455][  0]LogConfig: Setting CVar [[r.Streaming.MipBias:0]]
[2022.11.09-19.45.02:455][  0]LogConfig: Setting CVar [[r.Streaming.AmortizeCPUToGPUCopy:0]]
[2022.11.09-19.45.02:455][  0]LogConfig: Setting CVar [[r.Streaming.MaxNumTexturesToStreamPerFrame:0]]
[2022.11.09-19.45.02:455][  0]LogConfig: Setting CVar [[r.Streaming.Boost:1]]
[2022.11.09-19.45.02:455][  0]LogConfig: Setting CVar [[r.MaxAnisotropy:8]]
[2022.11.09-19.45.02:455][  0]LogConfig: Setting CVar [[r.VT.MaxAnisotropy:8]]
[2022.11.09-19.45.02:455][  0]LogConfig: Setting CVar [[r.Streaming.LimitPoolSizeToVRAM:0]]
[2022.11.09-19.45.02:455][  0]LogConfig: Setting CVar [[r.Streaming.PoolSize:1000]]
[2022.11.09-19.45.02:455][  0]LogConfig: Setting CVar [[r.Streaming.MaxEffectiveScreenSize:0]]
[2022.11.09-19.45.02:455][  0]LogConfig: Applying CVar settings from Section [EffectsQuality@3] File [C:/Users/maxim/Desktop/INP/Cours/Langues/Zombie project/Zombie-project-inp/Zombie_project_inp/Saved/Config/Windows/Scalability.ini]
[2022.11.09-19.45.02:455][  0]LogConfig: Setting CVar [[r.TranslucencyLightingVolumeDim:64]]
[2022.11.09-19.45.02:455][  0]LogConfig: Setting CVar [[r.RefractionQuality:2]]
[2022.11.09-19.45.02:455][  0]LogConfig: Setting CVar [[r.SSR.Quality:3]]
[2022.11.09-19.45.02:455][  0]LogConfig: Setting CVar [[r.SSR.HalfResSceneColor:0]]
[2022.11.09-19.45.02:455][  0]LogConfig: Setting CVar [[r.SceneColorFormat:4]]
[2022.11.09-19.45.02:455][  0]LogConfig: Setting CVar [[r.DetailMode:2]]
[2022.11.09-19.45.02:455][  0]LogConfig: Setting CVar [[r.TranslucencyVolumeBlur:1]]
[2022.11.09-19.45.02:455][  0]LogConfig: Setting CVar [[r.MaterialQualityLevel:1 ; High quality]]
[2022.11.09-19.45.02:455][  0]LogConfig: Setting CVar [[r.AnisotropicMaterials:1]]
[2022.11.09-19.45.02:455][  0]LogConfig: Setting CVar [[r.SSS.Scale:1]]
[2022.11.09-19.45.02:455][  0]LogConfig: Setting CVar [[r.SSS.SampleSet:2]]
[2022.11.09-19.45.02:455][  0]LogConfig: Setting CVar [[r.SSS.Quality:1]]
[2022.11.09-19.45.02:455][  0]LogConfig: Setting CVar [[r.SSS.HalfRes:0]]
[2022.11.09-19.45.02:455][  0]LogConfig: Setting CVar [[r.SSGI.Quality:3]]
[2022.11.09-19.45.02:455][  0]LogConfig: Setting CVar [[r.EmitterSpawnRateScale:1.0]]
[2022.11.09-19.45.02:455][  0]LogConfig: Setting CVar [[r.ParticleLightQuality:2]]
[2022.11.09-19.45.02:455][  0]LogConfig: Setting CVar [[r.SkyAtmosphere.AerialPerspectiveLUT.FastApplyOnOpaque:1 ; Always have FastSkyLUT 1 in this case to avoid wrong sky]]
[2022.11.09-19.45.02:455][  0]LogConfig: Setting CVar [[r.SkyAtmosphere.AerialPerspectiveLUT.SampleCountMaxPerSlice:4]]
[2022.11.09-19.45.02:455][  0]LogConfig: Setting CVar [[r.SkyAtmosphere.AerialPerspectiveLUT.DepthResolution:16.0]]
[2022.11.09-19.45.02:455][  0]LogConfig: Setting CVar [[r.SkyAtmosphere.FastSkyLUT:1]]
[2022.11.09-19.45.02:455][  0]LogConfig: Setting CVar [[r.SkyAtmosphere.FastSkyLUT.SampleCountMin:4.0]]
[2022.11.09-19.45.02:455][  0]LogConfig: Setting CVar [[r.SkyAtmosphere.FastSkyLUT.SampleCountMax:128.0]]
[2022.11.09-19.45.02:455][  0]LogConfig: Setting CVar [[r.SkyAtmosphere.SampleCountMin:4.0]]
[2022.11.09-19.45.02:455][  0]LogConfig: Setting CVar [[r.SkyAtmosphere.SampleCountMax:128.0]]
[2022.11.09-19.45.02:455][  0]LogConfig: Setting CVar [[r.SkyAtmosphere.TransmittanceLUT.UseSmallFormat:0]]
[2022.11.09-19.45.02:455][  0]LogConfig: Setting CVar [[r.SkyAtmosphere.TransmittanceLUT.SampleCount:10.0]]
[2022.11.09-19.45.02:455][  0]LogConfig: Setting CVar [[r.SkyAtmosphere.MultiScatteringLUT.SampleCount:15.0]]
[2022.11.09-19.45.02:455][  0]LogConfig: Setting CVar [[r.SkyLight.RealTimeReflectionCapture:1]]
[2022.11.09-19.45.02:455][  0]LogConfig: Applying CVar settings from Section [FoliageQuality@3] File [C:/Users/maxim/Desktop/INP/Cours/Langues/Zombie project/Zombie-project-inp/Zombie_project_inp/Saved/Config/Windows/Scalability.ini]
[2022.11.09-19.45.02:455][  0]LogConfig: Setting CVar [[foliage.DensityScale:1.0]]
[2022.11.09-19.45.02:455][  0]LogConfig: Setting CVar [[grass.DensityScale:1.0]]
[2022.11.09-19.45.02:455][  0]LogConfig: Applying CVar settings from Section [ShadingQuality@3] File [C:/Users/maxim/Desktop/INP/Cours/Langues/Zombie project/Zombie-project-inp/Zombie_project_inp/Saved/Config/Windows/Scalability.ini]
[2022.11.09-19.45.02:455][  0]LogConfig: Setting CVar [[r.HairStrands.SkyLighting.IntegrationType:2]]
[2022.11.09-19.45.02:455][  0]LogConfig: Setting CVar [[r.HairStrands.SkyAO.SampleCount:4]]
[2022.11.09-19.45.02:455][  0]LogConfig: Setting CVar [[r.HairStrands.Visibility.MSAA.SamplePerPixel:4]]
[2022.11.09-19.45.02:455][  0]LogConfig: Applying CVar settings from Section [Startup] File [../../../Engine/Config/ConsoleVariables.ini]
[2022.11.09-19.45.02:455][  0]LogConfig: Setting CVar [[net.UseAdaptiveNetUpdateFrequency:0]]
[2022.11.09-19.45.02:455][  0]LogConfig: Setting CVar [[p.chaos.AllowCreatePhysxBodies:1]]
[2022.11.09-19.45.02:455][  0]LogConfig: Setting CVar [[fx.SkipVectorVMBackendOptimizations:1]]
[2022.11.09-19.45.02:455][  0]LogConfig: Applying CVar settings from Section [ConsoleVariables] File [C:/Users/maxim/Desktop/INP/Cours/Langues/Zombie project/Zombie-project-inp/Zombie_project_inp/Saved/Config/Windows/Engine.ini]
[2022.11.09-19.45.02:455][  0]LogConfig: Applying CVar settings from Section [ConsoleVariables] File [C:/Users/maxim/Desktop/INP/Cours/Langues/Zombie project/Zombie-project-inp/Zombie_project_inp/Saved/Config/Windows/Editor.ini]
[2022.11.09-19.45.02:455][  0]LogInit: Computer: LAPTOP-95FRR7PE
[2022.11.09-19.45.02:455][  0]LogInit: User: maxim
[2022.11.09-19.45.02:455][  0]LogInit: CPU Page size=4096, Cores=4
[2022.11.09-19.45.02:455][  0]LogInit: High frequency timer resolution =10.000000 MHz
[2022.11.09-19.45.02:455][  0]LogMemory: Memory total: Physical=7.8GB (8GB approx)
[2022.11.09-19.45.02:455][  0]LogMemory: Platform Memory Stats for Windows
[2022.11.09-19.45.02:455][  0]LogMemory: Process Physical Memory: 145.95 MB used, 145.95 MB peak
[2022.11.09-19.45.02:455][  0]LogMemory: Process Virtual Memory: 124.75 MB used, 124.75 MB peak
[2022.11.09-19.45.02:455][  0]LogMemory: Physical Memory: 6963.28 MB used,  1012.03 MB free, 7975.30 MB total
[2022.11.09-19.45.02:455][  0]LogMemory: Virtual Memory: 134211920.00 MB used,  5805.86 MB free, 134217728.00 MB total
[2022.11.09-19.45.02:460][  0]LogWindows: WindowsPlatformFeatures enabled
[2022.11.09-19.45.02:484][  0]LogInit: Physics initialised using underlying interface: PhysX
[2022.11.09-19.45.02:484][  0]LogInit: Using OS detected language (fr-FR).
[2022.11.09-19.45.02:485][  0]LogInit: Using OS detected locale (fr-FR).
[2022.11.09-19.45.02:490][  0]LogTextLocalizationManager: No specific localization for 'fr-FR' exists, so the 'fr' localization will be used.
[2022.11.09-19.45.02:490][  0]LogTextLocalizationResource: LocRes '../../../Engine/Content/Localization/Editor/fr/Editor.locres' could not be opened for reading!
[2022.11.09-19.45.02:490][  0]LogTextLocalizationResource: LocRes '../../../Engine/Content/Localization/EditorTutorials/fr/EditorTutorials.locres' could not be opened for reading!
[2022.11.09-19.45.02:490][  0]LogTextLocalizationResource: LocRes '../../../Engine/Content/Localization/Keywords/fr/Keywords.locres' could not be opened for reading!
[2022.11.09-19.45.02:490][  0]LogTextLocalizationResource: LocRes '../../../Engine/Content/Localization/Category/fr/Category.locres' could not be opened for reading!
[2022.11.09-19.45.02:490][  0]LogTextLocalizationResource: LocRes '../../../Engine/Content/Localization/ToolTips/fr/ToolTips.locres' could not be opened for reading!
[2022.11.09-19.45.02:490][  0]LogTextLocalizationResource: LocRes '../../../Engine/Content/Localization/PropertyNames/fr/PropertyNames.locres' could not be opened for reading!
[2022.11.09-19.45.02:490][  0]LogTextLocalizationResource: LocRes '../../../Engine/Content/Localization/Engine/fr/Engine.locres' could not be opened for reading!
[2022.11.09-19.45.02:491][  0]LogInit: Setting process to per monitor DPI aware
[2022.11.09-19.45.02:504][  0]LogWindowsTextInputMethodSystem: Display: IME system deactivated.
[2022.11.09-19.45.02:517][  0]LogSlate: New Slate User Created.  User Index 0, Is Virtual User: 0
[2022.11.09-19.45.02:517][  0]LogSlate: Slate User Registered.  User Index 0, Is Virtual User: 0
[2022.11.09-19.45.02:623][  0]LogD3D11RHI: Loaded GFSDK_Aftermath_Lib.x64.dll
[2022.11.09-19.45.02:628][  0]LogHMD: Failed to initialize OpenVR with code 110
[2022.11.09-19.45.02:628][  0]LogD3D11RHI: D3D11 min allowed feature level: 11_0
[2022.11.09-19.45.02:628][  0]LogD3D11RHI: D3D11 max allowed feature level: 11_0
[2022.11.09-19.45.02:628][  0]LogD3D11RHI: D3D11 adapters:
[2022.11.09-19.45.02:812][  0]LogD3D11RHI:    0. 'Intel(R) Iris(R) Xe Graphics' (Feature Level 11_0)
[2022.11.09-19.45.02:812][  0]LogD3D11RHI:       128/0/3987 MB DedicatedVideo/DedicatedSystem/SharedSystem, Outputs:1, VendorId:0x8086
[2022.11.09-19.45.02:814][  0]LogD3D11RHI:    1. 'Microsoft Basic Render Driver' (Feature Level 11_0)
[2022.11.09-19.45.02:814][  0]LogD3D11RHI:       0/0/3987 MB DedicatedVideo/DedicatedSystem/SharedSystem, Outputs:0, VendorId:0x1414
[2022.11.09-19.45.02:814][  0]LogD3D11RHI: Chosen D3D11 Adapter:
[2022.11.09-19.45.02:814][  0]LogD3D11RHI:     Description : Intel(R) Iris(R) Xe Graphics
[2022.11.09-19.45.02:814][  0]LogD3D11RHI:     VendorId    : 8086
[2022.11.09-19.45.02:814][  0]LogD3D11RHI:     DeviceId    : 9a49
[2022.11.09-19.45.02:814][  0]LogD3D11RHI:     SubSysId    : 3f9c17aa
[2022.11.09-19.45.02:814][  0]LogD3D11RHI:     Revision    : 0001
[2022.11.09-19.45.02:814][  0]LogD3D11RHI:     DedicatedVideoMemory : 134217728 bytes
[2022.11.09-19.45.02:814][  0]LogD3D11RHI:     DedicatedSystemMemory : 0 bytes
[2022.11.09-19.45.02:814][  0]LogD3D11RHI:     SharedSystemMemory : 4181356544 bytes
[2022.11.09-19.45.02:814][  0]LogD3D11RHI:     AdapterLuid : 0 57068
[2022.11.09-19.45.02:822][  0]LogD3D11RHI: Creating new Direct3DDevice
[2022.11.09-19.45.02:822][  0]LogD3D11RHI:     GPU DeviceId: 0x9a49 (for the marketing name, search the web for "GPU Device Id")
[2022.11.09-19.45.02:822][  0]LogWindows: EnumDisplayDevices:
[2022.11.09-19.45.02:822][  0]LogWindows:    0. 'Intel(R) Iris(R) Xe Graphics' (P:1 D:1)
[2022.11.09-19.45.02:822][  0]LogWindows:    1. 'Intel(R) Iris(R) Xe Graphics' (P:0 D:0)
[2022.11.09-19.45.02:823][  0]LogWindows:    2. 'Intel(R) Iris(R) Xe Graphics' (P:0 D:0)
[2022.11.09-19.45.02:823][  0]LogWindows:    3. 'Intel(R) Iris(R) Xe Graphics' (P:0 D:0)
[2022.11.09-19.45.02:823][  0]LogWindows: DebugString: FoundDriverCount:4 
[2022.11.09-19.45.02:823][  0]LogD3D11RHI:     Adapter Name: Intel(R) Iris(R) Xe Graphics
[2022.11.09-19.45.02:823][  0]LogD3D11RHI:   Driver Version: 30.0.101.1692 (internal:30.0.101.1692, unified:30.0.101.1692)
[2022.11.09-19.45.02:823][  0]LogD3D11RHI:      Driver Date: 4-11-2022
[2022.11.09-19.45.02:823][  0]LogRHI: Texture pool is 1485 MB (70% of 2121 MB)
[2022.11.09-19.45.02:829][  0]LogD3D11RHI: Creating D3DDevice using adapter:
[2022.11.09-19.45.02:829][  0]LogD3D11RHI:     Description : Intel(R) Iris(R) Xe Graphics
[2022.11.09-19.45.02:829][  0]LogD3D11RHI:     VendorId    : 8086
[2022.11.09-19.45.02:829][  0]LogD3D11RHI:     DeviceId    : 9a49
[2022.11.09-19.45.02:829][  0]LogD3D11RHI:     SubSysId    : 3f9c17aa
[2022.11.09-19.45.02:829][  0]LogD3D11RHI:     Revision    : 0001
[2022.11.09-19.45.02:829][  0]LogD3D11RHI:     DedicatedVideoMemory : 134217728 bytes
[2022.11.09-19.45.02:829][  0]LogD3D11RHI:     DedicatedSystemMemory : 0 bytes
[2022.11.09-19.45.02:829][  0]LogD3D11RHI:     SharedSystemMemory : 4181356544 bytes
[2022.11.09-19.45.02:829][  0]LogD3D11RHI:     AdapterLuid : 0 57068
[2022.11.09-19.45.02:978][  0]LogD3D11RHI: RHI does not have support for 64 bit atomics
[2022.11.09-19.45.03:008][  0]LogD3D11RHI: Intel Extensions support version Full=16777216, Major=1, Minor=0, Revision=0
[2022.11.09-19.45.03:009][  0]LogD3D11RHI: Intel Extensions support version Full=16777217, Major=1, Minor=0, Revision=1
[2022.11.09-19.45.03:009][  0]LogD3D11RHI: Intel Extensions Framework enabled
[2022.11.09-19.45.03:009][  0]LogD3D11RHI: [IntelMetricsDiscovery] Started
[2022.11.09-19.45.03:009][  0]LogD3D11RHI: Async texture creation enabled
[2022.11.09-19.45.03:009][  0]LogD3D11RHI: Array index from any shader is supported
[2022.11.09-19.45.03:033][  0]LogD3D11RHI: GPU Timing Frequency: 19.200000 (Debug: 2 0)
[2022.11.09-19.45.03:370][  0]LogTargetPlatformManager: Display: Loaded TargetPlatform 'AllDesktop'
[2022.11.09-19.45.03:387][  0]LogTargetPlatformManager: Display: Loaded TargetPlatform 'Android'
[2022.11.09-19.45.03:387][  0]LogTargetPlatformManager: Display: Loaded TargetPlatform 'Android_ASTC'
[2022.11.09-19.45.03:387][  0]LogTargetPlatformManager: Display: Loaded TargetPlatform 'Android_DXT'
[2022.11.09-19.45.03:387][  0]LogTargetPlatformManager: Display: Loaded TargetPlatform 'Android_ETC2'
[2022.11.09-19.45.03:387][  0]LogTargetPlatformManager: Display: Loaded TargetPlatform 'AndroidClient'
[2022.11.09-19.45.03:387][  0]LogTargetPlatformManager: Display: Loaded TargetPlatform 'Android_ASTCClient'
[2022.11.09-19.45.03:387][  0]LogTargetPlatformManager: Display: Loaded TargetPlatform 'Android_DXTClient'
[2022.11.09-19.45.03:387][  0]LogTargetPlatformManager: Display: Loaded TargetPlatform 'Android_ETC2Client'
[2022.11.09-19.45.03:387][  0]LogTargetPlatformManager: Display: Loaded TargetPlatform 'Android_Multi'
[2022.11.09-19.45.03:387][  0]LogTargetPlatformManager: Display: Loaded TargetPlatform 'Android_MultiClient'
[2022.11.09-19.45.03:404][  0]LogTargetPlatformManager: Display: Loaded TargetPlatform 'IOSClient'
[2022.11.09-19.45.03:404][  0]LogTargetPlatformManager: Display: Loaded TargetPlatform 'IOS'
[2022.11.09-19.45.03:412][  0]LogTargetPlatformManager: Display: Loaded TargetPlatform 'Linux'
[2022.11.09-19.45.03:416][  0]LogTargetPlatformManager: Display: Loaded TargetPlatform 'LinuxNoEditor'
[2022.11.09-19.45.03:420][  0]LogTargetPlatformManager: Display: Loaded TargetPlatform 'LinuxClient'
[2022.11.09-19.45.03:424][  0]LogTargetPlatformManager: Display: Loaded TargetPlatform 'LinuxServer'
[2022.11.09-19.45.03:436][  0]LogTargetPlatformManager: Display: Loaded TargetPlatform 'LinuxAArch64NoEditor'
[2022.11.09-19.45.03:440][  0]LogTargetPlatformManager: Display: Loaded TargetPlatform 'LinuxAArch64Client'
[2022.11.09-19.45.03:445][  0]LogTargetPlatformManager: Display: Loaded TargetPlatform 'LinuxAArch64Server'
[2022.11.09-19.45.03:463][  0]LogTargetPlatformManager: Display: Loaded TargetPlatform 'Lumin'
[2022.11.09-19.45.03:463][  0]LogTargetPlatformManager: Display: Loaded TargetPlatform 'LuminClient'
[2022.11.09-19.45.03:470][  0]LogTargetPlatformManager: Display: Loaded TargetPlatform 'MacNoEditor'
[2022.11.09-19.45.03:473][  0]LogTargetPlatformManager: Display: Loaded TargetPlatform 'Mac'
[2022.11.09-19.45.03:477][  0]LogTargetPlatformManager: Display: Loaded TargetPlatform 'MacClient'
[2022.11.09-19.45.03:480][  0]LogTargetPlatformManager: Display: Loaded TargetPlatform 'MacServer'
[2022.11.09-19.45.03:490][  0]LogTargetPlatformManager: Display: Loaded TargetPlatform 'TVOSClient'
[2022.11.09-19.45.03:490][  0]LogTargetPlatformManager: Display: Loaded TargetPlatform 'TVOS'
[2022.11.09-19.45.03:499][  0]LogTargetPlatformManager: Display: Loaded TargetPlatform 'WindowsNoEditor'
[2022.11.09-19.45.03:503][  0]LogTargetPlatformManager: Display: Loaded TargetPlatform 'Windows'
[2022.11.09-19.45.03:507][  0]LogTargetPlatformManager: Display: Loaded TargetPlatform 'WindowsClient'
[2022.11.09-19.45.03:511][  0]LogTargetPlatformManager: Display: Loaded TargetPlatform 'WindowsServer'
[2022.11.09-19.45.03:511][  0]LogTargetPlatformManager: Display: Building Assets For Windows
[2022.11.09-19.45.03:518][  0]LogAudioDebug: Display: Lib vorbis DLL was dynamically loaded.
[2022.11.09-19.45.03:551][  0]LogTextureFormatOodle: Display: Oodle Texture 2.9.0 init RDO Off
[2022.11.09-19.45.03:578][  0]LogRendererCore: Ray tracing is disabled. Reason: r.RayTracing=0.
[2022.11.09-19.45.03:578][  0]LogShaderCompilers: Guid format shader working directory is -63 characters bigger than the processId version (../../../../../../Users/maxim/Desktop/INP/Cours/Langues/Zombie project/Zombie-project-inp/Zombie_project_inp/Intermediate/Shaders/WorkingDirectory/21700/).
[2022.11.09-19.45.03:579][  0]LogShaderCompilers: Cleaned the shader compiler working directory 'C:/Users/maxim/AppData/Local/Temp/UnrealShaderWorkingDir/61895D344C7E707AA850198E00D2BEEE/'.
[2022.11.09-19.45.03:579][  0]LogXGEController: Cannot use XGE Controller as Incredibuild is not installed on this machine.
[2022.11.09-19.45.03:579][  0]LogShaderCompilers: Cannot use XGE Shader Compiler as Incredibuild is not installed on this machine.
[2022.11.09-19.45.03:579][  0]LogShaderCompilers: Display: Using Local Shader Compiler.
[2022.11.09-19.45.04:184][  0]LogDerivedDataCache: Display: Max Cache Size: 512 MB
[2022.11.09-19.45.04:247][  0]LogDerivedDataCache: Loaded boot cache 0.06s 94MB C:/Users/maxim/AppData/Local/UnrealEngine/4.27/DerivedDataCache/Boot.ddc.
[2022.11.09-19.45.04:247][  0]LogDerivedDataCache: Display: Loaded Boot cache: C:/Users/maxim/AppData/Local/UnrealEngine/4.27/DerivedDataCache/Boot.ddc
[2022.11.09-19.45.04:247][  0]LogDerivedDataCache: FDerivedDataBackendGraph:  Pak pak cache file ../../../../../../Users/maxim/Desktop/INP/Cours/Langues/Zombie project/Zombie-project-inp/Zombie_project_inp/DerivedDataCache/DDC.ddp not found, will not use a pak cache.
[2022.11.09-19.45.04:247][  0]LogDerivedDataCache: Unable to find inner node Pak for hierarchical cache Hierarchy.
[2022.11.09-19.45.04:247][  0]LogDerivedDataCache: FDerivedDataBackendGraph:  CompressedPak pak cache file ../../../../../../Users/maxim/Desktop/INP/Cours/Langues/Zombie project/Zombie-project-inp/Zombie_project_inp/DerivedDataCache/Compressed.ddp not found, will not use a pak cache.
[2022.11.09-19.45.04:247][  0]LogDerivedDataCache: Unable to find inner node CompressedPak for hierarchical cache Hierarchy.
[2022.11.09-19.45.04:265][  0]LogDerivedDataCache: Display: Pak cache opened for reading ../../../Engine/DerivedDataCache/Compressed.ddp.
[2022.11.09-19.45.04:266][  0]LogDerivedDataCache: FDerivedDataBackendGraph:  EnterprisePak pak cache file ../../../Enterprise/DerivedDataCache/Compressed.ddp not found, will not use a pak cache.
[2022.11.09-19.45.04:266][  0]LogDerivedDataCache: Unable to find inner node EnterprisePak for hierarchical cache Hierarchy.
[2022.11.09-19.45.04:272][  0]LogDerivedDataCache: Speed tests for C:/Users/maxim/AppData/Local/UnrealEngine/Common/DerivedDataCache took 0.01 seconds
[2022.11.09-19.45.04:272][  0]LogDerivedDataCache: Display: Performance to C:/Users/maxim/AppData/Local/UnrealEngine/Common/DerivedDataCache: Latency=0.02ms. RandomReadSpeed=1623.34MBs, RandomWriteSpeed=166.46MBs. Assigned SpeedClass 'Local'
[2022.11.09-19.45.04:273][  0]LogDerivedDataCache: Using Local data cache path C:/Users/maxim/AppData/Local/UnrealEngine/Common/DerivedDataCache: Writable
[2022.11.09-19.45.04:273][  0]LogDerivedDataCache: Shared data cache path not found in *engine.ini, will not use an Shared cache.
[2022.11.09-19.45.04:273][  0]LogDerivedDataCache: Unable to find inner node Shared for hierarchical cache Hierarchy.
[2022.11.09-19.45.04:310][  0]LogSlate: Using FreeType 2.10.0
[2022.11.09-19.45.04:310][  0]LogSlate: SlateFontServices - WITH_FREETYPE: 1, WITH_HARFBUZZ: 1
[2022.11.09-19.45.04:335][  0]LogAssetRegistry: FAssetRegistry took 0.0025 seconds to start up
[2022.11.09-19.45.04:535][  0]LogInit: Selected Device Profile: [Windows]
[2022.11.09-19.45.04:535][  0]LogInit: Active device profile: [0000025E51757B00][0000025E51CBC940 49] Windows
[2022.11.09-19.45.04:535][  0]LogInit: Profiles: [0000025E51757B00][0000025E51CBC940 49] Windows, [0000025E516FC500][0000025E51FC0C00 49] WindowsNoEditor, [0000025E51754500][0000025E51FCCEC0 49] WindowsServer, [0000025E516FF700][0000025E51CC1140 49] WindowsClient, [0000025E51757600][0000025E4432D3C0 49] IOS, [0000025E516FCA00][0000025E44335680 49] iPadAir, [0000025E51754900][0000025E44373940 49] iPadAir2, [0000025E516AC700][0000025E4B05E300 49] IPadPro, [0000025E516AC800][0000025E44376340 49] iPadAir3, [0000025E51757300][0000025E4B056600 49] iPadAir4, [0000025E516AFC00][0000025E4B0528C0 49] iPadMini2, [0000025E51754C00][0000025E4B05AB80 49] iPadMini3, [0000025E516AD600][0000025E4AFE2E40 49] iPadMini4, [0000025E51756C00][0000025E4AFE7100 49] iPadMini5, [0000025E51677F00][0000025E4B6995C0 49] iPhone6, [0000025E51677E00][0000025E44331600 49] iPodTouch6, [0000025E516FEA00][0000025E51E31B40 49] iPhone7, [0000025E516FF300][0000025E4B695B80 49] iPodTouch7, [0000025E51674A00][0000025E51E282C0 49] iPhone5S, [0000025E516FEB00][0000025E4B690580 49] iPhone6Plus, [0000025E51677200][0000025E51E2C840 49] iPhone6S, [0000025E516FF800][0000025E51E5EB00 49] iPhone6SPlus, [0000025E51675000][0000025E51E62DC0 49] iPhone7Plus, [0000025E516FCC00][0000025E51F81080 49] iPhoneSE, [0000025E51676D00][0000025E51F8F340 49] iPhone8, [0000025E516FD100][0000025E4B68D5C0 49] iPhone8Plus, [0000025E51675500][0000025E520E9880 49] iPhoneX, [0000025E516FE000][0000025E520EDB40 49] iPhoneXS, [0000025E51676800][0000025E520F0280 49] iPhoneXSMax, [0000025E516FD300][0000025E520F4540 49] iPhoneXR, [0000025E51675A00][0000025E520F8800 49] iPhone11, [0000025E516FDE00][0000025E52280AC0 49] iPhone11Pro, [0000025E51674B00][0000025E44338D80 49] iPhone11ProMax, [0000025E516FD700][0000025E44347040 49] iPhoneSE2, [0000025E51674C00][0000025E4436F300 49] iPhone12Mini, [0000025E516FF100][0000025E51F93580 49] iPhone12, [0000025E51674900][0000025E4B029800 49] iPhone12Pro, [0000025E516FD900][0000025E4B045AC0 49] iPhone12ProMax, [0000025E51675E00][0000025E4B048200 49] iPadPro105, [0000025E516FE700][0000025E4B04C4C0 49] iPadPro129, [0000025E51676200][0000025E4AFDC780 49] iPadPro97, [0000025E516FC400][0000025E52334A40 49] iPadPro2_129, [0000025E51674700][0000025E52338D00 49] iPad5, [0000025E516FD000][0000025E52380FC0 49] iPad6, [0000025E51674D00][0000025E52385280 49] iPad7, [0000025E516FE200][0000025E52389540 49] iPad8, [0000025E51676300][0000025E4B02D7C0 49] iPadPro11, [0000025E516FF900][0000025E523C3A40 49] iPadPro2_11, [0000025E51674500][0000025E523CA180 49] iPadPro3_129, [0000025E516FD800][0000025E523CE440 49] iPadPro4_129, [0000025E51677000][0000025E523D2700 49] AppleTV, [0000025E516FCD00][0000025E523D69C0 49] AppleTV4K, [0000025E51675800][0000025E523B8C80 49] TVOS, [0000025E516FE300][0000025E5233CF40 49] Mac, [0000025E51677C00][0000025E523E7200 49] MacClient, [0000025E516FCF00][0000025E523EB4C0 49] MacNoEditor, [0000025E51674E00][0000025E51F65780 49] MacServer, [0000025E516FE600][0000025E523C7A00 49] Linux, [0000025E51676700][0000025E51F68100 49] LinuxAArch64, [0000025E516FC200][0000025E51E403C0 49] LinuxNoEditor, [0000025E51674800][0000025E51E3C680 49] LinuxAArch64NoEditor, [0000025E516FE900][0000025E51E38940 49] LinuxClient, [0000025E51677400][0000025E51E34C00 49] LinuxAArch64Client, [0000025E516FE100][0000025E4B6D8EC0 49] LinuxServer, [0000025E51677600][0000025E51FC5180 49] LinuxAArch64Server, [0000025E516FEF00][0000025E51FC9440 49] Android, [0000025E51677300][0000025E51F6D700 49] Android_Low, [0000025E516FFD00][0000025E51F719C0 49] Android_Mid, [0000025E51942200][0000025E51E480C0 49] Android_High, [0000025E51757E00][0000025E51F74340 49] Android_Default, [0000025E51941100][0000025E51F7C600 49] Android_Adreno4xx, [0000025E51755D00][0000025E4B6B28C0 49] Android_Adreno5xx_Low, [0000025E51940100][0000025E4B6B6B80 49] Android_Adreno5xx, [0000025E51755400][0000025E4B6BAE40 49] Android_Adreno6xx, [0000025E51941F00][0000025E4B6BF100 49] Android_Adreno6xx_Vulkan, [0000025E51754B00][0000025E4B6C33C0 49] Android_Mali_T6xx, [0000025E51940D00][0000025E4B6C7680 49] Android_Mali_T7xx, [0000025E51754400][0000025E4B6CB940 49] Android_Mali_T8xx, [0000025E51941200][0000025E4B6CFC00 49] Android_Mali_G71, [0000025E51755000][0000025E51F78300 49] Android_Mali_G72, [0000025E51942300][0000025E4B6D2580 49] Android_Mali_G72_Vulkan, [0000025E51754300][0000025E52344840 49] Android_Mali_G76, [0000025E51940A00][0000025E52348B00 49] Android_Mali_G76_Vulkan, [0000025E51757D00][0000025E5234CDC0 49] Android_Mali_G77, [0000025E51941600][0000025E52351080 49] Android_Mali_G77_Vulkan, [0000025E51754A00][0000025E52355340 49] Android_Mali_G78, [0000025E51942400][0000025E52359600 49] Android_Mali_G78_Vulkan, [0000025E51755F00][0000025E5235D8C0 49] Android_Mali_G710, [0000025E51677100][0000025E52361B80 49] Android_Mali_G710_Vulkan, [0000025E51757400][0000025E523642C0 49] Android_Vulkan_SM5, [0000025E51675C00][0000025E52340540 49] Android_PowerVR_G6xxx, [0000025E51756B00][0000025E523687C0 49] Android_PowerVR_GT7xxx, [0000025E51677900][0000025E52370A80 49] Android_PowerVR_GE8xxx, [0000025E51756F00][0000025E52374D40 49] Android_PowerVR_GM9xxx, [0000025E51675200][0000025E52379000 49] Android_PowerVR_GM9xxx_Vulkan, [0000025E51757800][0000025E5237D2C0 49] Android_TegraK1, [0000025E51675100][0000025E52285580 49] Android_Unknown_Vulkan, [0000025E51756E00][0000025E52289840 49] Lumin, [0000025E51676100][0000025E5228DB00 49] Lumin_Desktop, [0000025E51755700][0000025E52290240 49] HoloLens, 
[2022.11.09-19.45.04:655][  0]LogMeshReduction: Using QuadricMeshReduction for automatic static mesh reduction
[2022.11.09-19.45.04:655][  0]LogMeshReduction: Using SimplygonMeshReduction for automatic skeletal mesh reduction
[2022.11.09-19.45.04:655][  0]LogMeshReduction: Using ProxyLODMeshReduction for automatic mesh merging
[2022.11.09-19.45.04:655][  0]LogMeshReduction: No distributed automatic mesh merging module available
[2022.11.09-19.45.04:655][  0]LogMeshMerging: No distributed automatic mesh merging module available
[2022.11.09-19.45.04:666][  0]LogNetVersion: Zombie_project_inp 1.0.0, NetCL: 17155196, EngineNetVer: 17, GameNetVer: 0 (Checksum: 341139965)
[2022.11.09-19.45.05:003][  0]LogTexture: Default maximum texture size for cubemaps generated from long-lat sources has been changed from 512 to unlimited. In order to preserve old behaiour for '/Engine/MapTemplates/Sky/DaylightAmbientCubemap.DaylightAmbientCubemap', its maximum texture size has been explicitly set to 512.
[2022.11.09-19.45.05:075][  0]LogHMD: PokeAHoleMaterial loaded successfully
[2022.11.09-19.45.05:080][  0]LogUObjectArray: 17178 objects as part of root set at end of initial load.
[2022.11.09-19.45.05:080][  0]LogUObjectAllocator: 4302048 out of 0 bytes used by permanent object pool.
[2022.11.09-19.45.05:080][  0]LogUObjectArray: CloseDisregardForGC: 0/0 objects in disregard for GC pool
[2022.11.09-19.45.05:385][  0]LogNiagaraDebuggerClient: Niagara Debugger Client Initialized | Session: 14E34A16429081E4E3A43E930F457EFF | Instance: D2290AA6480B53AEFF20A690991A7D46 (LAPTOP-95FRR7PE-21700).
[2022.11.09-19.45.05:425][  0]LogTcpMessaging: Initializing TcpMessaging bridge
[2022.11.09-19.45.05:429][  0]LogUdpMessaging: Initializing bridge on interface 0.0.0.0:0 to multicast group 230.0.0.1:6666.
[2022.11.09-19.45.05:440][  0]LogPython: Using Python 3.7.7
[2022.11.09-19.45.06:058][  0]SourceControl: Source control is disabled
[2022.11.09-19.45.06:058][  0]SourceControl: Source control is disabled
[2022.11.09-19.45.06:061][  0]SourceControl: Source control is disabled
[2022.11.09-19.45.06:064][  0]SourceControl: Source control is disabled
[2022.11.09-19.45.06:070][  0]SourceControl: Source control is disabled
[2022.11.09-19.45.06:080][  0]LogUProjectInfo: Found projects:
[2022.11.09-19.45.06:288][  0]LogOpenImageDenoise: OIDN starting up
[2022.11.09-19.45.06:304][  0]LogAndroidPermission: UAndroidPermissionCallbackProxy::GetInstance
[2022.11.09-19.45.06:335][  0]LogAudioCaptureCore: Display: No Audio Capture implementations found. Audio input will be silent.
[2022.11.09-19.45.06:335][  0]LogAudioCaptureCore: Display: No Audio Capture implementations found. Audio input will be silent.
[2022.11.09-19.45.06:444][  0]LogCollectionManager: Loaded 0 collections in 0.002018 seconds
[2022.11.09-19.45.06:463][  0]LogFileCache: Scanning file cache for directory 'C:/Users/maxim/Desktop/INP/Cours/Langues/Zombie project/Zombie-project-inp/Zombie_project_inp/Saved/Collections/' took 0.00s
[2022.11.09-19.45.06:463][  0]LogFileCache: Scanning file cache for directory 'C:/Users/maxim/Desktop/INP/Cours/Langues/Zombie project/Zombie-project-inp/Zombie_project_inp/Content/Developers/maxim/Collections/' took 0.00s
[2022.11.09-19.45.06:463][  0]LogFileCache: Scanning file cache for directory 'C:/Users/maxim/Desktop/INP/Cours/Langues/Zombie project/Zombie-project-inp/Zombie_project_inp/Content/Collections/' took 0.00s
[2022.11.09-19.45.06:463][  0]LogOcInput: OculusInput pre-init called
[2022.11.09-19.45.06:682][  0]LogEngine: Initializing Engine...
[2022.11.09-19.45.06:701][  0]LogHMD: Failed to enumerate extensions. Please check that you have a valid OpenXR runtime installed.
[2022.11.09-19.45.06:702][  0]LogHMD: Failed to initialize OpenVR with code 110
[2022.11.09-19.45.06:702][  0]LogMagicLeap: Warning: VR disabled because ZI is not enabled.  To enable, in the editor, Edit -> Project Settings -> Plugins -> Magic Leap Plugin -> Enable Zero Iteration
[2022.11.09-19.45.06:703][  0]LogStats: UGameplayTagsManager::InitializeManager -  0.000 s
[2022.11.09-19.45.06:803][  0]LogInit: Initializing FReadOnlyCVARCache
[2022.11.09-19.45.06:814][  0]LogAIModule: Creating AISystem for world Untitled
[2022.11.09-19.45.06:818][  0]LogAudio: Display: Initializing Audio Device Manager...
[2022.11.09-19.45.06:822][  0]LogAudio: Display: Loading Default Audio Settings Objects...
[2022.11.09-19.45.06:823][  0]LogAudio: Display: No default SoundConcurrencyObject specified (or failed to load).
[2022.11.09-19.45.06:824][  0]LogAudio: Display: Audio Device Manager Initialized
[2022.11.09-19.45.06:824][  0]LogAudio: Display: Creating Audio Device:                 Id: 1, Scope: Shared, Realtime: True
[2022.11.09-19.45.06:824][  0]LogAudioMixer: Display: Audio Mixer Platform Settings:
[2022.11.09-19.45.06:824][  0]LogAudioMixer: Display: 	Sample Rate:						  48000
[2022.11.09-19.45.06:824][  0]LogAudioMixer: Display: 	Callback Buffer Frame Size Requested: 1024
[2022.11.09-19.45.06:824][  0]LogAudioMixer: Display: 	Callback Buffer Frame Size To Use:	  1024
[2022.11.09-19.45.06:824][  0]LogAudioMixer: Display: 	Number of buffers to queue:			  2
[2022.11.09-19.45.06:824][  0]LogAudioMixer: Display: 	Max Channels (voices):				  32
[2022.11.09-19.45.06:824][  0]LogAudioMixer: Display: 	Number of Async Source Workers:		  0
[2022.11.09-19.45.06:824][  0]LogAudio: Display: AudioDevice MaxSources: 32
[2022.11.09-19.45.06:824][  0]LogAudio: Display: Audio Spatialization Plugin: None (built-in).
[2022.11.09-19.45.06:824][  0]LogAudio: Display: Audio Reverb Plugin: None (built-in).
[2022.11.09-19.45.06:824][  0]LogAudio: Display: Audio Occlusion Plugin: None (built-in).
[2022.11.09-19.45.06:824][  0]LogAudioMixer: Display: Initializing audio mixer.
[2022.11.09-19.45.06:834][  0]LogAudioMixer: Display: 0: FrontLeft
[2022.11.09-19.45.06:834][  0]LogAudioMixer: Display: 1: FrontRight
[2022.11.09-19.45.07:038][  0]LogAudioMixer: Display: Using Audio Device Haut-parleurs (Realtek(R) Audio)
[2022.11.09-19.45.07:042][  0]LogAudioMixer: Display: Initializing Sound Submixes...
[2022.11.09-19.45.07:046][  0]LogAudioMixer: Display: Creating Master Submix 'MasterSubmixDefault'
[2022.11.09-19.45.07:046][  0]LogAudioMixer: Display: Creating Master Submix 'MasterReverbSubmixDefault'
[2022.11.09-19.45.07:046][  0]LogAudioMixer: Display: Creating Master Submix 'MasterEQSubmixDefault'
[2022.11.09-19.45.07:046][  0]LogAudioMixer: FMixerPlatformXAudio2::StartAudioStream() called
[2022.11.09-19.45.07:046][  0]LogAudioMixer: Display: Output buffers initialized: Frames=1024, Channels=2, Samples=2048
[2022.11.09-19.45.07:048][  0]LogAudioMixer: Display: Starting AudioMixerPlatformInterface::RunInternal()
[2022.11.09-19.45.07:048][  0]LogAudioMixer: Display: FMixerPlatformXAudio2::SubmitBuffer() called for the first time
[2022.11.09-19.45.07:048][  0]LogInit: FAudioDevice initialized.
[2022.11.09-19.45.07:048][  0]LogAudio: Display: Audio Device (ID: 1) registered with world 'Untitled'.
[2022.11.09-19.45.07:048][  0]LogNetVersion: Set ProjectVersion to 1.0.0.0. Version Checksum will be recalculated on next use.
[2022.11.09-19.45.07:107][  0]LogDerivedDataCache: Saved boot cache 0.06s 94MB C:/Users/maxim/AppData/Local/UnrealEngine/4.27/DerivedDataCache/Boot.ddc.
[2022.11.09-19.45.07:108][  0]LogInit: Texture streaming: Enabled
[2022.11.09-19.45.07:121][  0]LogAnalytics: Display: [UEEditor.Rocket.Release] APIServer = https://datarouter.ol.epicgames.com/. AppVersion = 4.27.2-18319896+++UE4+Release-4.27
[2022.11.09-19.45.07:126][  0]LogEngineSessionManager: EngineSessionManager initialized
[2022.11.09-19.45.07:126][  0]LogEditorSessionSummary: Verbose: Initializing EditorSessionSummaryWriter for editor session tracking
[2022.11.09-19.45.07:133][  0]LogEditorSessionSummary: EditorSessionSummaryWriter initialized
[2022.11.09-19.45.07:164][  0]LogInit: Transaction tracking system initialized
[2022.11.09-19.45.07:187][  0]BlueprintLog: New page: Editor Load
[2022.11.09-19.45.07:252][  0]LocalizationService: Localization service is disabled
[2022.11.09-19.45.07:279][  0]TimingProfiler: Initialize
[2022.11.09-19.45.07:279][  0]TimingProfiler: OnSessionChanged
[2022.11.09-19.45.07:279][  0]LoadingProfiler: Initialize
[2022.11.09-19.45.07:279][  0]LoadingProfiler: OnSessionChanged
[2022.11.09-19.45.07:279][  0]NetworkingProfiler: Initialize
[2022.11.09-19.45.07:279][  0]NetworkingProfiler: OnSessionChanged
[2022.11.09-19.45.07:279][  0]MemoryProfiler: Initialize
[2022.11.09-19.45.07:279][  0]MemoryProfiler: OnSessionChanged
[2022.11.09-19.45.07:444][  0]LogCook: Display: CookSettings for Memory: MemoryMaxUsedVirtual 0MiB, MemoryMaxUsedPhysical 16384MiB, MemoryMinFreeVirtual 0MiB, MemoryMinFreePhysical 1024MiB
[2022.11.09-19.45.07:444][  0]LogCook: Display: Mobile HDR setting 1
[2022.11.09-19.45.07:673][  0]LogFileCache: Scanning file cache for directory 'C:/Users/maxim/Desktop/INP/Cours/Langues/Zombie project/Zombie-project-inp/Zombie_project_inp/Content/' took 0.01s
[2022.11.09-19.45.07:864][  0]LogInit: Display: Engine is initialized. Leaving FEngineLoop::Init()
[2022.11.09-19.45.07:871][  0]SourceControl: Source control is disabled
[2022.11.09-19.45.07:871][  0]LogUnrealEdMisc: Loading editor; pre map load, took 6.601
[2022.11.09-19.45.07:871][  0]Cmd: MAP LOAD FILE="../../../../../../Users/maxim/Desktop/INP/Cours/Langues/Zombie project/Zombie-project-inp/Zombie_project_inp/Content/Level/LVL_Main.umap" TEMPLATE=0 SHOWPROGRESS=1 FEATURELEVEL=3
[2022.11.09-19.45.07:874][  0]LightingResults: New page: Lighting Build
[2022.11.09-19.45.07:875][  0]LogWorld: UWorld::CleanupWorld for Untitled, bSessionEnded=true, bCleanupResources=true
[2022.11.09-19.45.07:875][  0]LogSlate: InvalidateAllWidgets triggered.  All widgets were invalidated
[2022.11.09-19.45.07:875][  0]MapCheck: New page: Map Check
[2022.11.09-19.45.07:875][  0]LightingResults: New page: Lighting Build
[2022.11.09-19.45.07:880][  0]LogAudio: Display: Audio Device unregistered from world 'None'.
[2022.11.09-19.45.07:883][  0]LogUObjectHash: Compacting FUObjectHashTables data took   0.86ms
[2022.11.09-19.45.08:541][  0]LogAudio: Display: Audio Device (ID: 1) registered with world 'LVL_Main'.
[2022.11.09-19.45.08:541][  0]LogAIModule: Creating AISystem for world LVL_Main
[2022.11.09-19.45.08:589][  0]LogEditorServer: Finished looking for orphan Actors (0.000 secs)
[2022.11.09-19.45.08:620][  0]LogUObjectHash: Compacting FUObjectHashTables data took   0.72ms
[2022.11.09-19.45.08:621][  0]Cmd: MAP CHECKDEP NOCLEARLOG
[2022.11.09-19.45.08:622][  0]MapCheck: Map check complete: 0 Error(s), 0 Warning(s), took 0,167ms to complete.
[2022.11.09-19.45.08:622][  0]LogFileHelpers: Loading map 'LVL_Main' took 0.750
[2022.11.09-19.45.08:624][  0]LogUnrealEdMisc: Total Editor Startup Time, took 7.353
[2022.11.09-19.45.08:906][  0]LogSlate: Updating window title bar state: overlay mode, drag disabled, window buttons hidden, title bar hidden
[2022.11.09-19.45.08:916][  0]LogSlate: Updating window title bar state: overlay mode, drag disabled, window buttons hidden, title bar hidden
[2022.11.09-19.45.08:921][  0]LogSlate: Updating window title bar state: overlay mode, drag disabled, window buttons hidden, title bar hidden
[2022.11.09-19.45.08:926][  0]LogSlate: Updating window title bar state: overlay mode, drag disabled, window buttons hidden, title bar hidden
[2022.11.09-19.45.08:989][  0]LogNativeClassHierarchy: Verbose: Native class hierarchy populated in 0.0116 seconds. Added 3823 classes and 930 folders.
[2022.11.09-19.45.09:003][  0]LogNativeClassHierarchy: Verbose: Native class hierarchy updated for 'WidgetCarousel' in 0.0002 seconds. Added 0 classes and 0 folders.
[2022.11.09-19.45.09:011][  0]LogPakFile: PakFile PrimaryIndexSize=187
[2022.11.09-19.45.09:011][  0]LogPakFile: PakFile PathHashIndexSize=101
[2022.11.09-19.45.09:011][  0]LogPakFile: PakFile FullDirectoryIndexSize=148
[2022.11.09-19.45.09:013][  0]LogShaderLibrary: Display: ShaderCodeLibraryPakFileMountedCallback: PakFile 'C:/Program Files/Epic Games/UE_4.27/FeaturePacks/FP_FirstPerson.upack' (chunk index -1, root 'root:/') mounted
[2022.11.09-19.45.09:013][  0]LogShaderLibrary: Display: ShaderCodeLibraryPakFileMountedCallback: pending pak file info (ChunkID:-1 Root:root:/ File:C:/Program Files/Epic Games/UE_4.27/FeaturePacks/FP_FirstPerson.upack)
[2022.11.09-19.45.09:013][  0]LogPakFile: OnPakFileMounted2Time == 0.001719
[2022.11.09-19.45.09:017][  0]LogPakFile: PakFile PrimaryIndexSize=189
[2022.11.09-19.45.09:017][  0]LogPakFile: PakFile PathHashIndexSize=101
[2022.11.09-19.45.09:017][  0]LogPakFile: PakFile FullDirectoryIndexSize=152
[2022.11.09-19.45.09:017][  0]LogShaderLibrary: Display: ShaderCodeLibraryPakFileMountedCallback: PakFile 'C:/Program Files/Epic Games/UE_4.27/FeaturePacks/FP_FirstPersonBP.upack' (chunk index -1, root 'root:/') mounted
[2022.11.09-19.45.09:017][  0]LogShaderLibrary: Display: ShaderCodeLibraryPakFileMountedCallback: pending pak file info (ChunkID:-1 Root:root:/ File:C:/Program Files/Epic Games/UE_4.27/FeaturePacks/FP_FirstPersonBP.upack)
[2022.11.09-19.45.09:017][  0]LogPakFile: OnPakFileMounted2Time == 0.000039
[2022.11.09-19.45.09:019][  0]LogPakFile: PakFile PrimaryIndexSize=191
[2022.11.09-19.45.09:019][  0]LogPakFile: PakFile PathHashIndexSize=101
[2022.11.09-19.45.09:019][  0]LogPakFile: PakFile FullDirectoryIndexSize=160
[2022.11.09-19.45.09:019][  0]LogShaderLibrary: Display: ShaderCodeLibraryPakFileMountedCallback: PakFile 'C:/Program Files/Epic Games/UE_4.27/FeaturePacks/MobileStarterContent.upack' (chunk index -1, root 'root:/') mounted
[2022.11.09-19.45.09:019][  0]LogShaderLibrary: Display: ShaderCodeLibraryPakFileMountedCallback: pending pak file info (ChunkID:-1 Root:root:/ File:C:/Program Files/Epic Games/UE_4.27/FeaturePacks/MobileStarterContent.upack)
[2022.11.09-19.45.09:019][  0]LogPakFile: OnPakFileMounted2Time == 0.000040
[2022.11.09-19.45.09:021][  0]LogPakFile: PakFile PrimaryIndexSize=185
[2022.11.09-19.45.09:021][  0]LogPakFile: PakFile PathHashIndexSize=101
[2022.11.09-19.45.09:021][  0]LogPakFile: PakFile FullDirectoryIndexSize=148
[2022.11.09-19.45.09:021][  0]LogShaderLibrary: Display: ShaderCodeLibraryPakFileMountedCallback: PakFile 'C:/Program Files/Epic Games/UE_4.27/FeaturePacks/StarterContent.upack' (chunk index -1, root 'root:/') mounted
[2022.11.09-19.45.09:021][  0]LogShaderLibrary: Display: ShaderCodeLibraryPakFileMountedCallback: pending pak file info (ChunkID:-1 Root:root:/ File:C:/Program Files/Epic Games/UE_4.27/FeaturePacks/StarterContent.upack)
[2022.11.09-19.45.09:021][  0]LogPakFile: OnPakFileMounted2Time == 0.000032
[2022.11.09-19.45.09:023][  0]LogPakFile: PakFile PrimaryIndexSize=190
[2022.11.09-19.45.09:023][  0]LogPakFile: PakFile PathHashIndexSize=101
[2022.11.09-19.45.09:023][  0]LogPakFile: PakFile FullDirectoryIndexSize=154
[2022.11.09-19.45.09:023][  0]LogShaderLibrary: Display: ShaderCodeLibraryPakFileMountedCallback: PakFile 'C:/Program Files/Epic Games/UE_4.27/FeaturePacks/TP_2DSideScroller.upack' (chunk index -1, root 'root:/') mounted
[2022.11.09-19.45.09:023][  0]LogShaderLibrary: Display: ShaderCodeLibraryPakFileMountedCallback: pending pak file info (ChunkID:-1 Root:root:/ File:C:/Program Files/Epic Games/UE_4.27/FeaturePacks/TP_2DSideScroller.upack)
[2022.11.09-19.45.09:023][  0]LogPakFile: OnPakFileMounted2Time == 0.000030
[2022.11.09-19.45.09:023][  0]LogPakFile: PakFile PrimaryIndexSize=192
[2022.11.09-19.45.09:023][  0]LogPakFile: PakFile PathHashIndexSize=101
[2022.11.09-19.45.09:024][  0]LogPakFile: PakFile FullDirectoryIndexSize=158
[2022.11.09-19.45.09:024][  0]LogShaderLibrary: Display: ShaderCodeLibraryPakFileMountedCallback: PakFile 'C:/Program Files/Epic Games/UE_4.27/FeaturePacks/TP_2DSideScrollerBP.upack' (chunk index -1, root 'root:/') mounted
[2022.11.09-19.45.09:024][  0]LogShaderLibrary: Display: ShaderCodeLibraryPakFileMountedCallback: pending pak file info (ChunkID:-1 Root:root:/ File:C:/Program Files/Epic Games/UE_4.27/FeaturePacks/TP_2DSideScrollerBP.upack)
[2022.11.09-19.45.09:024][  0]LogPakFile: OnPakFileMounted2Time == 0.000032
[2022.11.09-19.45.09:025][  0]LogPakFile: PakFile PrimaryIndexSize=182
[2022.11.09-19.45.09:025][  0]LogPakFile: PakFile PathHashIndexSize=101
[2022.11.09-19.45.09:025][  0]LogPakFile: PakFile FullDirectoryIndexSize=138
[2022.11.09-19.45.09:025][  0]LogShaderLibrary: Display: ShaderCodeLibraryPakFileMountedCallback: PakFile 'C:/Program Files/Epic Games/UE_4.27/FeaturePacks/TP_Flying.upack' (chunk index -1, root 'root:/') mounted
[2022.11.09-19.45.09:025][  0]LogShaderLibrary: Display: ShaderCodeLibraryPakFileMountedCallback: pending pak file info (ChunkID:-1 Root:root:/ File:C:/Program Files/Epic Games/UE_4.27/FeaturePacks/TP_Flying.upack)
[2022.11.09-19.45.09:025][  0]LogPakFile: OnPakFileMounted2Time == 0.000030
[2022.11.09-19.45.09:027][  0]LogPakFile: PakFile PrimaryIndexSize=184
[2022.11.09-19.45.09:027][  0]LogPakFile: PakFile PathHashIndexSize=101
[2022.11.09-19.45.09:027][  0]LogPakFile: PakFile FullDirectoryIndexSize=142
[2022.11.09-19.45.09:027][  0]LogShaderLibrary: Display: ShaderCodeLibraryPakFileMountedCallback: PakFile 'C:/Program Files/Epic Games/UE_4.27/FeaturePacks/TP_FlyingBP.upack' (chunk index -1, root 'root:/') mounted
[2022.11.09-19.45.09:027][  0]LogShaderLibrary: Display: ShaderCodeLibraryPakFileMountedCallback: pending pak file info (ChunkID:-1 Root:root:/ File:C:/Program Files/Epic Games/UE_4.27/FeaturePacks/TP_FlyingBP.upack)
[2022.11.09-19.45.09:027][  0]LogPakFile: OnPakFileMounted2Time == 0.000030
[2022.11.09-19.45.09:029][  0]LogPakFile: PakFile PrimaryIndexSize=188
[2022.11.09-19.45.09:029][  0]LogPakFile: PakFile PathHashIndexSize=101
[2022.11.09-19.45.09:029][  0]LogPakFile: PakFile FullDirectoryIndexSize=150
[2022.11.09-19.45.09:029][  0]LogShaderLibrary: Display: ShaderCodeLibraryPakFileMountedCallback: PakFile 'C:/Program Files/Epic Games/UE_4.27/FeaturePacks/TP_HandheldARBP.upack' (chunk index -1, root 'root:/') mounted
[2022.11.09-19.45.09:029][  0]LogShaderLibrary: Display: ShaderCodeLibraryPakFileMountedCallback: pending pak file info (ChunkID:-1 Root:root:/ File:C:/Program Files/Epic Games/UE_4.27/FeaturePacks/TP_HandheldARBP.upack)
[2022.11.09-19.45.09:029][  0]LogPakFile: OnPakFileMounted2Time == 0.000029
[2022.11.09-19.45.09:031][  0]LogPakFile: PakFile PrimaryIndexSize=182
[2022.11.09-19.45.09:031][  0]LogPakFile: PakFile PathHashIndexSize=101
[2022.11.09-19.45.09:031][  0]LogPakFile: PakFile FullDirectoryIndexSize=138
[2022.11.09-19.45.09:031][  0]LogShaderLibrary: Display: ShaderCodeLibraryPakFileMountedCallback: PakFile 'C:/Program Files/Epic Games/UE_4.27/FeaturePacks/TP_Puzzle.upack' (chunk index -1, root 'root:/') mounted
[2022.11.09-19.45.09:031][  0]LogShaderLibrary: Display: ShaderCodeLibraryPakFileMountedCallback: pending pak file info (ChunkID:-1 Root:root:/ File:C:/Program Files/Epic Games/UE_4.27/FeaturePacks/TP_Puzzle.upack)
[2022.11.09-19.45.09:031][  0]LogPakFile: OnPakFileMounted2Time == 0.000031
[2022.11.09-19.45.09:034][  0]LogPakFile: PakFile PrimaryIndexSize=184
[2022.11.09-19.45.09:034][  0]LogPakFile: PakFile PathHashIndexSize=101
[2022.11.09-19.45.09:034][  0]LogPakFile: PakFile FullDirectoryIndexSize=142
[2022.11.09-19.45.09:034][  0]LogShaderLibrary: Display: ShaderCodeLibraryPakFileMountedCallback: PakFile 'C:/Program Files/Epic Games/UE_4.27/FeaturePacks/TP_PuzzleBP.upack' (chunk index -1, root 'root:/') mounted
[2022.11.09-19.45.09:034][  0]LogShaderLibrary: Display: ShaderCodeLibraryPakFileMountedCallback: pending pak file info (ChunkID:-1 Root:root:/ File:C:/Program Files/Epic Games/UE_4.27/FeaturePacks/TP_PuzzleBP.upack)
[2022.11.09-19.45.09:034][  0]LogPakFile: OnPakFileMounted2Time == 0.000038
[2022.11.09-19.45.09:035][  0]LogPakFile: PakFile PrimaryIndexSize=183
[2022.11.09-19.45.09:035][  0]LogPakFile: PakFile PathHashIndexSize=101
[2022.11.09-19.45.09:035][  0]LogPakFile: PakFile FullDirectoryIndexSize=140
[2022.11.09-19.45.09:035][  0]LogShaderLibrary: Display: ShaderCodeLibraryPakFileMountedCallback: PakFile 'C:/Program Files/Epic Games/UE_4.27/FeaturePacks/TP_Rolling.upack' (chunk index -1, root 'root:/') mounted
[2022.11.09-19.45.09:035][  0]LogShaderLibrary: Display: ShaderCodeLibraryPakFileMountedCallback: pending pak file info (ChunkID:-1 Root:root:/ File:C:/Program Files/Epic Games/UE_4.27/FeaturePacks/TP_Rolling.upack)
[2022.11.09-19.45.09:035][  0]LogPakFile: OnPakFileMounted2Time == 0.000036
[2022.11.09-19.45.09:038][  0]LogPakFile: PakFile PrimaryIndexSize=185
[2022.11.09-19.45.09:038][  0]LogPakFile: PakFile PathHashIndexSize=101
[2022.11.09-19.45.09:038][  0]LogPakFile: PakFile FullDirectoryIndexSize=144
[2022.11.09-19.45.09:038][  0]LogShaderLibrary: Display: ShaderCodeLibraryPakFileMountedCallback: PakFile 'C:/Program Files/Epic Games/UE_4.27/FeaturePacks/TP_RollingBP.upack' (chunk index -1, root 'root:/') mounted
[2022.11.09-19.45.09:038][  0]LogShaderLibrary: Display: ShaderCodeLibraryPakFileMountedCallback: pending pak file info (ChunkID:-1 Root:root:/ File:C:/Program Files/Epic Games/UE_4.27/FeaturePacks/TP_RollingBP.upack)
[2022.11.09-19.45.09:038][  0]LogPakFile: OnPakFileMounted2Time == 0.000031
[2022.11.09-19.45.09:040][  0]LogPakFile: PakFile PrimaryIndexSize=188
[2022.11.09-19.45.09:040][  0]LogPakFile: PakFile PathHashIndexSize=101
[2022.11.09-19.45.09:040][  0]LogPakFile: PakFile FullDirectoryIndexSize=150
[2022.11.09-19.45.09:040][  0]LogShaderLibrary: Display: ShaderCodeLibraryPakFileMountedCallback: PakFile 'C:/Program Files/Epic Games/UE_4.27/FeaturePacks/TP_SideScroller.upack' (chunk index -1, root 'root:/') mounted
[2022.11.09-19.45.09:040][  0]LogShaderLibrary: Display: ShaderCodeLibraryPakFileMountedCallback: pending pak file info (ChunkID:-1 Root:root:/ File:C:/Program Files/Epic Games/UE_4.27/FeaturePacks/TP_SideScroller.upack)
[2022.11.09-19.45.09:040][  0]LogPakFile: OnPakFileMounted2Time == 0.000032
[2022.11.09-19.45.09:041][  0]LogPakFile: PakFile PrimaryIndexSize=190
[2022.11.09-19.45.09:041][  0]LogPakFile: PakFile PathHashIndexSize=101
[2022.11.09-19.45.09:041][  0]LogPakFile: PakFile FullDirectoryIndexSize=154
[2022.11.09-19.45.09:041][  0]LogShaderLibrary: Display: ShaderCodeLibraryPakFileMountedCallback: PakFile 'C:/Program Files/Epic Games/UE_4.27/FeaturePacks/TP_SideScrollerBP.upack' (chunk index -1, root 'root:/') mounted
[2022.11.09-19.45.09:041][  0]LogShaderLibrary: Display: ShaderCodeLibraryPakFileMountedCallback: pending pak file info (ChunkID:-1 Root:root:/ File:C:/Program Files/Epic Games/UE_4.27/FeaturePacks/TP_SideScrollerBP.upack)
[2022.11.09-19.45.09:041][  0]LogPakFile: OnPakFileMounted2Time == 0.000029
[2022.11.09-19.45.09:043][  0]LogPakFile: PakFile PrimaryIndexSize=187
[2022.11.09-19.45.09:043][  0]LogPakFile: PakFile PathHashIndexSize=101
[2022.11.09-19.45.09:043][  0]LogPakFile: PakFile FullDirectoryIndexSize=148
[2022.11.09-19.45.09:043][  0]LogShaderLibrary: Display: ShaderCodeLibraryPakFileMountedCallback: PakFile 'C:/Program Files/Epic Games/UE_4.27/FeaturePacks/TP_ThirdPerson.upack' (chunk index -1, root 'root:/') mounted
[2022.11.09-19.45.09:043][  0]LogShaderLibrary: Display: ShaderCodeLibraryPakFileMountedCallback: pending pak file info (ChunkID:-1 Root:root:/ File:C:/Program Files/Epic Games/UE_4.27/FeaturePacks/TP_ThirdPerson.upack)
[2022.11.09-19.45.09:043][  0]LogPakFile: OnPakFileMounted2Time == 0.000029
[2022.11.09-19.45.09:045][  0]LogPakFile: PakFile PrimaryIndexSize=189
[2022.11.09-19.45.09:045][  0]LogPakFile: PakFile PathHashIndexSize=101
[2022.11.09-19.45.09:045][  0]LogPakFile: PakFile FullDirectoryIndexSize=152
[2022.11.09-19.45.09:045][  0]LogShaderLibrary: Display: ShaderCodeLibraryPakFileMountedCallback: PakFile 'C:/Program Files/Epic Games/UE_4.27/FeaturePacks/TP_ThirdPersonBP.upack' (chunk index -1, root 'root:/') mounted
[2022.11.09-19.45.09:045][  0]LogShaderLibrary: Display: ShaderCodeLibraryPakFileMountedCallback: pending pak file info (ChunkID:-1 Root:root:/ File:C:/Program Files/Epic Games/UE_4.27/FeaturePacks/TP_ThirdPersonBP.upack)
[2022.11.09-19.45.09:045][  0]LogPakFile: OnPakFileMounted2Time == 0.000030
[2022.11.09-19.45.09:047][  0]LogPakFile: PakFile PrimaryIndexSize=183
[2022.11.09-19.45.09:047][  0]LogPakFile: PakFile PathHashIndexSize=101
[2022.11.09-19.45.09:047][  0]LogPakFile: PakFile FullDirectoryIndexSize=140
[2022.11.09-19.45.09:047][  0]LogShaderLibrary: Display: ShaderCodeLibraryPakFileMountedCallback: PakFile 'C:/Program Files/Epic Games/UE_4.27/FeaturePacks/TP_TopDown.upack' (chunk index -1, root 'root:/') mounted
[2022.11.09-19.45.09:047][  0]LogShaderLibrary: Display: ShaderCodeLibraryPakFileMountedCallback: pending pak file info (ChunkID:-1 Root:root:/ File:C:/Program Files/Epic Games/UE_4.27/FeaturePacks/TP_TopDown.upack)
[2022.11.09-19.45.09:047][  0]LogPakFile: OnPakFileMounted2Time == 0.000050
[2022.11.09-19.45.09:049][  0]LogPakFile: PakFile PrimaryIndexSize=185
[2022.11.09-19.45.09:049][  0]LogPakFile: PakFile PathHashIndexSize=101
[2022.11.09-19.45.09:049][  0]LogPakFile: PakFile FullDirectoryIndexSize=144
[2022.11.09-19.45.09:049][  0]LogShaderLibrary: Display: ShaderCodeLibraryPakFileMountedCallback: PakFile 'C:/Program Files/Epic Games/UE_4.27/FeaturePacks/TP_TopDownBP.upack' (chunk index -1, root 'root:/') mounted
[2022.11.09-19.45.09:049][  0]LogShaderLibrary: Display: ShaderCodeLibraryPakFileMountedCallback: pending pak file info (ChunkID:-1 Root:root:/ File:C:/Program Files/Epic Games/UE_4.27/FeaturePacks/TP_TopDownBP.upack)
[2022.11.09-19.45.09:049][  0]LogPakFile: OnPakFileMounted2Time == 0.000086
[2022.11.09-19.45.09:050][  0]LogPakFile: PakFile PrimaryIndexSize=185
[2022.11.09-19.45.09:050][  0]LogPakFile: PakFile PathHashIndexSize=101
[2022.11.09-19.45.09:050][  0]LogPakFile: PakFile FullDirectoryIndexSize=144
[2022.11.09-19.45.09:050][  0]LogShaderLibrary: Display: ShaderCodeLibraryPakFileMountedCallback: PakFile 'C:/Program Files/Epic Games/UE_4.27/FeaturePacks/TP_TwinStick.upack' (chunk index -1, root 'root:/') mounted
[2022.11.09-19.45.09:050][  0]LogShaderLibrary: Display: ShaderCodeLibraryPakFileMountedCallback: pending pak file info (ChunkID:-1 Root:root:/ File:C:/Program Files/Epic Games/UE_4.27/FeaturePacks/TP_TwinStick.upack)
[2022.11.09-19.45.09:050][  0]LogPakFile: OnPakFileMounted2Time == 0.000035
[2022.11.09-19.45.09:052][  0]LogPakFile: PakFile PrimaryIndexSize=187
[2022.11.09-19.45.09:052][  0]LogPakFile: PakFile PathHashIndexSize=101
[2022.11.09-19.45.09:052][  0]LogPakFile: PakFile FullDirectoryIndexSize=148
[2022.11.09-19.45.09:052][  0]LogShaderLibrary: Display: ShaderCodeLibraryPakFileMountedCallback: PakFile 'C:/Program Files/Epic Games/UE_4.27/FeaturePacks/TP_TwinStickBP.upack' (chunk index -1, root 'root:/') mounted
[2022.11.09-19.45.09:052][  0]LogShaderLibrary: Display: ShaderCodeLibraryPakFileMountedCallback: pending pak file info (ChunkID:-1 Root:root:/ File:C:/Program Files/Epic Games/UE_4.27/FeaturePacks/TP_TwinStickBP.upack)
[2022.11.09-19.45.09:052][  0]LogPakFile: OnPakFileMounted2Time == 0.000031
[2022.11.09-19.45.09:053][  0]LogPakFile: PakFile PrimaryIndexSize=183
[2022.11.09-19.45.09:053][  0]LogPakFile: PakFile PathHashIndexSize=101
[2022.11.09-19.45.09:053][  0]LogPakFile: PakFile FullDirectoryIndexSize=140
[2022.11.09-19.45.09:053][  0]LogShaderLibrary: Display: ShaderCodeLibraryPakFileMountedCallback: PakFile 'C:/Program Files/Epic Games/UE_4.27/FeaturePacks/TP_Vehicle.upack' (chunk index -1, root 'root:/') mounted
[2022.11.09-19.45.09:053][  0]LogShaderLibrary: Display: ShaderCodeLibraryPakFileMountedCallback: pending pak file info (ChunkID:-1 Root:root:/ File:C:/Program Files/Epic Games/UE_4.27/FeaturePacks/TP_Vehicle.upack)
[2022.11.09-19.45.09:053][  0]LogPakFile: OnPakFileMounted2Time == 0.000030
[2022.11.09-19.45.09:054][  0]LogPakFile: PakFile PrimaryIndexSize=186
[2022.11.09-19.45.09:054][  0]LogPakFile: PakFile PathHashIndexSize=101
[2022.11.09-19.45.09:054][  0]LogPakFile: PakFile FullDirectoryIndexSize=146
[2022.11.09-19.45.09:054][  0]LogShaderLibrary: Display: ShaderCodeLibraryPakFileMountedCallback: PakFile 'C:/Program Files/Epic Games/UE_4.27/FeaturePacks/TP_VehicleAdv.upack' (chunk index -1, root 'root:/') mounted
[2022.11.09-19.45.09:054][  0]LogShaderLibrary: Display: ShaderCodeLibraryPakFileMountedCallback: pending pak file info (ChunkID:-1 Root:root:/ File:C:/Program Files/Epic Games/UE_4.27/FeaturePacks/TP_VehicleAdv.upack)
[2022.11.09-19.45.09:054][  0]LogPakFile: OnPakFileMounted2Time == 0.000030
[2022.11.09-19.45.09:055][  0]LogPakFile: PakFile PrimaryIndexSize=188
[2022.11.09-19.45.09:056][  0]LogPakFile: PakFile PathHashIndexSize=101
[2022.11.09-19.45.09:056][  0]LogPakFile: PakFile FullDirectoryIndexSize=150
[2022.11.09-19.45.09:056][  0]LogShaderLibrary: Display: ShaderCodeLibraryPakFileMountedCallback: PakFile 'C:/Program Files/Epic Games/UE_4.27/FeaturePacks/TP_VehicleAdvBP.upack' (chunk index -1, root 'root:/') mounted
[2022.11.09-19.45.09:056][  0]LogShaderLibrary: Display: ShaderCodeLibraryPakFileMountedCallback: pending pak file info (ChunkID:-1 Root:root:/ File:C:/Program Files/Epic Games/UE_4.27/FeaturePacks/TP_VehicleAdvBP.upack)
[2022.11.09-19.45.09:056][  0]LogPakFile: OnPakFileMounted2Time == 0.000032
[2022.11.09-19.45.09:057][  0]LogPakFile: PakFile PrimaryIndexSize=185
[2022.11.09-19.45.09:057][  0]LogPakFile: PakFile PathHashIndexSize=101
[2022.11.09-19.45.09:057][  0]LogPakFile: PakFile FullDirectoryIndexSize=144
[2022.11.09-19.45.09:057][  0]LogShaderLibrary: Display: ShaderCodeLibraryPakFileMountedCallback: PakFile 'C:/Program Files/Epic Games/UE_4.27/FeaturePacks/TP_VehicleBP.upack' (chunk index -1, root 'root:/') mounted
[2022.11.09-19.45.09:057][  0]LogShaderLibrary: Display: ShaderCodeLibraryPakFileMountedCallback: pending pak file info (ChunkID:-1 Root:root:/ File:C:/Program Files/Epic Games/UE_4.27/FeaturePacks/TP_VehicleBP.upack)
[2022.11.09-19.45.09:057][  0]LogPakFile: OnPakFileMounted2Time == 0.000030
[2022.11.09-19.45.09:059][  0]LogPakFile: PakFile PrimaryIndexSize=192
[2022.11.09-19.45.09:059][  0]LogPakFile: PakFile PathHashIndexSize=101
[2022.11.09-19.45.09:059][  0]LogPakFile: PakFile FullDirectoryIndexSize=158
[2022.11.09-19.45.09:059][  0]LogShaderLibrary: Display: ShaderCodeLibraryPakFileMountedCallback: PakFile 'C:/Program Files/Epic Games/UE_4.27/FeaturePacks/TP_VirtualRealityBP.upack' (chunk index -1, root 'root:/') mounted
[2022.11.09-19.45.09:059][  0]LogShaderLibrary: Display: ShaderCodeLibraryPakFileMountedCallback: pending pak file info (ChunkID:-1 Root:root:/ File:C:/Program Files/Epic Games/UE_4.27/FeaturePacks/TP_VirtualRealityBP.upack)
[2022.11.09-19.45.09:059][  0]LogPakFile: OnPakFileMounted2Time == 0.000029
[2022.11.09-19.45.09:258][  0]LogNativeClassHierarchy: Verbose: Native class hierarchy updated for 'AddContentDialog' in 0.0004 seconds. Added 0 classes and 0 folders.
[2022.11.09-19.45.09:503][  0]LogSlate: Took 0.000396 seconds to synchronously load lazily loaded font '../../../Engine/Content/Slate/Fonts/Roboto-Regular.ttf' (155K)
[2022.11.09-19.45.09:505][  0]LogSlate: Took 0.000652 seconds to synchronously load lazily loaded font '../../../Engine/Content/Editor/Slate/Fonts/FontAwesome.ttf' (139K)
[2022.11.09-19.45.09:510][  0]LogSlate: Took 0.000122 seconds to synchronously load lazily loaded font '../../../Engine/Content/Slate/Fonts/Roboto-Bold.ttf' (160K)
[2022.11.09-19.45.09:602][  0]LogRenderer: Reallocating scene render targets to support 1016x468 Format 10 NumSamples 1 (Frame:1).
[2022.11.09-19.45.09:795][  0]LogSlate: Took 0.000860 seconds to synchronously load lazily loaded font '../../../Engine/Content/Slate/Fonts/Roboto-Light.ttf' (167K)
[2022.11.09-19.45.09:847][  0]LogNativeClassHierarchy: Verbose: Native class hierarchy updated for 'HierarchicalLODOutliner' in 0.0002 seconds. Added 0 classes and 0 folders.
[2022.11.09-19.45.09:847][  0]LogLoad: (Engine Initialization) Total time: 8.58 seconds
[2022.11.09-19.45.09:847][  0]LogLoad: (Engine Initialization) Total Blueprint compile time: 0.00 seconds
[2022.11.09-19.45.09:994][  0]LogAssetRegistry: Asset discovery search completed in 5.6608 seconds
[2022.11.09-19.45.10:001][  0]LogCollectionManager: Fixed up redirectors for 0 collections in 0.000004 seconds (updated 0 objects)
[2022.11.09-19.45.10:011][  0]LogContentStreaming: Texture pool size now 1000 MB
[2022.11.09-19.45.22:083][529]LogSlate: Took 0.000375 seconds to synchronously load lazily loaded font '../../../Engine/Content/Slate/Fonts/Roboto-Light.ttf' (167K)
[2022.11.09-19.45.22:105][529]LogAssetEditorSubsystem: Opening Asset editor for DataTable /Game/Videos_Data/DataTable/DATA_Videos.DATA_Videos
[2022.11.09-20.17.19:958][843]LogFactory: FactoryCreateFile: FileMediaSource with AvfFileMediaSourceFactory (0 0 ../../../../../../Users/maxim/Desktop/INP/Cours/Langues/Zombie project/Videos/9_PassHouse.mp4)
[2022.11.09-20.17.43:255][827]LogUObjectHash: Compacting FUObjectHashTables data took   3.70ms
[2022.11.09-20.17.43:270][827]LogFileHelpers: Editor autosave (incl. external actors) for '/Game/Level/LVL_Main' took 0.036
[2022.11.09-20.17.43:273][827]OBJ SavePackage: Generating thumbnails for [0] asset(s) in package [/Game/Movies/9_PassHouse] ([1] browsable assets)...
[2022.11.09-20.17.43:273][827]OBJ SavePackage: Finished generating thumbnails for package [/Game/Movies/9_PassHouse]
[2022.11.09-20.17.43:288][827]LogSavePackage: Moving '../../../../../../Users/maxim/Desktop/INP/Cours/Langues/Zombie project/Zombie-project-inp/Zombie_project_inp/Saved/9_PassHouse_Auto1744ECA2F4D365EAD2A89108700B729F1.tmp' to '../../../../../../Users/maxim/Desktop/INP/Cours/Langues/Zombie project/Zombie-project-inp/Zombie_project_inp/Saved/Autosaves/Game/Movies/9_PassHouse_Auto1.uasset'
[2022.11.09-20.17.43:291][827]LogFileHelpers: Auto-saving content packages took 0.020
[2022.11.09-20.20.06:836][212]LogSavePackage: Moving '../../../../../../Users/maxim/Desktop/INP/Cours/Langues/Zombie project/Zombie-project-inp/Zombie_project_inp/Saved/DATA_Videos943E483649F531647A9870819348B0F5.tmp' to '../../../../../../Users/maxim/Desktop/INP/Cours/Langues/Zombie project/Zombie-project-inp/Zombie_project_inp/Content/Videos_Data/DataTable/DATA_Videos.uasset'
[2022.11.09-20.20.06:853][212]AssetCheck: New page: Asset Save: DATA_Videos
[2022.11.09-20.20.06:854][212]LogContentValidation: Display: Validating DataTable /Game/Videos_Data/DataTable/DATA_Videos.DATA_Videos
[2022.11.09-20.42.08:455][877]LogFactory: FactoryCreateFile: FileMediaSource with AvfFileMediaSourceFactory (0 0 ../../../../../../Users/maxim/Desktop/INP/Cours/Langues/Zombie project/Videos/10_KillThemAll.mp4)
[2022.11.09-20.42.22:536][321]LogSavePackage: Moving '../../../../../../Users/maxim/Desktop/INP/Cours/Langues/Zombie project/Zombie-project-inp/Zombie_project_inp/Saved/DATA_Videos808F501741C46C130B0A3AAEEF138C57.tmp' to '../../../../../../Users/maxim/Desktop/INP/Cours/Langues/Zombie project/Zombie-project-inp/Zombie_project_inp/Content/Videos_Data/DataTable/DATA_Videos.uasset'
[2022.11.09-20.42.22:548][321]AssetCheck: New page: Asset Save: DATA_Videos
[2022.11.09-20.42.22:548][321]LogContentValidation: Display: Validating DataTable /Game/Videos_Data/DataTable/DATA_Videos.DATA_Videos
[2022.11.09-20.42.23:436][351]LogSavePackage: Moving '../../../../../../Users/maxim/Desktop/INP/Cours/Langues/Zombie project/Zombie-project-inp/Zombie_project_inp/Saved/9_PassHouseB2DDB9794DC833C490178F80C9BD5FE0.tmp' to '../../../../../../Users/maxim/Desktop/INP/Cours/Langues/Zombie project/Zombie-project-inp/Zombie_project_inp/Content/Movies/9_PassHouse.uasset'
[2022.11.09-20.42.23:438][351]LogSavePackage: Moving '../../../../../../Users/maxim/Desktop/INP/Cours/Langues/Zombie project/Zombie-project-inp/Zombie_project_inp/Saved/10_KillThemAll1E95CF8F4FE5D68D8987118AA3AE8C66.tmp' to '../../../../../../Users/maxim/Desktop/INP/Cours/Langues/Zombie project/Zombie-project-inp/Zombie_project_inp/Content/Movies/10_KillThemAll.uasset'
[2022.11.09-20.42.23:454][351]AssetCheck: New page: Asset Save: multiple assets
[2022.11.09-20.42.23:454][351]LogContentValidation: Display: Validating FileMediaSource /Game/Movies/9_PassHouse.9_PassHouse
[2022.11.09-20.42.23:454][351]LogContentValidation: Display: Validating FileMediaSource /Game/Movies/10_KillThemAll.10_KillThemAll
[2022.11.09-20.42.26:054][443]LogUObjectHash: Compacting FUObjectHashTables data took   0.54ms
[2022.11.09-20.58.03:751][874]LogFactory: FactoryCreateFile: FileMediaSource with AvfFileMediaSourceFactory (0 0 ../../../../../../Users/maxim/Desktop/INP/Cours/Langues/Zombie project/Videos/11_Molotov.mp4)
[2022.11.09-20.58.11:313][177]LogSavePackage: Moving '../../../../../../Users/maxim/Desktop/INP/Cours/Langues/Zombie project/Zombie-project-inp/Zombie_project_inp/Saved/DATA_Videos94D5B98A418968780152708748F1BF4F.tmp' to '../../../../../../Users/maxim/Desktop/INP/Cours/Langues/Zombie project/Zombie-project-inp/Zombie_project_inp/Content/Videos_Data/DataTable/DATA_Videos.uasset'
[2022.11.09-20.58.11:326][177]AssetCheck: New page: Asset Save: DATA_Videos
[2022.11.09-20.58.11:326][177]LogContentValidation: Display: Validating DataTable /Game/Videos_Data/DataTable/DATA_Videos.DATA_Videos
[2022.11.09-20.58.36:487][930]LogUObjectHash: Compacting FUObjectHashTables data took   0.86ms
[2022.11.09-20.58.36:488][930]LogFileHelpers: Editor autosave (incl. external actors) for '/Game/Level/LVL_Main' took 0.008
[2022.11.09-20.58.36:489][930]OBJ SavePackage: Generating thumbnails for [0] asset(s) in package [/Game/Movies/11_Molotov] ([1] browsable assets)...
[2022.11.09-20.58.36:489][930]OBJ SavePackage: Finished generating thumbnails for package [/Game/Movies/11_Molotov]
[2022.11.09-20.58.36:492][930]LogSavePackage: Moving '../../../../../../Users/maxim/Desktop/INP/Cours/Langues/Zombie project/Zombie-project-inp/Zombie_project_inp/Saved/11_Molotov_Auto2400235834333078B40D6608342EFB7E4.tmp' to '../../../../../../Users/maxim/Desktop/INP/Cours/Langues/Zombie project/Zombie-project-inp/Zombie_project_inp/Saved/Autosaves/Game/Movies/11_Molotov_Auto2.uasset'
[2022.11.09-20.58.36:492][930]LogFileHelpers: Auto-saving content packages took 0.004
[2022.11.09-20.59.27:714][822]LogSavePackage: Moving '../../../../../../Users/maxim/Desktop/INP/Cours/Langues/Zombie project/Zombie-project-inp/Zombie_project_inp/Saved/11_Molotov0608710B4743FBF6B5FBB593855FB79D.tmp' to '../../../../../../Users/maxim/Desktop/INP/Cours/Langues/Zombie project/Zombie-project-inp/Zombie_project_inp/Content/Movies/11_Molotov.uasset'
[2022.11.09-20.59.27:720][822]AssetCheck: New page: Asset Save: 11_Molotov
[2022.11.09-20.59.27:720][822]LogContentValidation: Display: Validating FileMediaSource /Game/Movies/11_Molotov.11_Molotov
[2022.11.09-20.59.28:387][846]LogUObjectHash: Compacting FUObjectHashTables data took   0.38ms
[2022.11.09-20.59.28:486][846]LogSavePackage: Moving '../../../../../../Users/maxim/Desktop/INP/Cours/Langues/Zombie project/Zombie-project-inp/Zombie_project_inp/Saved/LVL_MainF96D0AE94658625087F938A098D407C2.tmp' to '../../../../../../Users/maxim/Desktop/INP/Cours/Langues/Zombie project/Zombie-project-inp/Zombie_project_inp/Content/Level/LVL_Main.umap'
[2022.11.09-20.59.28:558][846]LogSavePackage: Moving '../../../../../../Users/maxim/Desktop/INP/Cours/Langues/Zombie project/Zombie-project-inp/Zombie_project_inp/Saved/LVL_Main_BuiltDataC6091A984F04E4319C231CA4B031F392.tmp' to '../../../../../../Users/maxim/Desktop/INP/Cours/Langues/Zombie project/Zombie-project-inp/Zombie_project_inp/Content/Level/LVL_Main_BuiltData.uasset'
[2022.11.09-20.59.28:571][846]AssetCheck: New page: Asset Save: multiple assets
[2022.11.09-20.59.28:571][846]LogContentValidation: Display: Validating MapBuildDataRegistry /Game/Level/LVL_Main_BuiltData.LVL_Main_BuiltData
[2022.11.09-20.59.28:571][846]LogContentValidation: Display: Validating World /Game/Level/LVL_Main.LVL_Main
