Log file open, 10/14/22 20:28:21
LogWindows: Failed to load 'aqProf.dll' (GetLastError=126)
LogWindows: File 'aqProf.dll' does not exist
LogWindows: Failed to load 'VtuneApi.dll' (GetLastError=126)
LogWindows: File 'VtuneApi.dll' does not exist
LogWindows: Failed to load 'VtuneApi32e.dll' (GetLastError=126)
LogWindows: File 'VtuneApi32e.dll' does not exist
LogConsoleResponse: Display: Failed to find resolution value strings in scalability ini. Falling back to default.
LogConsoleResponse: Display: Failed to find resolution value strings in scalability ini. Falling back to default.
LogInit: Display: Running engine for game: Zombie_project_inp
LogPlatformFile: Not using cached read wrapper
LogTaskGraph: Started task graph with 5 named threads and 23 total threads with 3 sets of task threads.
LogStats: Stats thread started at 0.356641
LogICUInternationalization: ICU TimeZone Detection - Raw Offset: +1:00, Platform Override: ''
LogInit: Display: Loading text-based GConfig....
LogPluginManager: Mounting plugin XGEController
LogPluginManager: Mounting plugin MeshPainting
LogPluginManager: Mounting plugin Paper2D
LogPluginManager: Mounting plugin EnvironmentQueryEditor
LogPluginManager: Mounting plugin AISupport
LogPluginManager: Mounting plugin LiveLink
LogPluginManager: Mounting plugin LightPropagationVolume
LogPluginManager: Mounting plugin CameraShakePreviewer
LogPluginManager: Mounting plugin OodleNetwork
LogPluginManager: Mounting plugin AnimationSharing
LogPluginManager: Mounting plugin CLionSourceCodeAccess
LogPluginManager: Mounting plugin CodeLiteSourceCodeAccess
LogPluginManager: Mounting plugin GitSourceControl
LogPluginManager: Mounting plugin KDevelopSourceCodeAccess
LogPluginManager: Mounting plugin NullSourceCodeAccess
LogPluginManager: Mounting plugin PerforceSourceControl
LogPluginManager: Mounting plugin PixWinPlugin
LogPluginManager: Mounting plugin PlasticSourceControl
LogPluginManager: Mounting plugin PluginUtils
LogPluginManager: Mounting plugin PropertyAccessNode
LogPluginManager: Mounting plugin RiderSourceCodeAccess
LogPluginManager: Mounting plugin SubversionSourceControl
LogPluginManager: Mounting plugin TextureFormatOodle
LogPluginManager: Mounting plugin UObjectPlugin
LogPluginManager: Mounting plugin VisualStudioCodeSourceCodeAccess
LogPluginManager: Mounting plugin VisualStudioSourceCodeAccess
LogPluginManager: Mounting plugin XCodeSourceCodeAccess
LogPluginManager: Mounting plugin AssetManagerEditor
LogPluginManager: Mounting plugin CryptoKeys
LogPluginManager: Mounting plugin CurveEditorTools
LogPluginManager: Mounting plugin DataValidation
LogPluginManager: Mounting plugin FacialAnimation
LogPluginManager: Mounting plugin GameplayTagsEditor
LogPluginManager: Mounting plugin GeometryMode
LogPluginManager: Mounting plugin MacGraphicsSwitching
LogPluginManager: Mounting plugin MaterialAnalyzer
LogPluginManager: Mounting plugin MobileLauncherProfileWizard
LogPluginManager: Mounting plugin PluginBrowser
LogPluginManager: Mounting plugin SpeedTreeImporter
LogPluginManager: Mounting plugin Niagara
LogPluginManager: Mounting plugin AlembicImporter
LogPluginManager: Mounting plugin BackChannel
LogPluginManager: Mounting plugin AutomationUtils
LogPluginManager: Mounting plugin OodleData
LogPluginManager: Mounting plugin ChaosCloth
LogPluginManager: Mounting plugin ChaosClothEditor
LogPluginManager: Mounting plugin ChaosEditor
LogPluginManager: Mounting plugin ChaosNiagara
LogPluginManager: Mounting plugin ChaosSolverPlugin
LogPluginManager: Mounting plugin CharacterAI
LogPluginManager: Mounting plugin GeometryCache
LogPluginManager: Mounting plugin GeometryCollectionPlugin
LogPluginManager: Mounting plugin GeometryProcessing
LogPluginManager: Mounting plugin MotoSynth
LogPluginManager: Mounting plugin PlanarCut
LogPluginManager: Mounting plugin OpenImageDenoise
LogPluginManager: Mounting plugin PlatformCrypto
LogPluginManager: Mounting plugin ProxyLODPlugin
LogPluginManager: Mounting plugin PythonScriptPlugin
LogPluginManager: Mounting plugin SkeletalReduction
LogPluginManager: Mounting plugin LuminPlatformFeatures
LogPluginManager: Mounting plugin MagicLeap
LogPluginManager: Mounting plugin MagicLeapLightEstimation
LogPluginManager: Mounting plugin MagicLeapMedia
LogPluginManager: Mounting plugin MagicLeapPassableWorld
LogPluginManager: Mounting plugin MLSDK
LogPluginManager: Mounting plugin AndroidMedia
LogPluginManager: Mounting plugin AvfMedia
LogPluginManager: Mounting plugin ImgMedia
LogPluginManager: Mounting plugin MediaCompositing
LogPluginManager: Mounting plugin MediaPlayerEditor
LogPluginManager: Mounting plugin WebMMedia
LogPluginManager: Mounting plugin WmfMedia
LogPluginManager: Mounting plugin TcpMessaging
LogPluginManager: Mounting plugin UdpMessaging
LogPluginManager: Mounting plugin ActorSequence
LogPluginManager: Mounting plugin LevelSequenceEditor
LogPluginManager: Mounting plugin MatineeToLevelSequence
LogPluginManager: Mounting plugin GameplayCameras
LogPluginManager: Mounting plugin TemplateSequence
LogPluginManager: Mounting plugin OnlineSubsystem
LogPluginManager: Mounting plugin OnlineSubsystemNull
LogPluginManager: Mounting plugin OnlineSubsystemUtils
LogPluginManager: Mounting plugin LauncherChunkInstaller
LogPluginManager: Mounting plugin ScreenshotTools
LogPluginManager: Mounting plugin ActorLayerUtilities
LogPluginManager: Mounting plugin AndroidDeviceProfileSelector
LogPluginManager: Mounting plugin AndroidPermission
LogPluginManager: Mounting plugin AppleImageUtils
LogPluginManager: Mounting plugin AppleMoviePlayer
LogPluginManager: Mounting plugin AndroidMoviePlayer
LogPluginManager: Mounting plugin ArchVisCharacter
LogPluginManager: Mounting plugin AssetTags
LogPluginManager: Mounting plugin AudioSynesthesia
LogPluginManager: Mounting plugin AudioCapture
LogPluginManager: Mounting plugin CableComponent
LogPluginManager: Mounting plugin CustomMeshComponent
LogPluginManager: Mounting plugin ChunkDownloader
LogPluginManager: Mounting plugin EditableMesh
LogPluginManager: Mounting plugin ExampleDeviceProfileSelector
LogPluginManager: Mounting plugin Takes
LogPluginManager: Mounting plugin DatasmithContent
LogPluginManager: Mounting plugin VariantManagerContent
LogPluginManager: Mounting plugin GoogleCloudMessaging
LogPluginManager: Mounting plugin GooglePAD
LogPluginManager: Mounting plugin IOSDeviceProfileSelector
LogPluginManager: Mounting plugin LinuxDeviceProfileSelector
LogPluginManager: Mounting plugin LocationServicesBPLibrary
LogPluginManager: Mounting plugin MobilePatchingUtils
LogPluginManager: Mounting plugin OpenXR
LogPluginManager: Mounting plugin OpenXREyeTracker
LogPluginManager: Mounting plugin OpenXRHandTracking
LogPluginManager: Mounting plugin PostSplashScreen
LogPluginManager: Mounting plugin PhysXVehicles
LogPluginManager: Mounting plugin PropertyAccessEditor
LogPluginManager: Mounting plugin ProceduralMeshComponent
LogPluginManager: Mounting plugin RuntimePhysXCooking
LogPluginManager: Mounting plugin SoundFields
LogPluginManager: Mounting plugin SignificanceManager
LogPluginManager: Mounting plugin Synthesis
LogPluginManager: Mounting plugin WebMMoviePlayer
LogPluginManager: Mounting plugin WindowsMoviePlayer
LogPluginManager: Mounting plugin ContentBrowserAssetDataSource
LogPluginManager: Mounting plugin ContentBrowserClassDataSource
LogPluginManager: Mounting plugin ContentBrowserFileDataSource
LogPluginManager: Mounting plugin OnlineSubsystemGooglePlay
LogPluginManager: Mounting plugin OnlineSubsystemIOS
LogPluginManager: Mounting plugin OculusVR
LogPluginManager: Mounting plugin SteamVR
PixWinPlugin: PIX capture plugin failed to initialize! Check that the process is launched from PIX.
LogInit: Using libcurl 7.55.1-DEV
LogInit:  - built for x86_64-pc-win32
LogInit:  - supports SSL with OpenSSL/1.1.1
LogInit:  - supports HTTP deflate (compression) using libz 1.2.8
LogInit:  - other features:
LogInit:      CURL_VERSION_SSL
LogInit:      CURL_VERSION_LIBZ
LogInit:      CURL_VERSION_IPV6
LogInit:      CURL_VERSION_ASYNCHDNS
LogInit:      CURL_VERSION_LARGEFILE
LogInit:      CURL_VERSION_IDN
LogInit:  CurlRequestOptions (configurable via config and command line):
LogInit:  - bVerifyPeer = true  - Libcurl will verify peer certificate
LogInit:  - bUseHttpProxy = false  - Libcurl will NOT use HTTP proxy
LogInit:  - bDontReuseConnections = false  - Libcurl will reuse connections
LogInit:  - MaxHostConnections = 16  - Libcurl will limit the number of connections to a host
LogInit:  - LocalHostAddr = Default
LogInit:  - BufferSize = 65536
LogOnline: OSS: Creating online subsystem instance for: NULL
LogInit: WinSock: version 1.1 (2.2), MaxSocks=32767, MaxUdp=65467
LogOnline: OSS: TryLoadSubsystemAndSetDefault: Loaded subsystem for module [NULL]
LogOculusPluginWrapper: OculusPlugin initialized successfully
LogHMD: Failed initializing OVRPlugin 1.59.0
LogInit: Build: ++UE4+Release-4.27-CL-18319896
LogInit: Engine Version: 4.27.2-18319896+++UE4+Release-4.27
LogInit: Compatible Engine Version: 4.27.0-17155196+++UE4+Release-4.27
LogInit: Net CL: 17155196
LogInit: OS: Windows 10 (Release 2009) (), CPU: 11th Gen Intel(R) Core(TM) i7-1165G7 @ 2.80GHz, GPU: Intel(R) Iris(R) Xe Graphics
LogInit: Compiled (64-bit): Nov 30 2021 07:12:08
LogInit: Compiled with Visual C++: 19.24.28315.00
LogInit: Build Configuration: Development
LogInit: Branch Name: ++UE4+Release-4.27
LogInit: Command Line: 
LogInit: Base Directory: C:/Program Files/Epic Games/UE_4.27/Engine/Binaries/Win64/
LogInit: Allocator: TBB
LogInit: Installed Engine Build: 1
LogDevObjectVersion: Number of dev versions registered: 29
LogDevObjectVersion:   Dev-Blueprints (B0D832E4-1F89-4F0D-ACCF-7EB736FD4AA2): 10
LogDevObjectVersion:   Dev-Build (E1C64328-A22C-4D53-A36C-8E866417BD8C): 0
LogDevObjectVersion:   Dev-Core (375EC13C-06E4-48FB-B500-84F0262A717E): 4
LogDevObjectVersion:   Dev-Editor (E4B068ED-F494-42E9-A231-DA0B2E46BB41): 40
LogDevObjectVersion:   Dev-Framework (CFFC743F-43B0-4480-9391-14DF171D2073): 37
LogDevObjectVersion:   Dev-Mobile (B02B49B5-BB20-44E9-A304-32B752E40360): 3
LogDevObjectVersion:   Dev-Networking (A4E4105C-59A1-49B5-A7C5-40C4547EDFEE): 0
LogDevObjectVersion:   Dev-Online (39C831C9-5AE6-47DC-9A44-9C173E1C8E7C): 0
LogDevObjectVersion:   Dev-Physics (78F01B33-EBEA-4F98-B9B4-84EACCB95AA2): 14
LogDevObjectVersion:   Dev-Platform (6631380F-2D4D-43E0-8009-CF276956A95A): 0
LogDevObjectVersion:   Dev-Rendering (12F88B9F-8875-4AFC-A67C-D90C383ABD29): 45
LogDevObjectVersion:   Dev-Sequencer (7B5AE74C-D270-4C10-A958-57980B212A5A): 13
LogDevObjectVersion:   Dev-VR (D7296918-1DD6-4BDD-9DE2-64A83CC13884): 3
LogDevObjectVersion:   Dev-LoadTimes (C2A15278-BFE7-4AFE-6C17-90FF531DF755): 1
LogDevObjectVersion:   Private-Geometry (6EACA3D4-40EC-4CC1-B786-8BED09428FC5): 3
LogDevObjectVersion:   Dev-AnimPhys (29E575DD-E0A3-4627-9D10-D276232CDCEA): 17
LogDevObjectVersion:   Dev-Anim (AF43A65D-7FD3-4947-9873-3E8ED9C1BB05): 15
LogDevObjectVersion:   Dev-ReflectionCapture (6B266CEC-1EC7-4B8F-A30B-E4D90942FC07): 1
LogDevObjectVersion:   Dev-Automation (0DF73D61-A23F-47EA-B727-89E90C41499A): 1
LogDevObjectVersion:   FortniteMain (601D1886-AC64-4F84-AA16-D3DE0DEAC7D6): 47
LogDevObjectVersion:   FortniteRelease (E7086368-6B23-4C58-8439-1B7016265E91): 1
LogDevObjectVersion:   Dev-Enterprise (9DFFBCD6-494F-0158-E221-12823C92A888): 10
LogDevObjectVersion:   Dev-Niagara (F2AED0AC-9AFE-416F-8664-AA7FFA26D6FC): 1
LogDevObjectVersion:   Dev-Destruction (174F1F0B-B4C6-45A5-B13F-2EE8D0FB917D): 10
LogDevObjectVersion:   Dev-Physics-Ext (35F94A83-E258-406C-A318-09F59610247C): 41
LogDevObjectVersion:   Dev-PhysicsMaterial-Chaos (B68FC16E-8B1B-42E2-B453-215C058844FE): 1
LogDevObjectVersion:   Dev-CineCamera (B2E18506-4273-CFC2-A54E-F4BB758BBA07): 1
LogDevObjectVersion:   Dev-VirtualProduction (64F58936-FD1B-42BA-BA96-7289D5D0FA4E): 1
LogDevObjectVersion:   Dev-MediaFramework (6F0ED827-A609-4895-9C91-998D90180EA4): 2
LogInit: Presizing for max 25165824 objects, including 0 objects not considered by GC, pre-allocating 0 bytes for permanent pool.
LogConfig: Applying CVar settings from Section [/Script/Engine.StreamingSettings] File [C:/Users/maxim/Desktop/INP/Cours/Langues/Zombie project/Zombie-project-inp/Zombie_project_inp/Saved/Config/Windows/Engine.ini]
LogConfig: Setting CVar [[s.MinBulkDataSizeForAsyncLoading:131072]]
LogConfig: Setting CVar [[s.AsyncLoadingThreadEnabled:0]]
LogConfig: Setting CVar [[s.EventDrivenLoaderEnabled:1]]
LogConfig: Setting CVar [[s.WarnIfTimeLimitExceeded:0]]
LogConfig: Setting CVar [[s.TimeLimitExceededMultiplier:1.5]]
LogConfig: Setting CVar [[s.TimeLimitExceededMinTime:0.005]]
LogConfig: Setting CVar [[s.UseBackgroundLevelStreaming:1]]
LogConfig: Setting CVar [[s.PriorityAsyncLoadingExtraTime:15.0]]
LogConfig: Setting CVar [[s.LevelStreamingActorsUpdateTimeLimit:5.0]]
LogConfig: Setting CVar [[s.PriorityLevelStreamingActorsUpdateExtraTime:5.0]]
LogConfig: Setting CVar [[s.LevelStreamingComponentsRegistrationGranularity:10]]
LogConfig: Setting CVar [[s.UnregisterComponentsTimeLimit:1.0]]
LogConfig: Setting CVar [[s.LevelStreamingComponentsUnregistrationGranularity:5]]
LogConfig: Setting CVar [[s.FlushStreamingOnExit:1]]
LogInit: Object subsystem initialized
LogConfig: Setting CVar [[con.DebugEarlyDefault:1]]
LogConfig: Setting CVar [[r.setres:1280x720]]
[2022.10.14-18.28.22:398][  0]LogConfig: Setting CVar [[r.VSync:0]]
[2022.10.14-18.28.22:398][  0]LogConfig: Setting CVar [[r.RHICmdBypass:0]]
[2022.10.14-18.28.22:398][  0]LogConfig: Applying CVar settings from Section [/Script/Engine.RendererSettings] File [C:/Users/maxim/Desktop/INP/Cours/Langues/Zombie project/Zombie-project-inp/Zombie_project_inp/Saved/Config/Windows/Engine.ini]
[2022.10.14-18.28.22:398][  0]LogConfig: Setting CVar [[r.GPUCrashDebugging:0]]
[2022.10.14-18.28.22:398][  0]LogConfig: Applying CVar settings from Section [/Script/Engine.RendererOverrideSettings] File [C:/Users/maxim/Desktop/INP/Cours/Langues/Zombie project/Zombie-project-inp/Zombie_project_inp/Saved/Config/Windows/Engine.ini]
[2022.10.14-18.28.22:398][  0]LogConfig: Applying CVar settings from Section [/Script/Engine.StreamingSettings] File [C:/Users/maxim/Desktop/INP/Cours/Langues/Zombie project/Zombie-project-inp/Zombie_project_inp/Saved/Config/Windows/Engine.ini]
[2022.10.14-18.28.22:398][  0]LogConfig: Setting CVar [[s.MinBulkDataSizeForAsyncLoading:131072]]
[2022.10.14-18.28.22:398][  0]LogConfig: Setting CVar [[s.AsyncLoadingThreadEnabled:0]]
[2022.10.14-18.28.22:398][  0]LogConfig: Setting CVar [[s.EventDrivenLoaderEnabled:1]]
[2022.10.14-18.28.22:398][  0]LogConfig: Setting CVar [[s.WarnIfTimeLimitExceeded:0]]
[2022.10.14-18.28.22:398][  0]LogConfig: Setting CVar [[s.TimeLimitExceededMultiplier:1.5]]
[2022.10.14-18.28.22:398][  0]LogConfig: Setting CVar [[s.TimeLimitExceededMinTime:0.005]]
[2022.10.14-18.28.22:398][  0]LogConfig: Setting CVar [[s.UseBackgroundLevelStreaming:1]]
[2022.10.14-18.28.22:398][  0]LogConfig: Setting CVar [[s.PriorityAsyncLoadingExtraTime:15.0]]
[2022.10.14-18.28.22:398][  0]LogConfig: Setting CVar [[s.LevelStreamingActorsUpdateTimeLimit:5.0]]
[2022.10.14-18.28.22:398][  0]LogConfig: Setting CVar [[s.PriorityLevelStreamingActorsUpdateExtraTime:5.0]]
[2022.10.14-18.28.22:398][  0]LogConfig: Setting CVar [[s.LevelStreamingComponentsRegistrationGranularity:10]]
[2022.10.14-18.28.22:398][  0]LogConfig: Setting CVar [[s.UnregisterComponentsTimeLimit:1.0]]
[2022.10.14-18.28.22:398][  0]LogConfig: Setting CVar [[s.LevelStreamingComponentsUnregistrationGranularity:5]]
[2022.10.14-18.28.22:398][  0]LogConfig: Setting CVar [[s.FlushStreamingOnExit:1]]
[2022.10.14-18.28.22:398][  0]LogConfig: Applying CVar settings from Section [/Script/Engine.GarbageCollectionSettings] File [C:/Users/maxim/Desktop/INP/Cours/Langues/Zombie project/Zombie-project-inp/Zombie_project_inp/Saved/Config/Windows/Engine.ini]
[2022.10.14-18.28.22:398][  0]LogConfig: Setting CVar [[gc.MaxObjectsNotConsideredByGC:1]]
[2022.10.14-18.28.22:398][  0]LogConfig: Setting CVar [[gc.SizeOfPermanentObjectPool:0]]
[2022.10.14-18.28.22:398][  0]LogConfig: Setting CVar [[gc.FlushStreamingOnGC:0]]
[2022.10.14-18.28.22:399][  0]LogConfig: Setting CVar [[gc.NumRetriesBeforeForcingGC:10]]
[2022.10.14-18.28.22:399][  0]LogConfig: Setting CVar [[gc.AllowParallelGC:1]]
[2022.10.14-18.28.22:399][  0]LogConfig: Setting CVar [[gc.TimeBetweenPurgingPendingKillObjects:61.1]]
[2022.10.14-18.28.22:399][  0]LogConfig: Setting CVar [[gc.MaxObjectsInEditor:25165824]]
[2022.10.14-18.28.22:399][  0]LogConfig: Setting CVar [[gc.IncrementalBeginDestroyEnabled:1]]
[2022.10.14-18.28.22:399][  0]LogConfig: Setting CVar [[gc.CreateGCClusters:1]]
[2022.10.14-18.28.22:399][  0]LogConfig: Setting CVar [[gc.MinGCClusterSize:5]]
[2022.10.14-18.28.22:399][  0]LogConfig: Setting CVar [[gc.ActorClusteringEnabled:0]]
[2022.10.14-18.28.22:399][  0]LogConfig: Setting CVar [[gc.BlueprintClusteringEnabled:0]]
[2022.10.14-18.28.22:399][  0]LogConfig: Setting CVar [[gc.UseDisregardForGCOnDedicatedServers:0]]
[2022.10.14-18.28.22:399][  0]LogConfig: Setting CVar [[gc.MultithreadedDestructionEnabled:1]]
[2022.10.14-18.28.22:399][  0]LogConfig: Applying CVar settings from Section [/Script/Engine.NetworkSettings] File [C:/Users/maxim/Desktop/INP/Cours/Langues/Zombie project/Zombie-project-inp/Zombie_project_inp/Saved/Config/Windows/Engine.ini]
[2022.10.14-18.28.22:399][  0]LogConfig: Applying CVar settings from Section [/Script/UnrealEd.CookerSettings] File [C:/Users/maxim/Desktop/INP/Cours/Langues/Zombie project/Zombie-project-inp/Zombie_project_inp/Saved/Config/Windows/Engine.ini]
[2022.10.14-18.28.22:402][  0]LogConfig: Applying CVar settings from Section [ViewDistanceQuality@3] File [C:/Users/maxim/Desktop/INP/Cours/Langues/Zombie project/Zombie-project-inp/Zombie_project_inp/Saved/Config/Windows/Scalability.ini]
[2022.10.14-18.28.22:402][  0]LogConfig: Setting CVar [[r.SkeletalMeshLODBias:0]]
[2022.10.14-18.28.22:402][  0]LogConfig: Setting CVar [[r.ViewDistanceScale:1.0]]
[2022.10.14-18.28.22:402][  0]LogConfig: Applying CVar settings from Section [AntiAliasingQuality@3] File [C:/Users/maxim/Desktop/INP/Cours/Langues/Zombie project/Zombie-project-inp/Zombie_project_inp/Saved/Config/Windows/Scalability.ini]
[2022.10.14-18.28.22:402][  0]LogConfig: Setting CVar [[r.PostProcessAAQuality:4]]
[2022.10.14-18.28.22:402][  0]LogConfig: Applying CVar settings from Section [ShadowQuality@3] File [C:/Users/maxim/Desktop/INP/Cours/Langues/Zombie project/Zombie-project-inp/Zombie_project_inp/Saved/Config/Windows/Scalability.ini]
[2022.10.14-18.28.22:402][  0]LogConfig: Setting CVar [[r.LightFunctionQuality:1]]
[2022.10.14-18.28.22:402][  0]LogConfig: Setting CVar [[r.ShadowQuality:5]]
[2022.10.14-18.28.22:402][  0]LogConfig: Setting CVar [[r.Shadow.CSM.MaxCascades:10]]
[2022.10.14-18.28.22:402][  0]LogConfig: Setting CVar [[r.Shadow.MaxResolution:2048]]
[2022.10.14-18.28.22:402][  0]LogConfig: Setting CVar [[r.Shadow.MaxCSMResolution:2048]]
[2022.10.14-18.28.22:402][  0]LogConfig: Setting CVar [[r.Shadow.RadiusThreshold:0.01]]
[2022.10.14-18.28.22:402][  0]LogConfig: Setting CVar [[r.Shadow.DistanceScale:1.0]]
[2022.10.14-18.28.22:402][  0]LogConfig: Setting CVar [[r.Shadow.CSM.TransitionScale:1.0]]
[2022.10.14-18.28.22:402][  0]LogConfig: Setting CVar [[r.Shadow.PreShadowResolutionFactor:1.0]]
[2022.10.14-18.28.22:402][  0]LogConfig: Setting CVar [[r.DistanceFieldShadowing:1]]
[2022.10.14-18.28.22:402][  0]LogConfig: Setting CVar [[r.DistanceFieldAO:1]]
[2022.10.14-18.28.22:402][  0]LogConfig: Setting CVar [[r.AOQuality:2]]
[2022.10.14-18.28.22:402][  0]LogConfig: Setting CVar [[r.VolumetricFog:1]]
[2022.10.14-18.28.22:402][  0]LogConfig: Setting CVar [[r.VolumetricFog.GridPixelSize:8]]
[2022.10.14-18.28.22:403][  0]LogConfig: Setting CVar [[r.VolumetricFog.GridSizeZ:128]]
[2022.10.14-18.28.22:403][  0]LogConfig: Setting CVar [[r.VolumetricFog.HistoryMissSupersampleCount:4]]
[2022.10.14-18.28.22:403][  0]LogConfig: Setting CVar [[r.LightMaxDrawDistanceScale:1]]
[2022.10.14-18.28.22:403][  0]LogConfig: Setting CVar [[r.CapsuleShadows:1]]
[2022.10.14-18.28.22:403][  0]LogConfig: Applying CVar settings from Section [PostProcessQuality@3] File [C:/Users/maxim/Desktop/INP/Cours/Langues/Zombie project/Zombie-project-inp/Zombie_project_inp/Saved/Config/Windows/Scalability.ini]
[2022.10.14-18.28.22:403][  0]LogConfig: Setting CVar [[r.MotionBlurQuality:4]]
[2022.10.14-18.28.22:403][  0]LogConfig: Setting CVar [[r.AmbientOcclusionMipLevelFactor:0.4]]
[2022.10.14-18.28.22:403][  0]LogConfig: Setting CVar [[r.AmbientOcclusionMaxQuality:100]]
[2022.10.14-18.28.22:403][  0]LogConfig: Setting CVar [[r.AmbientOcclusionLevels:-1]]
[2022.10.14-18.28.22:403][  0]LogConfig: Setting CVar [[r.AmbientOcclusionRadiusScale:1.0]]
[2022.10.14-18.28.22:403][  0]LogConfig: Setting CVar [[r.DepthOfFieldQuality:2]]
[2022.10.14-18.28.22:403][  0]LogConfig: Setting CVar [[r.RenderTargetPoolMin:400]]
[2022.10.14-18.28.22:403][  0]LogConfig: Setting CVar [[r.LensFlareQuality:2]]
[2022.10.14-18.28.22:403][  0]LogConfig: Setting CVar [[r.SceneColorFringeQuality:1]]
[2022.10.14-18.28.22:403][  0]LogConfig: Setting CVar [[r.EyeAdaptationQuality:2]]
[2022.10.14-18.28.22:403][  0]LogConfig: Setting CVar [[r.BloomQuality:5]]
[2022.10.14-18.28.22:403][  0]LogConfig: Setting CVar [[r.FastBlurThreshold:100]]
[2022.10.14-18.28.22:403][  0]LogConfig: Setting CVar [[r.Upscale.Quality:3]]
[2022.10.14-18.28.22:403][  0]LogConfig: Setting CVar [[r.Tonemapper.GrainQuantization:1]]
[2022.10.14-18.28.22:403][  0]LogConfig: Setting CVar [[r.LightShaftQuality:1]]
[2022.10.14-18.28.22:403][  0]LogConfig: Setting CVar [[r.Filter.SizeScale:1]]
[2022.10.14-18.28.22:403][  0]LogConfig: Setting CVar [[r.Tonemapper.Quality:5]]
[2022.10.14-18.28.22:403][  0]LogConfig: Setting CVar [[r.DOF.Gather.AccumulatorQuality:1        ; higher gathering accumulator quality]]
[2022.10.14-18.28.22:403][  0]LogConfig: Setting CVar [[r.DOF.Gather.PostfilterMethod:1          ; Median3x3 postfilering method]]
[2022.10.14-18.28.22:403][  0]LogConfig: Setting CVar [[r.DOF.Gather.EnableBokehSettings:0       ; no bokeh simulation when gathering]]
[2022.10.14-18.28.22:403][  0]LogConfig: Setting CVar [[r.DOF.Gather.RingCount:4                 ; medium number of samples when gathering]]
[2022.10.14-18.28.22:403][  0]LogConfig: Setting CVar [[r.DOF.Scatter.ForegroundCompositing:1    ; additive foreground scattering]]
[2022.10.14-18.28.22:403][  0]LogConfig: Setting CVar [[r.DOF.Scatter.BackgroundCompositing:2    ; additive background scattering]]
[2022.10.14-18.28.22:403][  0]LogConfig: Setting CVar [[r.DOF.Scatter.EnableBokehSettings:1      ; bokeh simulation when scattering]]
[2022.10.14-18.28.22:403][  0]LogConfig: Setting CVar [[r.DOF.Scatter.MaxSpriteRatio:0.1         ; only a maximum of 10% of scattered bokeh]]
[2022.10.14-18.28.22:403][  0]LogConfig: Setting CVar [[r.DOF.Recombine.Quality:1                ; cheap slight out of focus]]
[2022.10.14-18.28.22:403][  0]LogConfig: Setting CVar [[r.DOF.Recombine.EnableBokehSettings:0    ; no bokeh simulation on slight out of focus]]
[2022.10.14-18.28.22:403][  0]LogConfig: Setting CVar [[r.DOF.TemporalAAQuality:1                ; more stable temporal accumulation]]
[2022.10.14-18.28.22:403][  0]LogConfig: Setting CVar [[r.DOF.Kernel.MaxForegroundRadius:0.025]]
[2022.10.14-18.28.22:403][  0]LogConfig: Setting CVar [[r.DOF.Kernel.MaxBackgroundRadius:0.025]]
[2022.10.14-18.28.22:403][  0]LogConfig: Applying CVar settings from Section [TextureQuality@3] File [C:/Users/maxim/Desktop/INP/Cours/Langues/Zombie project/Zombie-project-inp/Zombie_project_inp/Saved/Config/Windows/Scalability.ini]
[2022.10.14-18.28.22:403][  0]LogConfig: Setting CVar [[r.Streaming.MipBias:0]]
[2022.10.14-18.28.22:403][  0]LogConfig: Setting CVar [[r.Streaming.AmortizeCPUToGPUCopy:0]]
[2022.10.14-18.28.22:403][  0]LogConfig: Setting CVar [[r.Streaming.MaxNumTexturesToStreamPerFrame:0]]
[2022.10.14-18.28.22:403][  0]LogConfig: Setting CVar [[r.Streaming.Boost:1]]
[2022.10.14-18.28.22:403][  0]LogConfig: Setting CVar [[r.MaxAnisotropy:8]]
[2022.10.14-18.28.22:403][  0]LogConfig: Setting CVar [[r.VT.MaxAnisotropy:8]]
[2022.10.14-18.28.22:403][  0]LogConfig: Setting CVar [[r.Streaming.LimitPoolSizeToVRAM:0]]
[2022.10.14-18.28.22:403][  0]LogConfig: Setting CVar [[r.Streaming.PoolSize:1000]]
[2022.10.14-18.28.22:403][  0]LogConfig: Setting CVar [[r.Streaming.MaxEffectiveScreenSize:0]]
[2022.10.14-18.28.22:403][  0]LogConfig: Applying CVar settings from Section [EffectsQuality@3] File [C:/Users/maxim/Desktop/INP/Cours/Langues/Zombie project/Zombie-project-inp/Zombie_project_inp/Saved/Config/Windows/Scalability.ini]
[2022.10.14-18.28.22:403][  0]LogConfig: Setting CVar [[r.TranslucencyLightingVolumeDim:64]]
[2022.10.14-18.28.22:403][  0]LogConfig: Setting CVar [[r.RefractionQuality:2]]
[2022.10.14-18.28.22:403][  0]LogConfig: Setting CVar [[r.SSR.Quality:3]]
[2022.10.14-18.28.22:403][  0]LogConfig: Setting CVar [[r.SSR.HalfResSceneColor:0]]
[2022.10.14-18.28.22:403][  0]LogConfig: Setting CVar [[r.SceneColorFormat:4]]
[2022.10.14-18.28.22:403][  0]LogConfig: Setting CVar [[r.DetailMode:2]]
[2022.10.14-18.28.22:403][  0]LogConfig: Setting CVar [[r.TranslucencyVolumeBlur:1]]
[2022.10.14-18.28.22:403][  0]LogConfig: Setting CVar [[r.MaterialQualityLevel:1 ; High quality]]
[2022.10.14-18.28.22:403][  0]LogConfig: Setting CVar [[r.AnisotropicMaterials:1]]
[2022.10.14-18.28.22:403][  0]LogConfig: Setting CVar [[r.SSS.Scale:1]]
[2022.10.14-18.28.22:403][  0]LogConfig: Setting CVar [[r.SSS.SampleSet:2]]
[2022.10.14-18.28.22:403][  0]LogConfig: Setting CVar [[r.SSS.Quality:1]]
[2022.10.14-18.28.22:403][  0]LogConfig: Setting CVar [[r.SSS.HalfRes:0]]
[2022.10.14-18.28.22:403][  0]LogConfig: Setting CVar [[r.SSGI.Quality:3]]
[2022.10.14-18.28.22:403][  0]LogConfig: Setting CVar [[r.EmitterSpawnRateScale:1.0]]
[2022.10.14-18.28.22:403][  0]LogConfig: Setting CVar [[r.ParticleLightQuality:2]]
[2022.10.14-18.28.22:403][  0]LogConfig: Setting CVar [[r.SkyAtmosphere.AerialPerspectiveLUT.FastApplyOnOpaque:1 ; Always have FastSkyLUT 1 in this case to avoid wrong sky]]
[2022.10.14-18.28.22:403][  0]LogConfig: Setting CVar [[r.SkyAtmosphere.AerialPerspectiveLUT.SampleCountMaxPerSlice:4]]
[2022.10.14-18.28.22:403][  0]LogConfig: Setting CVar [[r.SkyAtmosphere.AerialPerspectiveLUT.DepthResolution:16.0]]
[2022.10.14-18.28.22:403][  0]LogConfig: Setting CVar [[r.SkyAtmosphere.FastSkyLUT:1]]
[2022.10.14-18.28.22:403][  0]LogConfig: Setting CVar [[r.SkyAtmosphere.FastSkyLUT.SampleCountMin:4.0]]
[2022.10.14-18.28.22:403][  0]LogConfig: Setting CVar [[r.SkyAtmosphere.FastSkyLUT.SampleCountMax:128.0]]
[2022.10.14-18.28.22:403][  0]LogConfig: Setting CVar [[r.SkyAtmosphere.SampleCountMin:4.0]]
[2022.10.14-18.28.22:403][  0]LogConfig: Setting CVar [[r.SkyAtmosphere.SampleCountMax:128.0]]
[2022.10.14-18.28.22:403][  0]LogConfig: Setting CVar [[r.SkyAtmosphere.TransmittanceLUT.UseSmallFormat:0]]
[2022.10.14-18.28.22:403][  0]LogConfig: Setting CVar [[r.SkyAtmosphere.TransmittanceLUT.SampleCount:10.0]]
[2022.10.14-18.28.22:403][  0]LogConfig: Setting CVar [[r.SkyAtmosphere.MultiScatteringLUT.SampleCount:15.0]]
[2022.10.14-18.28.22:403][  0]LogConfig: Setting CVar [[r.SkyLight.RealTimeReflectionCapture:1]]
[2022.10.14-18.28.22:403][  0]LogConfig: Applying CVar settings from Section [FoliageQuality@3] File [C:/Users/maxim/Desktop/INP/Cours/Langues/Zombie project/Zombie-project-inp/Zombie_project_inp/Saved/Config/Windows/Scalability.ini]
[2022.10.14-18.28.22:403][  0]LogConfig: Setting CVar [[foliage.DensityScale:1.0]]
[2022.10.14-18.28.22:403][  0]LogConfig: Setting CVar [[grass.DensityScale:1.0]]
[2022.10.14-18.28.22:403][  0]LogConfig: Applying CVar settings from Section [ShadingQuality@3] File [C:/Users/maxim/Desktop/INP/Cours/Langues/Zombie project/Zombie-project-inp/Zombie_project_inp/Saved/Config/Windows/Scalability.ini]
[2022.10.14-18.28.22:403][  0]LogConfig: Setting CVar [[r.HairStrands.SkyLighting.IntegrationType:2]]
[2022.10.14-18.28.22:403][  0]LogConfig: Setting CVar [[r.HairStrands.SkyAO.SampleCount:4]]
[2022.10.14-18.28.22:403][  0]LogConfig: Setting CVar [[r.HairStrands.Visibility.MSAA.SamplePerPixel:4]]
[2022.10.14-18.28.22:405][  0]LogInit: Selected Device Profile: [Windows]
[2022.10.14-18.28.22:405][  0]LogInit: Applying CVar settings loaded from the selected device profile: [Windows]
[2022.10.14-18.28.22:405][  0]LogHAL: Display: Platform has ~ 8 GB [8362713088 / 8589934592 / 8], which maps to Default [LargestMinGB=32, LargerMinGB=12, DefaultMinGB=8, SmallerMinGB=6, SmallestMinGB=0)
[2022.10.14-18.28.22:405][  0]LogInit: Going up to parent DeviceProfile []
[2022.10.14-18.28.22:405][  0]LogConfig: Applying CVar settings from Section [ViewDistanceQuality@3] File [C:/Users/maxim/Desktop/INP/Cours/Langues/Zombie project/Zombie-project-inp/Zombie_project_inp/Saved/Config/Windows/Scalability.ini]
[2022.10.14-18.28.22:405][  0]LogConfig: Setting CVar [[r.SkeletalMeshLODBias:0]]
[2022.10.14-18.28.22:405][  0]LogConfig: Setting CVar [[r.ViewDistanceScale:1.0]]
[2022.10.14-18.28.22:405][  0]LogConfig: Applying CVar settings from Section [AntiAliasingQuality@3] File [C:/Users/maxim/Desktop/INP/Cours/Langues/Zombie project/Zombie-project-inp/Zombie_project_inp/Saved/Config/Windows/Scalability.ini]
[2022.10.14-18.28.22:405][  0]LogConfig: Setting CVar [[r.PostProcessAAQuality:4]]
[2022.10.14-18.28.22:405][  0]LogConfig: Applying CVar settings from Section [ShadowQuality@3] File [C:/Users/maxim/Desktop/INP/Cours/Langues/Zombie project/Zombie-project-inp/Zombie_project_inp/Saved/Config/Windows/Scalability.ini]
[2022.10.14-18.28.22:405][  0]LogConfig: Setting CVar [[r.LightFunctionQuality:1]]
[2022.10.14-18.28.22:405][  0]LogConfig: Setting CVar [[r.ShadowQuality:5]]
[2022.10.14-18.28.22:405][  0]LogConfig: Setting CVar [[r.Shadow.CSM.MaxCascades:10]]
[2022.10.14-18.28.22:405][  0]LogConfig: Setting CVar [[r.Shadow.MaxResolution:2048]]
[2022.10.14-18.28.22:405][  0]LogConfig: Setting CVar [[r.Shadow.MaxCSMResolution:2048]]
[2022.10.14-18.28.22:405][  0]LogConfig: Setting CVar [[r.Shadow.RadiusThreshold:0.01]]
[2022.10.14-18.28.22:405][  0]LogConfig: Setting CVar [[r.Shadow.DistanceScale:1.0]]
[2022.10.14-18.28.22:405][  0]LogConfig: Setting CVar [[r.Shadow.CSM.TransitionScale:1.0]]
[2022.10.14-18.28.22:405][  0]LogConfig: Setting CVar [[r.Shadow.PreShadowResolutionFactor:1.0]]
[2022.10.14-18.28.22:405][  0]LogConfig: Setting CVar [[r.DistanceFieldShadowing:1]]
[2022.10.14-18.28.22:405][  0]LogConfig: Setting CVar [[r.DistanceFieldAO:1]]
[2022.10.14-18.28.22:405][  0]LogConfig: Setting CVar [[r.AOQuality:2]]
[2022.10.14-18.28.22:405][  0]LogConfig: Setting CVar [[r.VolumetricFog:1]]
[2022.10.14-18.28.22:405][  0]LogConfig: Setting CVar [[r.VolumetricFog.GridPixelSize:8]]
[2022.10.14-18.28.22:405][  0]LogConfig: Setting CVar [[r.VolumetricFog.GridSizeZ:128]]
[2022.10.14-18.28.22:405][  0]LogConfig: Setting CVar [[r.VolumetricFog.HistoryMissSupersampleCount:4]]
[2022.10.14-18.28.22:405][  0]LogConfig: Setting CVar [[r.LightMaxDrawDistanceScale:1]]
[2022.10.14-18.28.22:405][  0]LogConfig: Setting CVar [[r.CapsuleShadows:1]]
[2022.10.14-18.28.22:405][  0]LogConfig: Applying CVar settings from Section [PostProcessQuality@3] File [C:/Users/maxim/Desktop/INP/Cours/Langues/Zombie project/Zombie-project-inp/Zombie_project_inp/Saved/Config/Windows/Scalability.ini]
[2022.10.14-18.28.22:405][  0]LogConfig: Setting CVar [[r.MotionBlurQuality:4]]
[2022.10.14-18.28.22:405][  0]LogConfig: Setting CVar [[r.AmbientOcclusionMipLevelFactor:0.4]]
[2022.10.14-18.28.22:405][  0]LogConfig: Setting CVar [[r.AmbientOcclusionMaxQuality:100]]
[2022.10.14-18.28.22:405][  0]LogConfig: Setting CVar [[r.AmbientOcclusionLevels:-1]]
[2022.10.14-18.28.22:405][  0]LogConfig: Setting CVar [[r.AmbientOcclusionRadiusScale:1.0]]
[2022.10.14-18.28.22:405][  0]LogConfig: Setting CVar [[r.DepthOfFieldQuality:2]]
[2022.10.14-18.28.22:405][  0]LogConfig: Setting CVar [[r.RenderTargetPoolMin:400]]
[2022.10.14-18.28.22:405][  0]LogConfig: Setting CVar [[r.LensFlareQuality:2]]
[2022.10.14-18.28.22:405][  0]LogConfig: Setting CVar [[r.SceneColorFringeQuality:1]]
[2022.10.14-18.28.22:405][  0]LogConfig: Setting CVar [[r.EyeAdaptationQuality:2]]
[2022.10.14-18.28.22:405][  0]LogConfig: Setting CVar [[r.BloomQuality:5]]
[2022.10.14-18.28.22:405][  0]LogConfig: Setting CVar [[r.FastBlurThreshold:100]]
[2022.10.14-18.28.22:405][  0]LogConfig: Setting CVar [[r.Upscale.Quality:3]]
[2022.10.14-18.28.22:405][  0]LogConfig: Setting CVar [[r.Tonemapper.GrainQuantization:1]]
[2022.10.14-18.28.22:405][  0]LogConfig: Setting CVar [[r.LightShaftQuality:1]]
[2022.10.14-18.28.22:405][  0]LogConfig: Setting CVar [[r.Filter.SizeScale:1]]
[2022.10.14-18.28.22:405][  0]LogConfig: Setting CVar [[r.Tonemapper.Quality:5]]
[2022.10.14-18.28.22:405][  0]LogConfig: Setting CVar [[r.DOF.Gather.AccumulatorQuality:1        ; higher gathering accumulator quality]]
[2022.10.14-18.28.22:405][  0]LogConfig: Setting CVar [[r.DOF.Gather.PostfilterMethod:1          ; Median3x3 postfilering method]]
[2022.10.14-18.28.22:405][  0]LogConfig: Setting CVar [[r.DOF.Gather.EnableBokehSettings:0       ; no bokeh simulation when gathering]]
[2022.10.14-18.28.22:405][  0]LogConfig: Setting CVar [[r.DOF.Gather.RingCount:4                 ; medium number of samples when gathering]]
[2022.10.14-18.28.22:405][  0]LogConfig: Setting CVar [[r.DOF.Scatter.ForegroundCompositing:1    ; additive foreground scattering]]
[2022.10.14-18.28.22:405][  0]LogConfig: Setting CVar [[r.DOF.Scatter.BackgroundCompositing:2    ; additive background scattering]]
[2022.10.14-18.28.22:405][  0]LogConfig: Setting CVar [[r.DOF.Scatter.EnableBokehSettings:1      ; bokeh simulation when scattering]]
[2022.10.14-18.28.22:405][  0]LogConfig: Setting CVar [[r.DOF.Scatter.MaxSpriteRatio:0.1         ; only a maximum of 10% of scattered bokeh]]
[2022.10.14-18.28.22:405][  0]LogConfig: Setting CVar [[r.DOF.Recombine.Quality:1                ; cheap slight out of focus]]
[2022.10.14-18.28.22:405][  0]LogConfig: Setting CVar [[r.DOF.Recombine.EnableBokehSettings:0    ; no bokeh simulation on slight out of focus]]
[2022.10.14-18.28.22:405][  0]LogConfig: Setting CVar [[r.DOF.TemporalAAQuality:1                ; more stable temporal accumulation]]
[2022.10.14-18.28.22:405][  0]LogConfig: Setting CVar [[r.DOF.Kernel.MaxForegroundRadius:0.025]]
[2022.10.14-18.28.22:405][  0]LogConfig: Setting CVar [[r.DOF.Kernel.MaxBackgroundRadius:0.025]]
[2022.10.14-18.28.22:405][  0]LogConfig: Applying CVar settings from Section [TextureQuality@3] File [C:/Users/maxim/Desktop/INP/Cours/Langues/Zombie project/Zombie-project-inp/Zombie_project_inp/Saved/Config/Windows/Scalability.ini]
[2022.10.14-18.28.22:405][  0]LogConfig: Setting CVar [[r.Streaming.MipBias:0]]
[2022.10.14-18.28.22:405][  0]LogConfig: Setting CVar [[r.Streaming.AmortizeCPUToGPUCopy:0]]
[2022.10.14-18.28.22:405][  0]LogConfig: Setting CVar [[r.Streaming.MaxNumTexturesToStreamPerFrame:0]]
[2022.10.14-18.28.22:405][  0]LogConfig: Setting CVar [[r.Streaming.Boost:1]]
[2022.10.14-18.28.22:405][  0]LogConfig: Setting CVar [[r.MaxAnisotropy:8]]
[2022.10.14-18.28.22:405][  0]LogConfig: Setting CVar [[r.VT.MaxAnisotropy:8]]
[2022.10.14-18.28.22:405][  0]LogConfig: Setting CVar [[r.Streaming.LimitPoolSizeToVRAM:0]]
[2022.10.14-18.28.22:405][  0]LogConfig: Setting CVar [[r.Streaming.PoolSize:1000]]
[2022.10.14-18.28.22:405][  0]LogConfig: Setting CVar [[r.Streaming.MaxEffectiveScreenSize:0]]
[2022.10.14-18.28.22:405][  0]LogConfig: Applying CVar settings from Section [EffectsQuality@3] File [C:/Users/maxim/Desktop/INP/Cours/Langues/Zombie project/Zombie-project-inp/Zombie_project_inp/Saved/Config/Windows/Scalability.ini]
[2022.10.14-18.28.22:405][  0]LogConfig: Setting CVar [[r.TranslucencyLightingVolumeDim:64]]
[2022.10.14-18.28.22:405][  0]LogConfig: Setting CVar [[r.RefractionQuality:2]]
[2022.10.14-18.28.22:405][  0]LogConfig: Setting CVar [[r.SSR.Quality:3]]
[2022.10.14-18.28.22:405][  0]LogConfig: Setting CVar [[r.SSR.HalfResSceneColor:0]]
[2022.10.14-18.28.22:405][  0]LogConfig: Setting CVar [[r.SceneColorFormat:4]]
[2022.10.14-18.28.22:405][  0]LogConfig: Setting CVar [[r.DetailMode:2]]
[2022.10.14-18.28.22:405][  0]LogConfig: Setting CVar [[r.TranslucencyVolumeBlur:1]]
[2022.10.14-18.28.22:405][  0]LogConfig: Setting CVar [[r.MaterialQualityLevel:1 ; High quality]]
[2022.10.14-18.28.22:405][  0]LogConfig: Setting CVar [[r.AnisotropicMaterials:1]]
[2022.10.14-18.28.22:405][  0]LogConfig: Setting CVar [[r.SSS.Scale:1]]
[2022.10.14-18.28.22:405][  0]LogConfig: Setting CVar [[r.SSS.SampleSet:2]]
[2022.10.14-18.28.22:405][  0]LogConfig: Setting CVar [[r.SSS.Quality:1]]
[2022.10.14-18.28.22:405][  0]LogConfig: Setting CVar [[r.SSS.HalfRes:0]]
[2022.10.14-18.28.22:405][  0]LogConfig: Setting CVar [[r.SSGI.Quality:3]]
[2022.10.14-18.28.22:405][  0]LogConfig: Setting CVar [[r.EmitterSpawnRateScale:1.0]]
[2022.10.14-18.28.22:405][  0]LogConfig: Setting CVar [[r.ParticleLightQuality:2]]
[2022.10.14-18.28.22:405][  0]LogConfig: Setting CVar [[r.SkyAtmosphere.AerialPerspectiveLUT.FastApplyOnOpaque:1 ; Always have FastSkyLUT 1 in this case to avoid wrong sky]]
[2022.10.14-18.28.22:405][  0]LogConfig: Setting CVar [[r.SkyAtmosphere.AerialPerspectiveLUT.SampleCountMaxPerSlice:4]]
[2022.10.14-18.28.22:405][  0]LogConfig: Setting CVar [[r.SkyAtmosphere.AerialPerspectiveLUT.DepthResolution:16.0]]
[2022.10.14-18.28.22:405][  0]LogConfig: Setting CVar [[r.SkyAtmosphere.FastSkyLUT:1]]
[2022.10.14-18.28.22:405][  0]LogConfig: Setting CVar [[r.SkyAtmosphere.FastSkyLUT.SampleCountMin:4.0]]
[2022.10.14-18.28.22:405][  0]LogConfig: Setting CVar [[r.SkyAtmosphere.FastSkyLUT.SampleCountMax:128.0]]
[2022.10.14-18.28.22:405][  0]LogConfig: Setting CVar [[r.SkyAtmosphere.SampleCountMin:4.0]]
[2022.10.14-18.28.22:405][  0]LogConfig: Setting CVar [[r.SkyAtmosphere.SampleCountMax:128.0]]
[2022.10.14-18.28.22:405][  0]LogConfig: Setting CVar [[r.SkyAtmosphere.TransmittanceLUT.UseSmallFormat:0]]
[2022.10.14-18.28.22:405][  0]LogConfig: Setting CVar [[r.SkyAtmosphere.TransmittanceLUT.SampleCount:10.0]]
[2022.10.14-18.28.22:405][  0]LogConfig: Setting CVar [[r.SkyAtmosphere.MultiScatteringLUT.SampleCount:15.0]]
[2022.10.14-18.28.22:405][  0]LogConfig: Setting CVar [[r.SkyLight.RealTimeReflectionCapture:1]]
[2022.10.14-18.28.22:405][  0]LogConfig: Applying CVar settings from Section [FoliageQuality@3] File [C:/Users/maxim/Desktop/INP/Cours/Langues/Zombie project/Zombie-project-inp/Zombie_project_inp/Saved/Config/Windows/Scalability.ini]
[2022.10.14-18.28.22:405][  0]LogConfig: Setting CVar [[foliage.DensityScale:1.0]]
[2022.10.14-18.28.22:405][  0]LogConfig: Setting CVar [[grass.DensityScale:1.0]]
[2022.10.14-18.28.22:405][  0]LogConfig: Applying CVar settings from Section [ShadingQuality@3] File [C:/Users/maxim/Desktop/INP/Cours/Langues/Zombie project/Zombie-project-inp/Zombie_project_inp/Saved/Config/Windows/Scalability.ini]
[2022.10.14-18.28.22:405][  0]LogConfig: Setting CVar [[r.HairStrands.SkyLighting.IntegrationType:2]]
[2022.10.14-18.28.22:405][  0]LogConfig: Setting CVar [[r.HairStrands.SkyAO.SampleCount:4]]
[2022.10.14-18.28.22:405][  0]LogConfig: Setting CVar [[r.HairStrands.Visibility.MSAA.SamplePerPixel:4]]
[2022.10.14-18.28.22:405][  0]LogConfig: Applying CVar settings from Section [Startup] File [../../../Engine/Config/ConsoleVariables.ini]
[2022.10.14-18.28.22:406][  0]LogConfig: Setting CVar [[net.UseAdaptiveNetUpdateFrequency:0]]
[2022.10.14-18.28.22:406][  0]LogConfig: Setting CVar [[p.chaos.AllowCreatePhysxBodies:1]]
[2022.10.14-18.28.22:406][  0]LogConfig: Setting CVar [[fx.SkipVectorVMBackendOptimizations:1]]
[2022.10.14-18.28.22:406][  0]LogConfig: Applying CVar settings from Section [ConsoleVariables] File [C:/Users/maxim/Desktop/INP/Cours/Langues/Zombie project/Zombie-project-inp/Zombie_project_inp/Saved/Config/Windows/Engine.ini]
[2022.10.14-18.28.22:406][  0]LogConfig: Applying CVar settings from Section [ConsoleVariables] File [C:/Users/maxim/Desktop/INP/Cours/Langues/Zombie project/Zombie-project-inp/Zombie_project_inp/Saved/Config/Windows/Editor.ini]
[2022.10.14-18.28.22:406][  0]LogInit: Computer: LAPTOP-95FRR7PE
[2022.10.14-18.28.22:406][  0]LogInit: User: maxim
[2022.10.14-18.28.22:406][  0]LogInit: CPU Page size=4096, Cores=4
[2022.10.14-18.28.22:406][  0]LogInit: High frequency timer resolution =10.000000 MHz
[2022.10.14-18.28.22:406][  0]LogMemory: Memory total: Physical=7.8GB (8GB approx)
[2022.10.14-18.28.22:406][  0]LogMemory: Platform Memory Stats for Windows
[2022.10.14-18.28.22:406][  0]LogMemory: Process Physical Memory: 144.99 MB used, 144.99 MB peak
[2022.10.14-18.28.22:406][  0]LogMemory: Process Virtual Memory: 115.34 MB used, 115.34 MB peak
[2022.10.14-18.28.22:406][  0]LogMemory: Physical Memory: 6952.92 MB used,  1022.39 MB free, 7975.30 MB total
[2022.10.14-18.28.22:406][  0]LogMemory: Virtual Memory: 134212008.00 MB used,  5720.29 MB free, 134217728.00 MB total
[2022.10.14-18.28.22:415][  0]LogWindows: WindowsPlatformFeatures enabled
[2022.10.14-18.28.22:476][  0]LogInit: Physics initialised using underlying interface: PhysX
[2022.10.14-18.28.22:478][  0]LogInit: Using OS detected language (fr-FR).
[2022.10.14-18.28.22:478][  0]LogInit: Using OS detected locale (fr-FR).
[2022.10.14-18.28.22:486][  0]LogTextLocalizationManager: No specific localization for 'fr-FR' exists, so the 'fr' localization will be used.
[2022.10.14-18.28.22:487][  0]LogTextLocalizationResource: LocRes '../../../Engine/Content/Localization/Editor/fr/Editor.locres' could not be opened for reading!
[2022.10.14-18.28.22:487][  0]LogTextLocalizationResource: LocRes '../../../Engine/Content/Localization/EditorTutorials/fr/EditorTutorials.locres' could not be opened for reading!
[2022.10.14-18.28.22:487][  0]LogTextLocalizationResource: LocRes '../../../Engine/Content/Localization/Keywords/fr/Keywords.locres' could not be opened for reading!
[2022.10.14-18.28.22:487][  0]LogTextLocalizationResource: LocRes '../../../Engine/Content/Localization/Category/fr/Category.locres' could not be opened for reading!
[2022.10.14-18.28.22:487][  0]LogTextLocalizationResource: LocRes '../../../Engine/Content/Localization/ToolTips/fr/ToolTips.locres' could not be opened for reading!
[2022.10.14-18.28.22:488][  0]LogTextLocalizationResource: LocRes '../../../Engine/Content/Localization/PropertyNames/fr/PropertyNames.locres' could not be opened for reading!
[2022.10.14-18.28.22:488][  0]LogTextLocalizationResource: LocRes '../../../Engine/Content/Localization/Engine/fr/Engine.locres' could not be opened for reading!
[2022.10.14-18.28.22:490][  0]LogInit: Setting process to per monitor DPI aware
[2022.10.14-18.28.22:501][  0]LogWindowsTextInputMethodSystem: Display: IME system deactivated.
[2022.10.14-18.28.22:522][  0]LogSlate: New Slate User Created.  User Index 0, Is Virtual User: 0
[2022.10.14-18.28.22:522][  0]LogSlate: Slate User Registered.  User Index 0, Is Virtual User: 0
[2022.10.14-18.28.22:799][  0]LogD3D11RHI: Loaded GFSDK_Aftermath_Lib.x64.dll
[2022.10.14-18.28.22:804][  0]LogHMD: Failed to initialize OpenVR with code 110
[2022.10.14-18.28.22:804][  0]LogD3D11RHI: D3D11 min allowed feature level: 11_0
[2022.10.14-18.28.22:804][  0]LogD3D11RHI: D3D11 max allowed feature level: 11_0
[2022.10.14-18.28.22:804][  0]LogD3D11RHI: D3D11 adapters:
[2022.10.14-18.28.23:071][  0]LogD3D11RHI:    0. 'Intel(R) Iris(R) Xe Graphics' (Feature Level 11_0)
[2022.10.14-18.28.23:071][  0]LogD3D11RHI:       128/0/3987 MB DedicatedVideo/DedicatedSystem/SharedSystem, Outputs:1, VendorId:0x8086
[2022.10.14-18.28.23:074][  0]LogD3D11RHI:    1. 'Microsoft Basic Render Driver' (Feature Level 11_0)
[2022.10.14-18.28.23:074][  0]LogD3D11RHI:       0/0/3987 MB DedicatedVideo/DedicatedSystem/SharedSystem, Outputs:0, VendorId:0x1414
[2022.10.14-18.28.23:075][  0]LogD3D11RHI: Chosen D3D11 Adapter:
[2022.10.14-18.28.23:075][  0]LogD3D11RHI:     Description : Intel(R) Iris(R) Xe Graphics
[2022.10.14-18.28.23:075][  0]LogD3D11RHI:     VendorId    : 8086
[2022.10.14-18.28.23:075][  0]LogD3D11RHI:     DeviceId    : 9a49
[2022.10.14-18.28.23:075][  0]LogD3D11RHI:     SubSysId    : 3f9c17aa
[2022.10.14-18.28.23:075][  0]LogD3D11RHI:     Revision    : 0001
[2022.10.14-18.28.23:075][  0]LogD3D11RHI:     DedicatedVideoMemory : 134217728 bytes
[2022.10.14-18.28.23:075][  0]LogD3D11RHI:     DedicatedSystemMemory : 0 bytes
[2022.10.14-18.28.23:075][  0]LogD3D11RHI:     SharedSystemMemory : 4181356544 bytes
[2022.10.14-18.28.23:075][  0]LogD3D11RHI:     AdapterLuid : 0 55939
[2022.10.14-18.28.23:088][  0]LogD3D11RHI: Creating new Direct3DDevice
[2022.10.14-18.28.23:088][  0]LogD3D11RHI:     GPU DeviceId: 0x9a49 (for the marketing name, search the web for "GPU Device Id")
[2022.10.14-18.28.23:088][  0]LogWindows: EnumDisplayDevices:
[2022.10.14-18.28.23:088][  0]LogWindows:    0. 'Intel(R) Iris(R) Xe Graphics' (P:1 D:1)
[2022.10.14-18.28.23:088][  0]LogWindows:    1. 'Intel(R) Iris(R) Xe Graphics' (P:0 D:0)
[2022.10.14-18.28.23:089][  0]LogWindows:    2. 'Intel(R) Iris(R) Xe Graphics' (P:0 D:0)
[2022.10.14-18.28.23:089][  0]LogWindows:    3. 'Intel(R) Iris(R) Xe Graphics' (P:0 D:0)
[2022.10.14-18.28.23:089][  0]LogWindows: DebugString: FoundDriverCount:4 
[2022.10.14-18.28.23:089][  0]LogD3D11RHI:     Adapter Name: Intel(R) Iris(R) Xe Graphics
[2022.10.14-18.28.23:089][  0]LogD3D11RHI:   Driver Version: 30.0.101.1692 (internal:30.0.101.1692, unified:30.0.101.1692)
[2022.10.14-18.28.23:089][  0]LogD3D11RHI:      Driver Date: 4-11-2022
[2022.10.14-18.28.23:089][  0]LogRHI: Texture pool is 1485 MB (70% of 2121 MB)
[2022.10.14-18.28.23:101][  0]LogD3D11RHI: Creating D3DDevice using adapter:
[2022.10.14-18.28.23:101][  0]LogD3D11RHI:     Description : Intel(R) Iris(R) Xe Graphics
[2022.10.14-18.28.23:101][  0]LogD3D11RHI:     VendorId    : 8086
[2022.10.14-18.28.23:101][  0]LogD3D11RHI:     DeviceId    : 9a49
[2022.10.14-18.28.23:101][  0]LogD3D11RHI:     SubSysId    : 3f9c17aa
[2022.10.14-18.28.23:101][  0]LogD3D11RHI:     Revision    : 0001
[2022.10.14-18.28.23:101][  0]LogD3D11RHI:     DedicatedVideoMemory : 134217728 bytes
[2022.10.14-18.28.23:101][  0]LogD3D11RHI:     DedicatedSystemMemory : 0 bytes
[2022.10.14-18.28.23:101][  0]LogD3D11RHI:     SharedSystemMemory : 4181356544 bytes
[2022.10.14-18.28.23:101][  0]LogD3D11RHI:     AdapterLuid : 0 55939
[2022.10.14-18.28.23:323][  0]LogD3D11RHI: RHI does not have support for 64 bit atomics
[2022.10.14-18.28.23:351][  0]LogD3D11RHI: Intel Extensions support version Full=16777216, Major=1, Minor=0, Revision=0
[2022.10.14-18.28.23:351][  0]LogD3D11RHI: Intel Extensions support version Full=16777217, Major=1, Minor=0, Revision=1
[2022.10.14-18.28.23:351][  0]LogD3D11RHI: Intel Extensions Framework enabled
[2022.10.14-18.28.23:352][  0]LogD3D11RHI: [IntelMetricsDiscovery] Started
[2022.10.14-18.28.23:352][  0]LogD3D11RHI: Async texture creation enabled
[2022.10.14-18.28.23:352][  0]LogD3D11RHI: Array index from any shader is supported
[2022.10.14-18.28.23:385][  0]LogD3D11RHI: GPU Timing Frequency: 19.200000 (Debug: 2 0)
[2022.10.14-18.28.24:259][  0]LogTargetPlatformManager: Display: Loaded TargetPlatform 'AllDesktop'
[2022.10.14-18.28.24:307][  0]LogTargetPlatformManager: Display: Loaded TargetPlatform 'Android'
[2022.10.14-18.28.24:307][  0]LogTargetPlatformManager: Display: Loaded TargetPlatform 'Android_ASTC'
[2022.10.14-18.28.24:307][  0]LogTargetPlatformManager: Display: Loaded TargetPlatform 'Android_DXT'
[2022.10.14-18.28.24:307][  0]LogTargetPlatformManager: Display: Loaded TargetPlatform 'Android_ETC2'
[2022.10.14-18.28.24:307][  0]LogTargetPlatformManager: Display: Loaded TargetPlatform 'AndroidClient'
[2022.10.14-18.28.24:307][  0]LogTargetPlatformManager: Display: Loaded TargetPlatform 'Android_ASTCClient'
[2022.10.14-18.28.24:307][  0]LogTargetPlatformManager: Display: Loaded TargetPlatform 'Android_DXTClient'
[2022.10.14-18.28.24:307][  0]LogTargetPlatformManager: Display: Loaded TargetPlatform 'Android_ETC2Client'
[2022.10.14-18.28.24:307][  0]LogTargetPlatformManager: Display: Loaded TargetPlatform 'Android_Multi'
[2022.10.14-18.28.24:307][  0]LogTargetPlatformManager: Display: Loaded TargetPlatform 'Android_MultiClient'
[2022.10.14-18.28.24:353][  0]LogTargetPlatformManager: Display: Loaded TargetPlatform 'IOSClient'
[2022.10.14-18.28.24:353][  0]LogTargetPlatformManager: Display: Loaded TargetPlatform 'IOS'
[2022.10.14-18.28.24:376][  0]LogTargetPlatformManager: Display: Loaded TargetPlatform 'Linux'
[2022.10.14-18.28.24:388][  0]LogTargetPlatformManager: Display: Loaded TargetPlatform 'LinuxNoEditor'
[2022.10.14-18.28.24:398][  0]LogTargetPlatformManager: Display: Loaded TargetPlatform 'LinuxClient'
[2022.10.14-18.28.24:408][  0]LogTargetPlatformManager: Display: Loaded TargetPlatform 'LinuxServer'
[2022.10.14-18.28.24:429][  0]LogTargetPlatformManager: Display: Loaded TargetPlatform 'LinuxAArch64NoEditor'
[2022.10.14-18.28.24:438][  0]LogTargetPlatformManager: Display: Loaded TargetPlatform 'LinuxAArch64Client'
[2022.10.14-18.28.24:448][  0]LogTargetPlatformManager: Display: Loaded TargetPlatform 'LinuxAArch64Server'
[2022.10.14-18.28.24:503][  0]LogTargetPlatformManager: Display: Loaded TargetPlatform 'Lumin'
[2022.10.14-18.28.24:503][  0]LogTargetPlatformManager: Display: Loaded TargetPlatform 'LuminClient'
[2022.10.14-18.28.24:522][  0]LogTargetPlatformManager: Display: Loaded TargetPlatform 'MacNoEditor'
[2022.10.14-18.28.24:530][  0]LogTargetPlatformManager: Display: Loaded TargetPlatform 'Mac'
[2022.10.14-18.28.24:537][  0]LogTargetPlatformManager: Display: Loaded TargetPlatform 'MacClient'
[2022.10.14-18.28.24:544][  0]LogTargetPlatformManager: Display: Loaded TargetPlatform 'MacServer'
[2022.10.14-18.28.24:561][  0]LogTargetPlatformManager: Display: Loaded TargetPlatform 'TVOSClient'
[2022.10.14-18.28.24:561][  0]LogTargetPlatformManager: Display: Loaded TargetPlatform 'TVOS'
[2022.10.14-18.28.24:580][  0]LogTargetPlatformManager: Display: Loaded TargetPlatform 'WindowsNoEditor'
[2022.10.14-18.28.24:587][  0]LogTargetPlatformManager: Display: Loaded TargetPlatform 'Windows'
[2022.10.14-18.28.24:596][  0]LogTargetPlatformManager: Display: Loaded TargetPlatform 'WindowsClient'
[2022.10.14-18.28.24:603][  0]LogTargetPlatformManager: Display: Loaded TargetPlatform 'WindowsServer'
[2022.10.14-18.28.24:604][  0]LogTargetPlatformManager: Display: Building Assets For Windows
[2022.10.14-18.28.24:618][  0]LogAudioDebug: Display: Lib vorbis DLL was dynamically loaded.
[2022.10.14-18.28.24:672][  0]LogTextureFormatOodle: Display: Oodle Texture 2.9.0 init RDO Off
[2022.10.14-18.28.24:737][  0]LogRendererCore: Ray tracing is disabled. Reason: r.RayTracing=0.
[2022.10.14-18.28.24:738][  0]LogShaderCompilers: Guid format shader working directory is -63 characters bigger than the processId version (../../../../../../Users/maxim/Desktop/INP/Cours/Langues/Zombie project/Zombie-project-inp/Zombie_project_inp/Intermediate/Shaders/WorkingDirectory/38088/).
[2022.10.14-18.28.24:738][  0]LogShaderCompilers: Cleaned the shader compiler working directory 'C:/Users/maxim/AppData/Local/Temp/UnrealShaderWorkingDir/36FE71BA4B34E90424DAA59A74032ECA/'.
[2022.10.14-18.28.24:738][  0]LogXGEController: Cannot use XGE Controller as Incredibuild is not installed on this machine.
[2022.10.14-18.28.24:738][  0]LogShaderCompilers: Cannot use XGE Shader Compiler as Incredibuild is not installed on this machine.
[2022.10.14-18.28.24:738][  0]LogShaderCompilers: Display: Using Local Shader Compiler.
[2022.10.14-18.28.25:859][  0]LogDerivedDataCache: Display: Max Cache Size: 512 MB
[2022.10.14-18.28.26:001][  0]LogDerivedDataCache: Loaded boot cache 0.14s 99MB C:/Users/maxim/AppData/Local/UnrealEngine/4.27/DerivedDataCache/Boot.ddc.
[2022.10.14-18.28.26:001][  0]LogDerivedDataCache: Display: Loaded Boot cache: C:/Users/maxim/AppData/Local/UnrealEngine/4.27/DerivedDataCache/Boot.ddc
[2022.10.14-18.28.26:001][  0]LogDerivedDataCache: FDerivedDataBackendGraph:  Pak pak cache file ../../../../../../Users/maxim/Desktop/INP/Cours/Langues/Zombie project/Zombie-project-inp/Zombie_project_inp/DerivedDataCache/DDC.ddp not found, will not use a pak cache.
[2022.10.14-18.28.26:001][  0]LogDerivedDataCache: Unable to find inner node Pak for hierarchical cache Hierarchy.
[2022.10.14-18.28.26:001][  0]LogDerivedDataCache: FDerivedDataBackendGraph:  CompressedPak pak cache file ../../../../../../Users/maxim/Desktop/INP/Cours/Langues/Zombie project/Zombie-project-inp/Zombie_project_inp/DerivedDataCache/Compressed.ddp not found, will not use a pak cache.
[2022.10.14-18.28.26:002][  0]LogDerivedDataCache: Unable to find inner node CompressedPak for hierarchical cache Hierarchy.
[2022.10.14-18.28.26:024][  0]LogDerivedDataCache: Display: Pak cache opened for reading ../../../Engine/DerivedDataCache/Compressed.ddp.
[2022.10.14-18.28.26:024][  0]LogDerivedDataCache: FDerivedDataBackendGraph:  EnterprisePak pak cache file ../../../Enterprise/DerivedDataCache/Compressed.ddp not found, will not use a pak cache.
[2022.10.14-18.28.26:024][  0]LogDerivedDataCache: Unable to find inner node EnterprisePak for hierarchical cache Hierarchy.
[2022.10.14-18.28.26:040][  0]LogDerivedDataCache: Speed tests for C:/Users/maxim/AppData/Local/UnrealEngine/Common/DerivedDataCache took 0.02 seconds
[2022.10.14-18.28.26:040][  0]LogDerivedDataCache: Display: Performance to C:/Users/maxim/AppData/Local/UnrealEngine/Common/DerivedDataCache: Latency=0.04ms. RandomReadSpeed=98.65MBs, RandomWriteSpeed=153.86MBs. Assigned SpeedClass 'Local'
[2022.10.14-18.28.26:041][  0]LogDerivedDataCache: Using Local data cache path C:/Users/maxim/AppData/Local/UnrealEngine/Common/DerivedDataCache: Writable
[2022.10.14-18.28.26:041][  0]LogDerivedDataCache: Shared data cache path not found in *engine.ini, will not use an Shared cache.
[2022.10.14-18.28.26:041][  0]LogDerivedDataCache: Unable to find inner node Shared for hierarchical cache Hierarchy.
[2022.10.14-18.28.26:100][  0]LogSlate: Using FreeType 2.10.0
[2022.10.14-18.28.26:103][  0]LogSlate: SlateFontServices - WITH_FREETYPE: 1, WITH_HARFBUZZ: 1
[2022.10.14-18.28.26:148][  0]LogAssetRegistry: FAssetRegistry took 0.0043 seconds to start up
[2022.10.14-18.28.26:484][  0]LogInit: Selected Device Profile: [Windows]
[2022.10.14-18.28.26:484][  0]LogInit: Active device profile: [000001926E3C7200][000001925DE7C700 49] Windows
[2022.10.14-18.28.26:484][  0]LogInit: Profiles: [000001926E3C7200][000001925DE7C700 49] Windows, [000001926E3CCF00][000001925DE849C0 49] WindowsNoEditor, [000001926E3C4F00][000001925DE88C80 49] WindowsServer, [000001926E3CED00][000001925DE8CF40 49] WindowsClient, [000001926E3C6C00][000001925DE811C0 49] IOS, [000001926E3CD500][000001925DE95480 49] iPadAir, [000001926E3C5400][000001925DE99740 49] iPadAir2, [000001926E383D00][000001925DEAC100 49] IPadPro, [000001926E383E00][000001925DE9C140 49] iPadAir3, [000001926E3C6800][000001925DEA4400 49] iPadAir4, [000001926E381400][000001925DEA06C0 49] iPadMini2, [000001926E3C5500][000001925DEA8980 49] iPadMini3, [000001926E382700][000001925DEB0C40 49] iPadMini4, [000001926E3C4B00][000001925DEB4F00 49] iPadMini5, [000001926E3BB600][000001925DEC53C0 49] iPhone6, [000001926E3BB700][000001925DE91400 49] iPodTouch6, [000001926E380200][000001925DED1940 49] iPhone7, [000001926E380100][000001925DEC1980 49] iPodTouch7, [000001926E3B9400][000001925DEC80C0 49] iPhone5S, [000001926E383B00][000001925DEBC380 49] iPhone6Plus, [000001926E3BA900][000001925DECC640 49] iPhone6S, [000001926E381200][000001925DED8900 49] iPhone6SPlus, [000001926E3B9900][000001926E0AABC0 49] iPhone7Plus, [000001926E383F00][000001926E0AEE80 49] iPhoneSE, [000001926E3BBA00][000001926E0B3140 49] iPhone8, [000001926E382C00][000001925DEB93C0 49] iPhone8Plus, [000001926E3B9C00][000001926E0B7640 49] iPhoneX, [000001926E383600][000001926E0BF900 49] iPhoneXS, [000001926E3BA700][000001926E0C3BC0 49] iPhoneXSMax, [000001926E380F00][000001926E0C6300 49] iPhoneXR, [000001926E3BBE00][000001926E0CA5C0 49] iPhone11, [000001926E380C00][000001926E0CE880 49] iPhone11Pro, [000001926E3BA200][000001926E0D2B40 49] iPhone11ProMax, [000001926E382500][000001926E0D6E00 49] iPhoneSE2, [000001926E3BA000][000001926E0DB0C0 49] iPhone12Mini, [000001926E383300][000001926E0DF380 49] iPhone12, [000001926E3B9200][000001926E0BB600 49] iPhone12Pro, [000001926E383400][000001926E0E3880 49] iPhone12ProMax, [000001926E3B8500][000001926E0EBB40 49] iPadPro105, [000001926E380900][00000192673CC280 49] iPadPro129, [000001926E3B9A00][00000192673D0540 49] iPadPro97, [000001926E381300][00000192673D4800 49] iPadPro2_129, [000001926E3BAD00][00000192673D8AC0 49] iPad5, [000001926E381900][00000192673DCD80 49] iPad6, [000001926E3B8400][00000192673E1040 49] iPad7, [000001926E381A00][00000192673E5300 49] iPad8, [000001926E3BB200][00000192673E95C0 49] iPadPro11, [000001926E380600][000001926E0E7840 49] iPadPro2_11, [000001926E3B9100][00000192673EDAC0 49] iPadPro3_129, [000001926E382B00][00000192673F4200 49] iPadPro4_129, [000001926E3BB000][00000192673F84C0 49] AppleTV, [000001926E383A00][00000192673FC780 49] AppleTV4K, [000001926E3B8800][0000019267400A40 49] TVOS, [000001926E382200][0000019267404D00 49] Mac, [000001926E3B8600][0000019267408FC0 49] MacClient, [000001926E380B00][000001926740D280 49] MacNoEditor, [000001926E3BB800][0000019267411540 49] MacServer, [000001926E383100][0000019267415800 49] Linux, [000001926E3CE800][00000192673F1A80 49] LinuxAArch64, [000001926E454200][0000019267418180 49] LinuxNoEditor, [000001926E3CC600][0000019267420440 49] LinuxAArch64NoEditor, [000001926E455B00][0000019267424700 49] LinuxClient, [000001926E3CF800][00000192674289C0 49] LinuxAArch64Client, [000001926E454D00][000001926742CC80 49] LinuxServer, [000001926E3CD400][0000019267430F40 49] LinuxAArch64Server, [000001926E455A00][0000019267435200 49] Android, [000001926E3CEB00][00000192674394C0 49] Android_Low, [000001926E455800][000001926743D780 49] Android_Mid, [000001926E3CD800][000001926301FA40 49] Android_High, [000001926E455400][000001926741C140 49] Android_Default, [000001926E3CE900][00000192630223C0 49] Android_Adreno4xx, [000001926E454300][000001926302A680 49] Android_Adreno5xx_Low, [000001926E3CE700][000001926302E940 49] Android_Adreno5xx, [000001926E455D00][0000019263032C00 49] Android_Adreno6xx, [000001926E3CE300][0000019263036EC0 49] Android_Adreno6xx_Vulkan, [000001926E455300][000001926303B180 49] Android_Mali_T6xx, [000001926E3CFD00][000001926303F440 49] Android_Mali_T7xx, [000001926E454900][0000019263043700 49] Android_Mali_T8xx, [000001926E3CDE00][00000192630479C0 49] Android_Mali_G71, [000001926E454C00][000001926304A100 49] Android_Mali_G72, [000001926E3CEE00][0000019263026380 49] Android_Mali_G72_Vulkan, [000001926E455100][000001926304E600 49] Android_Mali_G76, [000001926E3CDC00][00000192630568C0 49] Android_Mali_G76_Vulkan, [000001926E382600][000001926305AB80 49] Android_Mali_G77, [000001926E3CC900][000001926305EE40 49] Android_Mali_G77_Vulkan, [000001926E383000][0000019263063100 49] Android_Mali_G78, [000001926E3CF100][00000192630673C0 49] Android_Mali_G78_Vulkan, [000001926E383700][000001926306B680 49] Android_Mali_G710, [000001926E3CC700][000001926306F940 49] Android_Mali_G710_Vulkan, [000001926E381000][0000019263073C00 49] Android_Vulkan_SM5, [000001926E3CD100][0000019263076340 49] Android_PowerVR_G6xxx, [000001926E382E00][00000192630525C0 49] Android_PowerVR_GT7xxx, [000001926E3CF000][000001926307A840 49] Android_PowerVR_GE8xxx, [000001926E382F00][0000019263082B00 49] Android_PowerVR_GM9xxx, [000001926E3CF600][0000019263086DC0 49] Android_PowerVR_GM9xxx_Vulkan, [000001926E382900][000001926308B080 49] Android_TegraK1, [000001926E3CEC00][000001926308F340 49] Android_Unknown_Vulkan, [000001926E382800][0000019263093600 49] Lumin, [000001926E3CE100][00000192630978C0 49] Lumin_Desktop, [000001926E381D00][000001926309BB80 49] HoloLens, 
[2022.10.14-18.28.26:658][  0]LogMeshReduction: Using QuadricMeshReduction for automatic static mesh reduction
[2022.10.14-18.28.26:658][  0]LogMeshReduction: Using SimplygonMeshReduction for automatic skeletal mesh reduction
[2022.10.14-18.28.26:658][  0]LogMeshReduction: Using ProxyLODMeshReduction for automatic mesh merging
[2022.10.14-18.28.26:658][  0]LogMeshReduction: No distributed automatic mesh merging module available
[2022.10.14-18.28.26:658][  0]LogMeshMerging: No distributed automatic mesh merging module available
[2022.10.14-18.28.26:677][  0]LogNetVersion: Zombie_project_inp 1.0.0, NetCL: 17155196, EngineNetVer: 17, GameNetVer: 0 (Checksum: 341139965)
[2022.10.14-18.28.27:253][  0]LogTexture: Default maximum texture size for cubemaps generated from long-lat sources has been changed from 512 to unlimited. In order to preserve old behaiour for '/Engine/MapTemplates/Sky/DaylightAmbientCubemap.DaylightAmbientCubemap', its maximum texture size has been explicitly set to 512.
[2022.10.14-18.28.27:318][  0]LogHMD: PokeAHoleMaterial loaded successfully
[2022.10.14-18.28.27:325][  0]LogUObjectArray: 17178 objects as part of root set at end of initial load.
[2022.10.14-18.28.27:325][  0]LogUObjectAllocator: 4302048 out of 0 bytes used by permanent object pool.
[2022.10.14-18.28.27:325][  0]LogUObjectArray: CloseDisregardForGC: 0/0 objects in disregard for GC pool
[2022.10.14-18.28.27:766][  0]LogNiagaraDebuggerClient: Niagara Debugger Client Initialized | Session: 00A4C2134083AF5F56484CB79866F856 | Instance: F95140FB49A78243208E47ABFF2C1BA8 (LAPTOP-95FRR7PE-38088).
[2022.10.14-18.28.27:825][  0]LogPython: Using Python 3.7.7
[2022.10.14-18.28.28:512][  0]LogTcpMessaging: Initializing TcpMessaging bridge
[2022.10.14-18.28.28:520][  0]LogUdpMessaging: Initializing bridge on interface 0.0.0.0:0 to multicast group 230.0.0.1:6666.
[2022.10.14-18.28.28:827][  0]SourceControl: Source control is disabled
[2022.10.14-18.28.28:827][  0]SourceControl: Source control is disabled
[2022.10.14-18.28.28:833][  0]SourceControl: Source control is disabled
[2022.10.14-18.28.28:838][  0]SourceControl: Source control is disabled
[2022.10.14-18.28.28:854][  0]SourceControl: Source control is disabled
[2022.10.14-18.28.28:862][  0]LogUProjectInfo: Found projects:
[2022.10.14-18.28.29:153][  0]LogOpenImageDenoise: OIDN starting up
[2022.10.14-18.28.29:230][  0]LogAndroidPermission: UAndroidPermissionCallbackProxy::GetInstance
[2022.10.14-18.28.29:270][  0]LogAudioCaptureCore: Display: No Audio Capture implementations found. Audio input will be silent.
[2022.10.14-18.28.29:270][  0]LogAudioCaptureCore: Display: No Audio Capture implementations found. Audio input will be silent.
[2022.10.14-18.28.29:455][  0]LogCollectionManager: Loaded 0 collections in 0.002073 seconds
[2022.10.14-18.28.29:486][  0]LogFileCache: Scanning file cache for directory 'C:/Users/maxim/Desktop/INP/Cours/Langues/Zombie project/Zombie-project-inp/Zombie_project_inp/Saved/Collections/' took 0.00s
[2022.10.14-18.28.29:486][  0]LogFileCache: Scanning file cache for directory 'C:/Users/maxim/Desktop/INP/Cours/Langues/Zombie project/Zombie-project-inp/Zombie_project_inp/Content/Developers/maxim/Collections/' took 0.00s
[2022.10.14-18.28.29:486][  0]LogFileCache: Scanning file cache for directory 'C:/Users/maxim/Desktop/INP/Cours/Langues/Zombie project/Zombie-project-inp/Zombie_project_inp/Content/Collections/' took 0.00s
[2022.10.14-18.28.29:486][  0]LogOcInput: OculusInput pre-init called
[2022.10.14-18.28.29:769][  0]LogEngine: Initializing Engine...
[2022.10.14-18.28.29:823][  0]LogHMD: Failed to enumerate extensions. Please check that you have a valid OpenXR runtime installed.
[2022.10.14-18.28.29:824][  0]LogHMD: Failed to initialize OpenVR with code 110
[2022.10.14-18.28.29:825][  0]LogMagicLeap: Warning: VR disabled because ZI is not enabled.  To enable, in the editor, Edit -> Project Settings -> Plugins -> Magic Leap Plugin -> Enable Zero Iteration
[2022.10.14-18.28.29:825][  0]LogStats: UGameplayTagsManager::InitializeManager -  0.000 s
[2022.10.14-18.28.30:005][  0]LogInit: Initializing FReadOnlyCVARCache
[2022.10.14-18.28.30:017][  0]LogAIModule: Creating AISystem for world Untitled
[2022.10.14-18.28.30:017][  0]LogAudio: Display: Initializing Audio Device Manager...
[2022.10.14-18.28.30:024][  0]LogAudio: Display: Loading Default Audio Settings Objects...
[2022.10.14-18.28.30:025][  0]LogAudio: Display: No default SoundConcurrencyObject specified (or failed to load).
[2022.10.14-18.28.30:025][  0]LogAudio: Display: Audio Device Manager Initialized
[2022.10.14-18.28.30:025][  0]LogAudio: Display: Creating Audio Device:                 Id: 1, Scope: Shared, Realtime: True
[2022.10.14-18.28.30:025][  0]LogAudioMixer: Display: Audio Mixer Platform Settings:
[2022.10.14-18.28.30:025][  0]LogAudioMixer: Display: 	Sample Rate:						  48000
[2022.10.14-18.28.30:025][  0]LogAudioMixer: Display: 	Callback Buffer Frame Size Requested: 1024
[2022.10.14-18.28.30:025][  0]LogAudioMixer: Display: 	Callback Buffer Frame Size To Use:	  1024
[2022.10.14-18.28.30:025][  0]LogAudioMixer: Display: 	Number of buffers to queue:			  2
[2022.10.14-18.28.30:025][  0]LogAudioMixer: Display: 	Max Channels (voices):				  32
[2022.10.14-18.28.30:025][  0]LogAudioMixer: Display: 	Number of Async Source Workers:		  0
[2022.10.14-18.28.30:025][  0]LogAudio: Display: AudioDevice MaxSources: 32
[2022.10.14-18.28.30:026][  0]LogAudio: Display: Audio Spatialization Plugin: None (built-in).
[2022.10.14-18.28.30:026][  0]LogAudio: Display: Audio Reverb Plugin: None (built-in).
[2022.10.14-18.28.30:026][  0]LogAudio: Display: Audio Occlusion Plugin: None (built-in).
[2022.10.14-18.28.30:026][  0]LogAudioMixer: Display: Initializing audio mixer.
[2022.10.14-18.28.30:039][  0]LogAudioMixer: Display: 0: FrontLeft
[2022.10.14-18.28.30:039][  0]LogAudioMixer: Display: 1: FrontRight
[2022.10.14-18.28.30:265][  0]LogAudioMixer: Display: Using Audio Device Haut-parleurs (Realtek(R) Audio)
[2022.10.14-18.28.30:265][  0]LogAudioMixer: Display: Initializing Sound Submixes...
[2022.10.14-18.28.30:269][  0]LogAudioMixer: Display: Creating Master Submix 'MasterSubmixDefault'
[2022.10.14-18.28.30:269][  0]LogAudioMixer: Display: Creating Master Submix 'MasterReverbSubmixDefault'
[2022.10.14-18.28.30:269][  0]LogAudioMixer: Display: Creating Master Submix 'MasterEQSubmixDefault'
[2022.10.14-18.28.30:269][  0]LogAudioMixer: FMixerPlatformXAudio2::StartAudioStream() called
[2022.10.14-18.28.30:269][  0]LogAudioMixer: Display: Output buffers initialized: Frames=1024, Channels=2, Samples=2048
[2022.10.14-18.28.30:271][  0]LogAudioMixer: Display: Starting AudioMixerPlatformInterface::RunInternal()
[2022.10.14-18.28.30:271][  0]LogAudioMixer: Display: FMixerPlatformXAudio2::SubmitBuffer() called for the first time
[2022.10.14-18.28.30:271][  0]LogInit: FAudioDevice initialized.
[2022.10.14-18.28.30:272][  0]LogAudio: Display: Audio Device (ID: 1) registered with world 'Untitled'.
[2022.10.14-18.28.30:272][  0]LogNetVersion: Set ProjectVersion to 1.0.0.0. Version Checksum will be recalculated on next use.
[2022.10.14-18.28.30:417][  0]LogDerivedDataCache: Saved boot cache 0.15s 99MB C:/Users/maxim/AppData/Local/UnrealEngine/4.27/DerivedDataCache/Boot.ddc.
[2022.10.14-18.28.30:422][  0]LogInit: Texture streaming: Enabled
[2022.10.14-18.28.30:442][  0]LogAnalytics: Display: [UEEditor.Rocket.Release] APIServer = https://datarouter.ol.epicgames.com/. AppVersion = 4.27.2-18319896+++UE4+Release-4.27
[2022.10.14-18.28.30:448][  0]LogEngineSessionManager: EngineSessionManager initialized
[2022.10.14-18.28.30:448][  0]LogEditorSessionSummary: Verbose: Initializing EditorSessionSummaryWriter for editor session tracking
[2022.10.14-18.28.30:450][  0]LogEditorSessionSummary: EditorSessionSummaryWriter initialized
[2022.10.14-18.28.30:494][  0]LogInit: Transaction tracking system initialized
[2022.10.14-18.28.30:535][  0]BlueprintLog: New page: Editor Load
[2022.10.14-18.28.30:631][  0]LocalizationService: Localization service is disabled
[2022.10.14-18.28.30:667][  0]TimingProfiler: Initialize
[2022.10.14-18.28.30:668][  0]TimingProfiler: OnSessionChanged
[2022.10.14-18.28.30:668][  0]LoadingProfiler: Initialize
[2022.10.14-18.28.30:668][  0]LoadingProfiler: OnSessionChanged
[2022.10.14-18.28.30:668][  0]NetworkingProfiler: Initialize
[2022.10.14-18.28.30:668][  0]NetworkingProfiler: OnSessionChanged
[2022.10.14-18.28.30:668][  0]MemoryProfiler: Initialize
[2022.10.14-18.28.30:668][  0]MemoryProfiler: OnSessionChanged
[2022.10.14-18.28.30:875][  0]LogCook: Display: CookSettings for Memory: MemoryMaxUsedVirtual 0MiB, MemoryMaxUsedPhysical 16384MiB, MemoryMinFreeVirtual 0MiB, MemoryMinFreePhysical 1024MiB
[2022.10.14-18.28.30:876][  0]LogCook: Display: Mobile HDR setting 1
[2022.10.14-18.28.31:158][  0]LogFileCache: Scanning file cache for directory 'C:/Users/maxim/Desktop/INP/Cours/Langues/Zombie project/Zombie-project-inp/Zombie_project_inp/Content/' took 0.01s
[2022.10.14-18.28.31:409][  0]LogInit: Display: Engine is initialized. Leaving FEngineLoop::Init()
[2022.10.14-18.28.31:413][  0]SourceControl: Source control is disabled
[2022.10.14-18.28.31:413][  0]LogUnrealEdMisc: Loading editor; pre map load, took 12.534
[2022.10.14-18.28.31:413][  0]Cmd: MAP LOAD FILE="../../../../../../Users/maxim/Desktop/INP/Cours/Langues/Zombie project/Zombie-project-inp/Zombie_project_inp/Content/Level/LVL_Main.umap" TEMPLATE=0 SHOWPROGRESS=1 FEATURELEVEL=3
[2022.10.14-18.28.31:414][  0]LightingResults: New page: Lighting Build
[2022.10.14-18.28.31:416][  0]LogWorld: UWorld::CleanupWorld for Untitled, bSessionEnded=true, bCleanupResources=true
[2022.10.14-18.28.31:416][  0]LogSlate: InvalidateAllWidgets triggered.  All widgets were invalidated
[2022.10.14-18.28.31:416][  0]MapCheck: New page: Map Check
[2022.10.14-18.28.31:416][  0]LightingResults: New page: Lighting Build
[2022.10.14-18.28.31:421][  0]LogAudio: Display: Audio Device unregistered from world 'None'.
[2022.10.14-18.28.31:424][  0]LogUObjectHash: Compacting FUObjectHashTables data took   0.88ms
[2022.10.14-18.28.32:333][  0]LogAudio: Display: Audio Device (ID: 1) registered with world 'LVL_Main'.
[2022.10.14-18.28.32:335][  0]LogAIModule: Creating AISystem for world LVL_Main
[2022.10.14-18.28.32:389][  0]LogEditorServer: Finished looking for orphan Actors (0.000 secs)
[2022.10.14-18.28.32:446][  0]LogUObjectHash: Compacting FUObjectHashTables data took   0.96ms
[2022.10.14-18.28.32:446][  0]Cmd: MAP CHECKDEP NOCLEARLOG
[2022.10.14-18.28.32:446][  0]MapCheck: Map check complete: 0 Error(s), 0 Warning(s), took 0,196ms to complete.
[2022.10.14-18.28.32:446][  0]LogFileHelpers: Loading map 'LVL_Main' took 1.033
[2022.10.14-18.28.32:449][  0]LogUnrealEdMisc: Total Editor Startup Time, took 13.569
[2022.10.14-18.28.32:730][  0]LogSlate: Updating window title bar state: overlay mode, drag disabled, window buttons hidden, title bar hidden
[2022.10.14-18.28.32:744][  0]LogSlate: Updating window title bar state: overlay mode, drag disabled, window buttons hidden, title bar hidden
[2022.10.14-18.28.32:754][  0]LogSlate: Updating window title bar state: overlay mode, drag disabled, window buttons hidden, title bar hidden
[2022.10.14-18.28.32:761][  0]LogSlate: Updating window title bar state: overlay mode, drag disabled, window buttons hidden, title bar hidden
[2022.10.14-18.28.32:827][  0]LogNativeClassHierarchy: Verbose: Native class hierarchy populated in 0.0114 seconds. Added 3823 classes and 930 folders.
[2022.10.14-18.28.32:845][  0]LogNativeClassHierarchy: Verbose: Native class hierarchy updated for 'WidgetCarousel' in 0.0002 seconds. Added 0 classes and 0 folders.
[2022.10.14-18.28.32:863][  0]LogPakFile: PakFile PrimaryIndexSize=187
[2022.10.14-18.28.32:863][  0]LogPakFile: PakFile PathHashIndexSize=101
[2022.10.14-18.28.32:863][  0]LogPakFile: PakFile FullDirectoryIndexSize=148
[2022.10.14-18.28.32:865][  0]LogShaderLibrary: Display: ShaderCodeLibraryPakFileMountedCallback: PakFile 'C:/Program Files/Epic Games/UE_4.27/FeaturePacks/FP_FirstPerson.upack' (chunk index -1, root 'root:/') mounted
[2022.10.14-18.28.32:865][  0]LogShaderLibrary: Display: ShaderCodeLibraryPakFileMountedCallback: pending pak file info (ChunkID:-1 Root:root:/ File:C:/Program Files/Epic Games/UE_4.27/FeaturePacks/FP_FirstPerson.upack)
[2022.10.14-18.28.32:865][  0]LogPakFile: OnPakFileMounted2Time == 0.002007
[2022.10.14-18.28.32:877][  0]LogPakFile: PakFile PrimaryIndexSize=189
[2022.10.14-18.28.32:877][  0]LogPakFile: PakFile PathHashIndexSize=101
[2022.10.14-18.28.32:877][  0]LogPakFile: PakFile FullDirectoryIndexSize=152
[2022.10.14-18.28.32:877][  0]LogShaderLibrary: Display: ShaderCodeLibraryPakFileMountedCallback: PakFile 'C:/Program Files/Epic Games/UE_4.27/FeaturePacks/FP_FirstPersonBP.upack' (chunk index -1, root 'root:/') mounted
[2022.10.14-18.28.32:877][  0]LogShaderLibrary: Display: ShaderCodeLibraryPakFileMountedCallback: pending pak file info (ChunkID:-1 Root:root:/ File:C:/Program Files/Epic Games/UE_4.27/FeaturePacks/FP_FirstPersonBP.upack)
[2022.10.14-18.28.32:877][  0]LogPakFile: OnPakFileMounted2Time == 0.000044
[2022.10.14-18.28.32:883][  0]LogPakFile: PakFile PrimaryIndexSize=191
[2022.10.14-18.28.32:883][  0]LogPakFile: PakFile PathHashIndexSize=101
[2022.10.14-18.28.32:883][  0]LogPakFile: PakFile FullDirectoryIndexSize=160
[2022.10.14-18.28.32:883][  0]LogShaderLibrary: Display: ShaderCodeLibraryPakFileMountedCallback: PakFile 'C:/Program Files/Epic Games/UE_4.27/FeaturePacks/MobileStarterContent.upack' (chunk index -1, root 'root:/') mounted
[2022.10.14-18.28.32:883][  0]LogShaderLibrary: Display: ShaderCodeLibraryPakFileMountedCallback: pending pak file info (ChunkID:-1 Root:root:/ File:C:/Program Files/Epic Games/UE_4.27/FeaturePacks/MobileStarterContent.upack)
[2022.10.14-18.28.32:883][  0]LogPakFile: OnPakFileMounted2Time == 0.000038
[2022.10.14-18.28.32:891][  0]LogPakFile: PakFile PrimaryIndexSize=185
[2022.10.14-18.28.32:891][  0]LogPakFile: PakFile PathHashIndexSize=101
[2022.10.14-18.28.32:891][  0]LogPakFile: PakFile FullDirectoryIndexSize=148
[2022.10.14-18.28.32:891][  0]LogShaderLibrary: Display: ShaderCodeLibraryPakFileMountedCallback: PakFile 'C:/Program Files/Epic Games/UE_4.27/FeaturePacks/StarterContent.upack' (chunk index -1, root 'root:/') mounted
[2022.10.14-18.28.32:891][  0]LogShaderLibrary: Display: ShaderCodeLibraryPakFileMountedCallback: pending pak file info (ChunkID:-1 Root:root:/ File:C:/Program Files/Epic Games/UE_4.27/FeaturePacks/StarterContent.upack)
[2022.10.14-18.28.32:891][  0]LogPakFile: OnPakFileMounted2Time == 0.000043
[2022.10.14-18.28.32:898][  0]LogPakFile: PakFile PrimaryIndexSize=190
[2022.10.14-18.28.32:898][  0]LogPakFile: PakFile PathHashIndexSize=101
[2022.10.14-18.28.32:898][  0]LogPakFile: PakFile FullDirectoryIndexSize=154
[2022.10.14-18.28.32:898][  0]LogShaderLibrary: Display: ShaderCodeLibraryPakFileMountedCallback: PakFile 'C:/Program Files/Epic Games/UE_4.27/FeaturePacks/TP_2DSideScroller.upack' (chunk index -1, root 'root:/') mounted
[2022.10.14-18.28.32:898][  0]LogShaderLibrary: Display: ShaderCodeLibraryPakFileMountedCallback: pending pak file info (ChunkID:-1 Root:root:/ File:C:/Program Files/Epic Games/UE_4.27/FeaturePacks/TP_2DSideScroller.upack)
[2022.10.14-18.28.32:898][  0]LogPakFile: OnPakFileMounted2Time == 0.000040
[2022.10.14-18.28.32:906][  0]LogPakFile: PakFile PrimaryIndexSize=192
[2022.10.14-18.28.32:906][  0]LogPakFile: PakFile PathHashIndexSize=101
[2022.10.14-18.28.32:906][  0]LogPakFile: PakFile FullDirectoryIndexSize=158
[2022.10.14-18.28.32:906][  0]LogShaderLibrary: Display: ShaderCodeLibraryPakFileMountedCallback: PakFile 'C:/Program Files/Epic Games/UE_4.27/FeaturePacks/TP_2DSideScrollerBP.upack' (chunk index -1, root 'root:/') mounted
[2022.10.14-18.28.32:906][  0]LogShaderLibrary: Display: ShaderCodeLibraryPakFileMountedCallback: pending pak file info (ChunkID:-1 Root:root:/ File:C:/Program Files/Epic Games/UE_4.27/FeaturePacks/TP_2DSideScrollerBP.upack)
[2022.10.14-18.28.32:906][  0]LogPakFile: OnPakFileMounted2Time == 0.000038
[2022.10.14-18.28.32:913][  0]LogPakFile: PakFile PrimaryIndexSize=182
[2022.10.14-18.28.32:913][  0]LogPakFile: PakFile PathHashIndexSize=101
[2022.10.14-18.28.32:913][  0]LogPakFile: PakFile FullDirectoryIndexSize=138
[2022.10.14-18.28.32:913][  0]LogShaderLibrary: Display: ShaderCodeLibraryPakFileMountedCallback: PakFile 'C:/Program Files/Epic Games/UE_4.27/FeaturePacks/TP_Flying.upack' (chunk index -1, root 'root:/') mounted
[2022.10.14-18.28.32:913][  0]LogShaderLibrary: Display: ShaderCodeLibraryPakFileMountedCallback: pending pak file info (ChunkID:-1 Root:root:/ File:C:/Program Files/Epic Games/UE_4.27/FeaturePacks/TP_Flying.upack)
[2022.10.14-18.28.32:913][  0]LogPakFile: OnPakFileMounted2Time == 0.000040
[2022.10.14-18.28.32:924][  0]LogPakFile: PakFile PrimaryIndexSize=184
[2022.10.14-18.28.32:924][  0]LogPakFile: PakFile PathHashIndexSize=101
[2022.10.14-18.28.32:924][  0]LogPakFile: PakFile FullDirectoryIndexSize=142
[2022.10.14-18.28.32:924][  0]LogShaderLibrary: Display: ShaderCodeLibraryPakFileMountedCallback: PakFile 'C:/Program Files/Epic Games/UE_4.27/FeaturePacks/TP_FlyingBP.upack' (chunk index -1, root 'root:/') mounted
[2022.10.14-18.28.32:924][  0]LogShaderLibrary: Display: ShaderCodeLibraryPakFileMountedCallback: pending pak file info (ChunkID:-1 Root:root:/ File:C:/Program Files/Epic Games/UE_4.27/FeaturePacks/TP_FlyingBP.upack)
[2022.10.14-18.28.32:924][  0]LogPakFile: OnPakFileMounted2Time == 0.000037
[2022.10.14-18.28.32:930][  0]LogPakFile: PakFile PrimaryIndexSize=188
[2022.10.14-18.28.32:931][  0]LogPakFile: PakFile PathHashIndexSize=101
[2022.10.14-18.28.32:931][  0]LogPakFile: PakFile FullDirectoryIndexSize=150
[2022.10.14-18.28.32:931][  0]LogShaderLibrary: Display: ShaderCodeLibraryPakFileMountedCallback: PakFile 'C:/Program Files/Epic Games/UE_4.27/FeaturePacks/TP_HandheldARBP.upack' (chunk index -1, root 'root:/') mounted
[2022.10.14-18.28.32:931][  0]LogShaderLibrary: Display: ShaderCodeLibraryPakFileMountedCallback: pending pak file info (ChunkID:-1 Root:root:/ File:C:/Program Files/Epic Games/UE_4.27/FeaturePacks/TP_HandheldARBP.upack)
[2022.10.14-18.28.32:931][  0]LogPakFile: OnPakFileMounted2Time == 0.000078
[2022.10.14-18.28.32:939][  0]LogPakFile: PakFile PrimaryIndexSize=182
[2022.10.14-18.28.32:939][  0]LogPakFile: PakFile PathHashIndexSize=101
[2022.10.14-18.28.32:939][  0]LogPakFile: PakFile FullDirectoryIndexSize=138
[2022.10.14-18.28.32:939][  0]LogShaderLibrary: Display: ShaderCodeLibraryPakFileMountedCallback: PakFile 'C:/Program Files/Epic Games/UE_4.27/FeaturePacks/TP_Puzzle.upack' (chunk index -1, root 'root:/') mounted
[2022.10.14-18.28.32:939][  0]LogShaderLibrary: Display: ShaderCodeLibraryPakFileMountedCallback: pending pak file info (ChunkID:-1 Root:root:/ File:C:/Program Files/Epic Games/UE_4.27/FeaturePacks/TP_Puzzle.upack)
[2022.10.14-18.28.32:939][  0]LogPakFile: OnPakFileMounted2Time == 0.000044
[2022.10.14-18.28.32:946][  0]LogPakFile: PakFile PrimaryIndexSize=184
[2022.10.14-18.28.32:946][  0]LogPakFile: PakFile PathHashIndexSize=101
[2022.10.14-18.28.32:946][  0]LogPakFile: PakFile FullDirectoryIndexSize=142
[2022.10.14-18.28.32:946][  0]LogShaderLibrary: Display: ShaderCodeLibraryPakFileMountedCallback: PakFile 'C:/Program Files/Epic Games/UE_4.27/FeaturePacks/TP_PuzzleBP.upack' (chunk index -1, root 'root:/') mounted
[2022.10.14-18.28.32:946][  0]LogShaderLibrary: Display: ShaderCodeLibraryPakFileMountedCallback: pending pak file info (ChunkID:-1 Root:root:/ File:C:/Program Files/Epic Games/UE_4.27/FeaturePacks/TP_PuzzleBP.upack)
[2022.10.14-18.28.32:946][  0]LogPakFile: OnPakFileMounted2Time == 0.000062
[2022.10.14-18.28.32:952][  0]LogPakFile: PakFile PrimaryIndexSize=183
[2022.10.14-18.28.32:952][  0]LogPakFile: PakFile PathHashIndexSize=101
[2022.10.14-18.28.32:952][  0]LogPakFile: PakFile FullDirectoryIndexSize=140
[2022.10.14-18.28.32:952][  0]LogShaderLibrary: Display: ShaderCodeLibraryPakFileMountedCallback: PakFile 'C:/Program Files/Epic Games/UE_4.27/FeaturePacks/TP_Rolling.upack' (chunk index -1, root 'root:/') mounted
[2022.10.14-18.28.32:952][  0]LogShaderLibrary: Display: ShaderCodeLibraryPakFileMountedCallback: pending pak file info (ChunkID:-1 Root:root:/ File:C:/Program Files/Epic Games/UE_4.27/FeaturePacks/TP_Rolling.upack)
[2022.10.14-18.28.32:952][  0]LogPakFile: OnPakFileMounted2Time == 0.000037
[2022.10.14-18.28.32:959][  0]LogPakFile: PakFile PrimaryIndexSize=185
[2022.10.14-18.28.32:959][  0]LogPakFile: PakFile PathHashIndexSize=101
[2022.10.14-18.28.32:959][  0]LogPakFile: PakFile FullDirectoryIndexSize=144
[2022.10.14-18.28.32:959][  0]LogShaderLibrary: Display: ShaderCodeLibraryPakFileMountedCallback: PakFile 'C:/Program Files/Epic Games/UE_4.27/FeaturePacks/TP_RollingBP.upack' (chunk index -1, root 'root:/') mounted
[2022.10.14-18.28.32:959][  0]LogShaderLibrary: Display: ShaderCodeLibraryPakFileMountedCallback: pending pak file info (ChunkID:-1 Root:root:/ File:C:/Program Files/Epic Games/UE_4.27/FeaturePacks/TP_RollingBP.upack)
[2022.10.14-18.28.32:959][  0]LogPakFile: OnPakFileMounted2Time == 0.000044
[2022.10.14-18.28.32:965][  0]LogPakFile: PakFile PrimaryIndexSize=188
[2022.10.14-18.28.32:965][  0]LogPakFile: PakFile PathHashIndexSize=101
[2022.10.14-18.28.32:965][  0]LogPakFile: PakFile FullDirectoryIndexSize=150
[2022.10.14-18.28.32:965][  0]LogShaderLibrary: Display: ShaderCodeLibraryPakFileMountedCallback: PakFile 'C:/Program Files/Epic Games/UE_4.27/FeaturePacks/TP_SideScroller.upack' (chunk index -1, root 'root:/') mounted
[2022.10.14-18.28.32:965][  0]LogShaderLibrary: Display: ShaderCodeLibraryPakFileMountedCallback: pending pak file info (ChunkID:-1 Root:root:/ File:C:/Program Files/Epic Games/UE_4.27/FeaturePacks/TP_SideScroller.upack)
[2022.10.14-18.28.32:965][  0]LogPakFile: OnPakFileMounted2Time == 0.000042
[2022.10.14-18.28.32:971][  0]LogPakFile: PakFile PrimaryIndexSize=190
[2022.10.14-18.28.32:971][  0]LogPakFile: PakFile PathHashIndexSize=101
[2022.10.14-18.28.32:971][  0]LogPakFile: PakFile FullDirectoryIndexSize=154
[2022.10.14-18.28.32:971][  0]LogShaderLibrary: Display: ShaderCodeLibraryPakFileMountedCallback: PakFile 'C:/Program Files/Epic Games/UE_4.27/FeaturePacks/TP_SideScrollerBP.upack' (chunk index -1, root 'root:/') mounted
[2022.10.14-18.28.32:971][  0]LogShaderLibrary: Display: ShaderCodeLibraryPakFileMountedCallback: pending pak file info (ChunkID:-1 Root:root:/ File:C:/Program Files/Epic Games/UE_4.27/FeaturePacks/TP_SideScrollerBP.upack)
[2022.10.14-18.28.32:971][  0]LogPakFile: OnPakFileMounted2Time == 0.000036
[2022.10.14-18.28.32:978][  0]LogPakFile: PakFile PrimaryIndexSize=187
[2022.10.14-18.28.32:978][  0]LogPakFile: PakFile PathHashIndexSize=101
[2022.10.14-18.28.32:978][  0]LogPakFile: PakFile FullDirectoryIndexSize=148
[2022.10.14-18.28.32:978][  0]LogShaderLibrary: Display: ShaderCodeLibraryPakFileMountedCallback: PakFile 'C:/Program Files/Epic Games/UE_4.27/FeaturePacks/TP_ThirdPerson.upack' (chunk index -1, root 'root:/') mounted
[2022.10.14-18.28.32:978][  0]LogShaderLibrary: Display: ShaderCodeLibraryPakFileMountedCallback: pending pak file info (ChunkID:-1 Root:root:/ File:C:/Program Files/Epic Games/UE_4.27/FeaturePacks/TP_ThirdPerson.upack)
[2022.10.14-18.28.32:978][  0]LogPakFile: OnPakFileMounted2Time == 0.000040
[2022.10.14-18.28.32:985][  0]LogPakFile: PakFile PrimaryIndexSize=189
[2022.10.14-18.28.32:985][  0]LogPakFile: PakFile PathHashIndexSize=101
[2022.10.14-18.28.32:985][  0]LogPakFile: PakFile FullDirectoryIndexSize=152
[2022.10.14-18.28.32:985][  0]LogShaderLibrary: Display: ShaderCodeLibraryPakFileMountedCallback: PakFile 'C:/Program Files/Epic Games/UE_4.27/FeaturePacks/TP_ThirdPersonBP.upack' (chunk index -1, root 'root:/') mounted
[2022.10.14-18.28.32:985][  0]LogShaderLibrary: Display: ShaderCodeLibraryPakFileMountedCallback: pending pak file info (ChunkID:-1 Root:root:/ File:C:/Program Files/Epic Games/UE_4.27/FeaturePacks/TP_ThirdPersonBP.upack)
[2022.10.14-18.28.32:985][  0]LogPakFile: OnPakFileMounted2Time == 0.000037
[2022.10.14-18.28.32:991][  0]LogPakFile: PakFile PrimaryIndexSize=183
[2022.10.14-18.28.32:991][  0]LogPakFile: PakFile PathHashIndexSize=101
[2022.10.14-18.28.32:991][  0]LogPakFile: PakFile FullDirectoryIndexSize=140
[2022.10.14-18.28.32:991][  0]LogShaderLibrary: Display: ShaderCodeLibraryPakFileMountedCallback: PakFile 'C:/Program Files/Epic Games/UE_4.27/FeaturePacks/TP_TopDown.upack' (chunk index -1, root 'root:/') mounted
[2022.10.14-18.28.32:991][  0]LogShaderLibrary: Display: ShaderCodeLibraryPakFileMountedCallback: pending pak file info (ChunkID:-1 Root:root:/ File:C:/Program Files/Epic Games/UE_4.27/FeaturePacks/TP_TopDown.upack)
[2022.10.14-18.28.32:991][  0]LogPakFile: OnPakFileMounted2Time == 0.000045
[2022.10.14-18.28.32:997][  0]LogPakFile: PakFile PrimaryIndexSize=185
[2022.10.14-18.28.32:997][  0]LogPakFile: PakFile PathHashIndexSize=101
[2022.10.14-18.28.32:997][  0]LogPakFile: PakFile FullDirectoryIndexSize=144
[2022.10.14-18.28.32:997][  0]LogShaderLibrary: Display: ShaderCodeLibraryPakFileMountedCallback: PakFile 'C:/Program Files/Epic Games/UE_4.27/FeaturePacks/TP_TopDownBP.upack' (chunk index -1, root 'root:/') mounted
[2022.10.14-18.28.32:997][  0]LogShaderLibrary: Display: ShaderCodeLibraryPakFileMountedCallback: pending pak file info (ChunkID:-1 Root:root:/ File:C:/Program Files/Epic Games/UE_4.27/FeaturePacks/TP_TopDownBP.upack)
[2022.10.14-18.28.32:997][  0]LogPakFile: OnPakFileMounted2Time == 0.000040
[2022.10.14-18.28.33:006][  0]LogPakFile: PakFile PrimaryIndexSize=185
[2022.10.14-18.28.33:006][  0]LogPakFile: PakFile PathHashIndexSize=101
[2022.10.14-18.28.33:006][  0]LogPakFile: PakFile FullDirectoryIndexSize=144
[2022.10.14-18.28.33:006][  0]LogShaderLibrary: Display: ShaderCodeLibraryPakFileMountedCallback: PakFile 'C:/Program Files/Epic Games/UE_4.27/FeaturePacks/TP_TwinStick.upack' (chunk index -1, root 'root:/') mounted
[2022.10.14-18.28.33:006][  0]LogShaderLibrary: Display: ShaderCodeLibraryPakFileMountedCallback: pending pak file info (ChunkID:-1 Root:root:/ File:C:/Program Files/Epic Games/UE_4.27/FeaturePacks/TP_TwinStick.upack)
[2022.10.14-18.28.33:006][  0]LogPakFile: OnPakFileMounted2Time == 0.000037
[2022.10.14-18.28.33:013][  0]LogPakFile: PakFile PrimaryIndexSize=187
[2022.10.14-18.28.33:013][  0]LogPakFile: PakFile PathHashIndexSize=101
[2022.10.14-18.28.33:013][  0]LogPakFile: PakFile FullDirectoryIndexSize=148
[2022.10.14-18.28.33:013][  0]LogShaderLibrary: Display: ShaderCodeLibraryPakFileMountedCallback: PakFile 'C:/Program Files/Epic Games/UE_4.27/FeaturePacks/TP_TwinStickBP.upack' (chunk index -1, root 'root:/') mounted
[2022.10.14-18.28.33:013][  0]LogShaderLibrary: Display: ShaderCodeLibraryPakFileMountedCallback: pending pak file info (ChunkID:-1 Root:root:/ File:C:/Program Files/Epic Games/UE_4.27/FeaturePacks/TP_TwinStickBP.upack)
[2022.10.14-18.28.33:013][  0]LogPakFile: OnPakFileMounted2Time == 0.000036
[2022.10.14-18.28.33:019][  0]LogPakFile: PakFile PrimaryIndexSize=183
[2022.10.14-18.28.33:019][  0]LogPakFile: PakFile PathHashIndexSize=101
[2022.10.14-18.28.33:019][  0]LogPakFile: PakFile FullDirectoryIndexSize=140
[2022.10.14-18.28.33:019][  0]LogShaderLibrary: Display: ShaderCodeLibraryPakFileMountedCallback: PakFile 'C:/Program Files/Epic Games/UE_4.27/FeaturePacks/TP_Vehicle.upack' (chunk index -1, root 'root:/') mounted
[2022.10.14-18.28.33:019][  0]LogShaderLibrary: Display: ShaderCodeLibraryPakFileMountedCallback: pending pak file info (ChunkID:-1 Root:root:/ File:C:/Program Files/Epic Games/UE_4.27/FeaturePacks/TP_Vehicle.upack)
[2022.10.14-18.28.33:019][  0]LogPakFile: OnPakFileMounted2Time == 0.000042
[2022.10.14-18.28.33:026][  0]LogPakFile: PakFile PrimaryIndexSize=186
[2022.10.14-18.28.33:026][  0]LogPakFile: PakFile PathHashIndexSize=101
[2022.10.14-18.28.33:026][  0]LogPakFile: PakFile FullDirectoryIndexSize=146
[2022.10.14-18.28.33:026][  0]LogShaderLibrary: Display: ShaderCodeLibraryPakFileMountedCallback: PakFile 'C:/Program Files/Epic Games/UE_4.27/FeaturePacks/TP_VehicleAdv.upack' (chunk index -1, root 'root:/') mounted
[2022.10.14-18.28.33:026][  0]LogShaderLibrary: Display: ShaderCodeLibraryPakFileMountedCallback: pending pak file info (ChunkID:-1 Root:root:/ File:C:/Program Files/Epic Games/UE_4.27/FeaturePacks/TP_VehicleAdv.upack)
[2022.10.14-18.28.33:026][  0]LogPakFile: OnPakFileMounted2Time == 0.000038
[2022.10.14-18.28.33:031][  0]LogPakFile: PakFile PrimaryIndexSize=188
[2022.10.14-18.28.33:031][  0]LogPakFile: PakFile PathHashIndexSize=101
[2022.10.14-18.28.33:031][  0]LogPakFile: PakFile FullDirectoryIndexSize=150
[2022.10.14-18.28.33:031][  0]LogShaderLibrary: Display: ShaderCodeLibraryPakFileMountedCallback: PakFile 'C:/Program Files/Epic Games/UE_4.27/FeaturePacks/TP_VehicleAdvBP.upack' (chunk index -1, root 'root:/') mounted
[2022.10.14-18.28.33:031][  0]LogShaderLibrary: Display: ShaderCodeLibraryPakFileMountedCallback: pending pak file info (ChunkID:-1 Root:root:/ File:C:/Program Files/Epic Games/UE_4.27/FeaturePacks/TP_VehicleAdvBP.upack)
[2022.10.14-18.28.33:031][  0]LogPakFile: OnPakFileMounted2Time == 0.000058
[2022.10.14-18.28.33:037][  0]LogPakFile: PakFile PrimaryIndexSize=185
[2022.10.14-18.28.33:037][  0]LogPakFile: PakFile PathHashIndexSize=101
[2022.10.14-18.28.33:037][  0]LogPakFile: PakFile FullDirectoryIndexSize=144
[2022.10.14-18.28.33:037][  0]LogShaderLibrary: Display: ShaderCodeLibraryPakFileMountedCallback: PakFile 'C:/Program Files/Epic Games/UE_4.27/FeaturePacks/TP_VehicleBP.upack' (chunk index -1, root 'root:/') mounted
[2022.10.14-18.28.33:037][  0]LogShaderLibrary: Display: ShaderCodeLibraryPakFileMountedCallback: pending pak file info (ChunkID:-1 Root:root:/ File:C:/Program Files/Epic Games/UE_4.27/FeaturePacks/TP_VehicleBP.upack)
[2022.10.14-18.28.33:037][  0]LogPakFile: OnPakFileMounted2Time == 0.000040
[2022.10.14-18.28.33:044][  0]LogPakFile: PakFile PrimaryIndexSize=192
[2022.10.14-18.28.33:044][  0]LogPakFile: PakFile PathHashIndexSize=101
[2022.10.14-18.28.33:044][  0]LogPakFile: PakFile FullDirectoryIndexSize=158
[2022.10.14-18.28.33:044][  0]LogShaderLibrary: Display: ShaderCodeLibraryPakFileMountedCallback: PakFile 'C:/Program Files/Epic Games/UE_4.27/FeaturePacks/TP_VirtualRealityBP.upack' (chunk index -1, root 'root:/') mounted
[2022.10.14-18.28.33:044][  0]LogShaderLibrary: Display: ShaderCodeLibraryPakFileMountedCallback: pending pak file info (ChunkID:-1 Root:root:/ File:C:/Program Files/Epic Games/UE_4.27/FeaturePacks/TP_VirtualRealityBP.upack)
[2022.10.14-18.28.33:044][  0]LogPakFile: OnPakFileMounted2Time == 0.000037
[2022.10.14-18.28.33:313][  0]LogNativeClassHierarchy: Verbose: Native class hierarchy updated for 'AddContentDialog' in 0.0003 seconds. Added 0 classes and 0 folders.
[2022.10.14-18.28.33:578][  0]LogSlate: Took 0.000587 seconds to synchronously load lazily loaded font '../../../Engine/Content/Slate/Fonts/Roboto-Regular.ttf' (155K)
[2022.10.14-18.28.33:586][  0]LogSlate: Took 0.006260 seconds to synchronously load lazily loaded font '../../../Engine/Content/Editor/Slate/Fonts/FontAwesome.ttf' (139K)
[2022.10.14-18.28.33:593][  0]LogSlate: Took 0.000722 seconds to synchronously load lazily loaded font '../../../Engine/Content/Slate/Fonts/Roboto-Bold.ttf' (160K)
[2022.10.14-18.28.33:725][  0]LogRenderer: Reallocating scene render targets to support 1000x468 Format 10 NumSamples 1 (Frame:1).
[2022.10.14-18.28.33:929][  0]LogSlate: Took 0.005872 seconds to synchronously load lazily loaded font '../../../Engine/Content/Slate/Fonts/Roboto-Light.ttf' (167K)
[2022.10.14-18.28.33:990][  0]LogNativeClassHierarchy: Verbose: Native class hierarchy updated for 'HierarchicalLODOutliner' in 0.0003 seconds. Added 0 classes and 0 folders.
[2022.10.14-18.28.33:990][  0]LogLoad: (Engine Initialization) Total time: 15.11 seconds
[2022.10.14-18.28.33:990][  0]LogLoad: (Engine Initialization) Total Blueprint compile time: 0.00 seconds
[2022.10.14-18.28.34:146][  0]LogContentStreaming: Texture pool size now 1000 MB
[2022.10.14-18.28.34:189][  1]LogAssetRegistry: Asset discovery search completed in 8.0426 seconds
[2022.10.14-18.28.34:203][  1]LogCollectionManager: Fixed up redirectors for 0 collections in 0.000007 seconds (updated 0 objects)
[2022.10.14-18.28.35:522][  5]LogSlate: Took 0.000212 seconds to synchronously load lazily loaded font '../../../Engine/Content/Slate/Fonts/Roboto-Light.ttf' (167K)
[2022.10.14-18.28.56:693][ 79]LogUObjectHash: Compacting FUObjectHashTables data took   1.40ms
[2022.10.14-18.28.57:544][ 79]LogSlate: Window 'Delete Assets' being destroyed
[2022.10.14-18.28.57:808][ 79]LogUObjectHash: Compacting FUObjectHashTables data took   0.58ms
[2022.10.14-18.28.57:852][ 79]LogUObjectHash: Compacting FUObjectHashTables data took   0.55ms
[2022.10.14-18.28.57:859][ 79]LogUObjectHash: Compacting FUObjectHashTables data took   0.28ms
[2022.10.14-18.29.03:271][131]LogSlate: Took 0.015244 seconds to synchronously load lazily loaded font '../../../Engine/Content/Slate/Fonts/DroidSansFallback.ttf' (3848K)
[2022.10.14-18.29.11:470][262]LogUObjectHash: Compacting FUObjectHashTables data took   0.43ms
[2022.10.14-18.29.12:659][262]LogSlate: Window 'Delete Assets' being destroyed
[2022.10.14-18.29.12:857][262]LogUObjectHash: Compacting FUObjectHashTables data took   0.85ms
[2022.10.14-18.29.12:864][262]LogUObjectHash: Compacting FUObjectHashTables data took   0.38ms
[2022.10.14-18.29.12:870][262]LogUObjectHash: Compacting FUObjectHashTables data took   0.32ms
[2022.10.14-18.29.12:874][262]LogUObjectHash: Compacting FUObjectHashTables data took   0.38ms
[2022.10.14-18.29.12:881][262]LogUObjectHash: Compacting FUObjectHashTables data took   0.28ms
[2022.10.14-18.29.12:886][262]LogUObjectHash: Compacting FUObjectHashTables data took   0.27ms
[2022.10.14-18.29.12:890][262]LogUObjectHash: Compacting FUObjectHashTables data took   0.29ms
[2022.10.14-18.29.12:897][262]LogUObjectHash: Compacting FUObjectHashTables data took   0.37ms
[2022.10.14-18.29.12:903][262]LogUObjectHash: Compacting FUObjectHashTables data took   0.37ms
[2022.10.14-18.29.12:908][262]LogUObjectHash: Compacting FUObjectHashTables data took   0.26ms
[2022.10.14-18.29.12:914][262]LogUObjectHash: Compacting FUObjectHashTables data took   0.30ms
[2022.10.14-18.29.12:919][262]LogUObjectHash: Compacting FUObjectHashTables data took   0.35ms
[2022.10.14-18.29.12:925][262]LogUObjectHash: Compacting FUObjectHashTables data took   0.26ms
[2022.10.14-18.29.12:938][262]LogUObjectHash: Compacting FUObjectHashTables data took   0.43ms
[2022.10.14-18.29.12:944][262]LogUObjectHash: Compacting FUObjectHashTables data took   0.36ms
